{"/Users/henoclaptop/Desktop/PI/bugbusters/frontend/src/components/common/AddEditRoomModal.jsx": {"path":"/Users/henoclaptop/Desktop/PI/bugbusters/frontend/src/components/common/AddEditRoomModal.jsx","statementMap":{"0":{"start":{"line":7,"column":22},"end":{"line":7,"column":45}},"1":{"start":{"line":22,"column":36},"end":{"line":22,"column":51}},"2":{"start":{"line":23,"column":42},"end":{"line":23,"column":54}},"3":{"start":{"line":24,"column":69},"end":{"line":24,"column":98}},"4":{"start":{"line":25,"column":52},"end":{"line":25,"column":67}},"5":{"start":{"line":26,"column":52},"end":{"line":26,"column":67}},"6":{"start":{"line":27,"column":36},"end":{"line":27,"column":50}},"7":{"start":{"line":28,"column":46},"end":{"line":28,"column":58}},"8":{"start":{"line":29,"column":62},"end":{"line":29,"column":77}},"9":{"start":{"line":30,"column":64},"end":{"line":30,"column":76}},"10":{"start":{"line":31,"column":50},"end":{"line":31,"column":62}},"11":{"start":{"line":32,"column":53},"end":{"line":32,"column":68}},"12":{"start":{"line":33,"column":30},"end":{"line":33,"column":41}},"13":{"start":{"line":36,"column":0},"end":{"line":57,"column":16}},"14":{"start":{"line":37,"column":2},"end":{"line":56,"column":3}},"15":{"start":{"line":38,"column":4},"end":{"line":55,"column":67}},"16":{"start":{"line":39,"column":19},"end":{"line":39,"column":29}},"17":{"start":{"line":41,"column":8},"end":{"line":41,"column":31}},"18":{"start":{"line":42,"column":23},"end":{"line":42,"column":69}},"19":{"start":{"line":43,"column":29},"end":{"line":43,"column":66}},"20":{"start":{"line":43,"column":48},"end":{"line":43,"column":65}},"21":{"start":{"line":44,"column":32},"end":{"line":44,"column":71}},"22":{"start":{"line":44,"column":53},"end":{"line":44,"column":70}},"23":{"start":{"line":46,"column":8},"end":{"line":51,"column":9}},"24":{"start":{"line":47,"column":10},"end":{"line":47,"column":49}},"25":{"start":{"line":48,"column":10},"end":{"line":48,"column":37}},"26":{"start":{"line":50,"column":10},"end":{"line":50,"column":34}},"27":{"start":{"line":53,"column":8},"end":{"line":53,"column":52}},"28":{"start":{"line":55,"column":20},"end":{"line":55,"column":65}},"29":{"start":{"line":62,"column":28},"end":{"line":68,"column":3}},"30":{"start":{"line":63,"column":17},"end":{"line":63,"column":34}},"31":{"start":{"line":64,"column":4},"end":{"line":67,"column":5}},"32":{"start":{"line":65,"column":6},"end":{"line":65,"column":25}},"33":{"start":{"line":66,"column":6},"end":{"line":66,"column":37}},"34":{"start":{"line":70,"column":33},"end":{"line":91,"column":1}},"35":{"start":{"line":71,"column":2},"end":{"line":71,"column":67}},"36":{"start":{"line":72,"column":2},"end":{"line":90,"column":3}},"37":{"start":{"line":73,"column":4},"end":{"line":73,"column":23}},"38":{"start":{"line":74,"column":4},"end":{"line":74,"column":28}},"39":{"start":{"line":75,"column":9},"end":{"line":90,"column":3}},"40":{"start":{"line":76,"column":4},"end":{"line":89,"column":5}},"41":{"start":{"line":77,"column":18},"end":{"line":77,"column":104}},"42":{"start":{"line":78,"column":6},"end":{"line":84,"column":7}},"43":{"start":{"line":79,"column":8},"end":{"line":79,"column":32}},"44":{"start":{"line":80,"column":8},"end":{"line":80,"column":27}},"45":{"start":{"line":81,"column":8},"end":{"line":81,"column":28}},"46":{"start":{"line":83,"column":8},"end":{"line":83,"column":67}},"47":{"start":{"line":86,"column":6},"end":{"line":86,"column":25}},"48":{"start":{"line":87,"column":6},"end":{"line":87,"column":63}},"49":{"start":{"line":88,"column":6},"end":{"line":88,"column":25}},"50":{"start":{"line":95,"column":37},"end":{"line":112,"column":3}},"51":{"start":{"line":97,"column":4},"end":{"line":111,"column":5}},"52":{"start":{"line":98,"column":18},"end":{"line":100,"column":8}},"53":{"start":{"line":101,"column":6},"end":{"line":106,"column":7}},"54":{"start":{"line":102,"column":9},"end":{"line":102,"column":84}},"55":{"start":{"line":102,"column":44},"end":{"line":102,"column":82}},"56":{"start":{"line":102,"column":63},"end":{"line":102,"column":81}},"57":{"start":{"line":105,"column":8},"end":{"line":105,"column":47}},"58":{"start":{"line":108,"column":6},"end":{"line":108,"column":25}},"59":{"start":{"line":109,"column":6},"end":{"line":109,"column":61}},"60":{"start":{"line":110,"column":6},"end":{"line":110,"column":25}},"61":{"start":{"line":114,"column":19},"end":{"line":196,"column":3}},"62":{"start":{"line":115,"column":29},"end":{"line":115,"column":46}},"63":{"start":{"line":118,"column":4},"end":{"line":139,"column":5}},"64":{"start":{"line":119,"column":23},"end":{"line":119,"column":37}},"65":{"start":{"line":120,"column":6},"end":{"line":120,"column":42}},"66":{"start":{"line":122,"column":6},"end":{"line":138,"column":7}},"67":{"start":{"line":123,"column":20},"end":{"line":126,"column":10}},"68":{"start":{"line":128,"column":8},"end":{"line":128,"column":65}},"69":{"start":{"line":128,"column":21},"end":{"line":128,"column":65}},"70":{"start":{"line":130,"column":26},"end":{"line":130,"column":42}},"71":{"start":{"line":131,"column":8},"end":{"line":131,"column":49}},"72":{"start":{"line":132,"column":8},"end":{"line":132,"column":40}},"73":{"start":{"line":134,"column":8},"end":{"line":134,"column":55}},"74":{"start":{"line":135,"column":8},"end":{"line":135,"column":49}},"75":{"start":{"line":136,"column":8},"end":{"line":136,"column":27}},"76":{"start":{"line":137,"column":8},"end":{"line":137,"column":15}},"77":{"start":{"line":141,"column":23},"end":{"line":150,"column":5}},"78":{"start":{"line":152,"column":4},"end":{"line":193,"column":5}},"79":{"start":{"line":153,"column":18},"end":{"line":157,"column":8}},"80":{"start":{"line":159,"column":6},"end":{"line":164,"column":7}},"81":{"start":{"line":160,"column":26},"end":{"line":160,"column":42}},"82":{"start":{"line":161,"column":8},"end":{"line":161,"column":73}},"83":{"start":{"line":162,"column":8},"end":{"line":162,"column":27}},"84":{"start":{"line":163,"column":8},"end":{"line":163,"column":15}},"85":{"start":{"line":166,"column":27},"end":{"line":166,"column":43}},"86":{"start":{"line":167,"column":21},"end":{"line":167,"column":46}},"87":{"start":{"line":170,"column":6},"end":{"line":185,"column":7}},"88":{"start":{"line":171,"column":8},"end":{"line":184,"column":9}},"89":{"start":{"line":172,"column":27},"end":{"line":172,"column":41}},"90":{"start":{"line":173,"column":10},"end":{"line":173,"column":41}},"91":{"start":{"line":174,"column":10},"end":{"line":174,"column":44}},"92":{"start":{"line":176,"column":10},"end":{"line":183,"column":11}},"93":{"start":{"line":177,"column":12},"end":{"line":180,"column":15}},"94":{"start":{"line":182,"column":12},"end":{"line":182,"column":68}},"95":{"start":{"line":187,"column":6},"end":{"line":187,"column":55}},"96":{"start":{"line":187,"column":43},"end":{"line":187,"column":55}},"97":{"start":{"line":190,"column":6},"end":{"line":190,"column":55}},"98":{"start":{"line":191,"column":6},"end":{"line":191,"column":61}},"99":{"start":{"line":192,"column":6},"end":{"line":192,"column":25}},"100":{"start":{"line":195,"column":4},"end":{"line":195,"column":14}},"101":{"start":{"line":198,"column":22},"end":{"line":200,"column":3}},"102":{"start":{"line":199,"column":4},"end":{"line":199,"column":14}},"103":{"start":{"line":203,"column":2},"end":{"line":368,"column":4}},"104":{"start":{"line":206,"column":93},"end":{"line":206,"column":120}},"105":{"start":{"line":209,"column":96},"end":{"line":209,"column":123}},"106":{"start":{"line":212,"column":93},"end":{"line":212,"column":125}},"107":{"start":{"line":215,"column":82},"end":{"line":215,"column":101}},"108":{"start":{"line":220,"column":62},"end":{"line":220,"column":81}},"109":{"start":{"line":259,"column":38},"end":{"line":259,"column":70}},"110":{"start":{"line":260,"column":20},"end":{"line":260,"column":95}},"111":{"start":{"line":260,"column":39},"end":{"line":260,"column":95}},"112":{"start":{"line":261,"column":20},"end":{"line":261,"column":96}},"113":{"start":{"line":261,"column":40},"end":{"line":261,"column":96}},"114":{"start":{"line":262,"column":20},"end":{"line":262,"column":32}},"115":{"start":{"line":271,"column":33},"end":{"line":271,"column":68}},"116":{"start":{"line":303,"column":35},"end":{"line":303,"column":61}},"117":{"start":{"line":304,"column":18},"end":{"line":304,"column":78}},"118":{"start":{"line":304,"column":49},"end":{"line":304,"column":76}},"119":{"start":{"line":313,"column":22},"end":{"line":324,"column":27}},"120":{"start":{"line":319,"column":28},"end":{"line":319,"column":88}},"121":{"start":{"line":319,"column":54},"end":{"line":319,"column":86}},"122":{"start":{"line":319,"column":76},"end":{"line":319,"column":85}},"123":{"start":{"line":335,"column":37},"end":{"line":335,"column":54}},"124":{"start":{"line":337,"column":24},"end":{"line":353,"column":29}},"125":{"start":{"line":343,"column":30},"end":{"line":347,"column":31}},"126":{"start":{"line":344,"column":32},"end":{"line":344,"column":67}},"127":{"start":{"line":346,"column":32},"end":{"line":346,"column":74}}},"fnMap":{"0":{"name":"AddEditRoomModal","decl":{"start":{"line":9,"column":9},"end":{"line":9,"column":25}},"loc":{"start":{"line":21,"column":3},"end":{"line":369,"column":1}},"line":21},"1":{"name":"(anonymous_1)","decl":{"start":{"line":36,"column":10},"end":{"line":36,"column":11}},"loc":{"start":{"line":36,"column":16},"end":{"line":57,"column":1}},"line":36},"2":{"name":"(anonymous_2)","decl":{"start":{"line":39,"column":12},"end":{"line":39,"column":13}},"loc":{"start":{"line":39,"column":19},"end":{"line":39,"column":29}},"line":39},"3":{"name":"(anonymous_3)","decl":{"start":{"line":40,"column":12},"end":{"line":40,"column":13}},"loc":{"start":{"line":40,"column":20},"end":{"line":54,"column":7}},"line":40},"4":{"name":"(anonymous_4)","decl":{"start":{"line":43,"column":41},"end":{"line":43,"column":42}},"loc":{"start":{"line":43,"column":48},"end":{"line":43,"column":65}},"line":43},"5":{"name":"(anonymous_5)","decl":{"start":{"line":44,"column":46},"end":{"line":44,"column":47}},"loc":{"start":{"line":44,"column":53},"end":{"line":44,"column":70}},"line":44},"6":{"name":"(anonymous_6)","decl":{"start":{"line":55,"column":13},"end":{"line":55,"column":14}},"loc":{"start":{"line":55,"column":20},"end":{"line":55,"column":65}},"line":55},"7":{"name":"(anonymous_7)","decl":{"start":{"line":62,"column":28},"end":{"line":62,"column":29}},"loc":{"start":{"line":62,"column":35},"end":{"line":68,"column":3}},"line":62},"8":{"name":"(anonymous_8)","decl":{"start":{"line":70,"column":33},"end":{"line":70,"column":34}},"loc":{"start":{"line":70,"column":45},"end":{"line":91,"column":1}},"line":70},"9":{"name":"(anonymous_9)","decl":{"start":{"line":95,"column":37},"end":{"line":95,"column":38}},"loc":{"start":{"line":95,"column":56},"end":{"line":112,"column":3}},"line":95},"10":{"name":"(anonymous_10)","decl":{"start":{"line":102,"column":36},"end":{"line":102,"column":37}},"loc":{"start":{"line":102,"column":44},"end":{"line":102,"column":82}},"line":102},"11":{"name":"(anonymous_11)","decl":{"start":{"line":102,"column":56},"end":{"line":102,"column":57}},"loc":{"start":{"line":102,"column":63},"end":{"line":102,"column":81}},"line":102},"12":{"name":"(anonymous_12)","decl":{"start":{"line":114,"column":19},"end":{"line":114,"column":20}},"loc":{"start":{"line":114,"column":35},"end":{"line":196,"column":3}},"line":114},"13":{"name":"(anonymous_13)","decl":{"start":{"line":198,"column":22},"end":{"line":198,"column":23}},"loc":{"start":{"line":198,"column":28},"end":{"line":200,"column":3}},"line":198},"14":{"name":"(anonymous_14)","decl":{"start":{"line":206,"column":87},"end":{"line":206,"column":88}},"loc":{"start":{"line":206,"column":93},"end":{"line":206,"column":120}},"line":206},"15":{"name":"(anonymous_15)","decl":{"start":{"line":209,"column":90},"end":{"line":209,"column":91}},"loc":{"start":{"line":209,"column":96},"end":{"line":209,"column":123}},"line":209},"16":{"name":"(anonymous_16)","decl":{"start":{"line":212,"column":87},"end":{"line":212,"column":88}},"loc":{"start":{"line":212,"column":93},"end":{"line":212,"column":125}},"line":212},"17":{"name":"(anonymous_17)","decl":{"start":{"line":215,"column":76},"end":{"line":215,"column":77}},"loc":{"start":{"line":215,"column":82},"end":{"line":215,"column":101}},"line":215},"18":{"name":"(anonymous_18)","decl":{"start":{"line":220,"column":55},"end":{"line":220,"column":56}},"loc":{"start":{"line":220,"column":62},"end":{"line":220,"column":81}},"line":220},"19":{"name":"(anonymous_19)","decl":{"start":{"line":258,"column":31},"end":{"line":258,"column":32}},"loc":{"start":{"line":258,"column":42},"end":{"line":263,"column":19}},"line":258},"20":{"name":"(anonymous_20)","decl":{"start":{"line":271,"column":26},"end":{"line":271,"column":27}},"loc":{"start":{"line":271,"column":33},"end":{"line":271,"column":68}},"line":271},"21":{"name":"(anonymous_21)","decl":{"start":{"line":302,"column":26},"end":{"line":302,"column":27}},"loc":{"start":{"line":302,"column":33},"end":{"line":305,"column":17}},"line":302},"22":{"name":"(anonymous_22)","decl":{"start":{"line":304,"column":36},"end":{"line":304,"column":37}},"loc":{"start":{"line":304,"column":49},"end":{"line":304,"column":76}},"line":304},"23":{"name":"(anonymous_23)","decl":{"start":{"line":312,"column":40},"end":{"line":312,"column":41}},"loc":{"start":{"line":313,"column":22},"end":{"line":324,"column":27}},"line":313},"24":{"name":"(anonymous_24)","decl":{"start":{"line":318,"column":35},"end":{"line":318,"column":36}},"loc":{"start":{"line":318,"column":41},"end":{"line":320,"column":27}},"line":318},"25":{"name":"(anonymous_25)","decl":{"start":{"line":319,"column":46},"end":{"line":319,"column":47}},"loc":{"start":{"line":319,"column":54},"end":{"line":319,"column":86}},"line":319},"26":{"name":"(anonymous_26)","decl":{"start":{"line":319,"column":66},"end":{"line":319,"column":67}},"loc":{"start":{"line":319,"column":76},"end":{"line":319,"column":85}},"line":319},"27":{"name":"(anonymous_27)","decl":{"start":{"line":335,"column":30},"end":{"line":335,"column":31}},"loc":{"start":{"line":335,"column":37},"end":{"line":335,"column":54}},"line":335},"28":{"name":"(anonymous_28)","decl":{"start":{"line":336,"column":27},"end":{"line":336,"column":28}},"loc":{"start":{"line":337,"column":24},"end":{"line":353,"column":29}},"line":337},"29":{"name":"(anonymous_29)","decl":{"start":{"line":342,"column":37},"end":{"line":342,"column":38}},"loc":{"start":{"line":342,"column":43},"end":{"line":348,"column":29}},"line":342}},"branchMap":{"0":{"loc":{"start":{"line":13,"column":2},"end":{"line":13,"column":9}},"type":"default-arg","locations":[{"start":{"line":13,"column":7},"end":{"line":13,"column":9}}],"line":13},"1":{"loc":{"start":{"line":14,"column":2},"end":{"line":14,"column":33}},"type":"default-arg","locations":[{"start":{"line":14,"column":9},"end":{"line":14,"column":33}}],"line":14},"2":{"loc":{"start":{"line":15,"column":2},"end":{"line":15,"column":36}},"type":"default-arg","locations":[{"start":{"line":15,"column":9},"end":{"line":15,"column":36}}],"line":15},"3":{"loc":{"start":{"line":16,"column":2},"end":{"line":16,"column":34}},"type":"default-arg","locations":[{"start":{"line":16,"column":10},"end":{"line":16,"column":34}}],"line":16},"4":{"loc":{"start":{"line":17,"column":2},"end":{"line":17,"column":40}},"type":"default-arg","locations":[{"start":{"line":17,"column":13},"end":{"line":17,"column":40}}],"line":17},"5":{"loc":{"start":{"line":18,"column":2},"end":{"line":18,"column":45}},"type":"default-arg","locations":[{"start":{"line":18,"column":16},"end":{"line":18,"column":45}}],"line":18},"6":{"loc":{"start":{"line":19,"column":2},"end":{"line":19,"column":26}},"type":"default-arg","locations":[{"start":{"line":19,"column":22},"end":{"line":19,"column":26}}],"line":19},"7":{"loc":{"start":{"line":20,"column":2},"end":{"line":20,"column":15}},"type":"default-arg","locations":[{"start":{"line":20,"column":10},"end":{"line":20,"column":15}}],"line":20},"8":{"loc":{"start":{"line":37,"column":2},"end":{"line":56,"column":3}},"type":"if","locations":[{"start":{"line":37,"column":2},"end":{"line":56,"column":3}},{"start":{},"end":{}}],"line":37},"9":{"loc":{"start":{"line":37,"column":6},"end":{"line":37,"column":18}},"type":"binary-expr","locations":[{"start":{"line":37,"column":6},"end":{"line":37,"column":8}},{"start":{"line":37,"column":12},"end":{"line":37,"column":18}}],"line":37},"10":{"loc":{"start":{"line":42,"column":23},"end":{"line":42,"column":69}},"type":"cond-expr","locations":[{"start":{"line":42,"column":45},"end":{"line":42,"column":49}},{"start":{"line":42,"column":52},"end":{"line":42,"column":69}}],"line":42},"11":{"loc":{"start":{"line":42,"column":52},"end":{"line":42,"column":69}},"type":"binary-expr","locations":[{"start":{"line":42,"column":52},"end":{"line":42,"column":63}},{"start":{"line":42,"column":67},"end":{"line":42,"column":69}}],"line":42},"12":{"loc":{"start":{"line":46,"column":8},"end":{"line":51,"column":9}},"type":"if","locations":[{"start":{"line":46,"column":8},"end":{"line":51,"column":9}},{"start":{"line":49,"column":15},"end":{"line":51,"column":9}}],"line":46},"13":{"loc":{"start":{"line":64,"column":4},"end":{"line":67,"column":5}},"type":"if","locations":[{"start":{"line":64,"column":4},"end":{"line":67,"column":5}},{"start":{},"end":{}}],"line":64},"14":{"loc":{"start":{"line":72,"column":2},"end":{"line":90,"column":3}},"type":"if","locations":[{"start":{"line":72,"column":2},"end":{"line":90,"column":3}},{"start":{"line":75,"column":9},"end":{"line":90,"column":3}}],"line":72},"15":{"loc":{"start":{"line":75,"column":9},"end":{"line":90,"column":3}},"type":"if","locations":[{"start":{"line":75,"column":9},"end":{"line":90,"column":3}},{"start":{},"end":{}}],"line":75},"16":{"loc":{"start":{"line":78,"column":6},"end":{"line":84,"column":7}},"type":"if","locations":[{"start":{"line":78,"column":6},"end":{"line":84,"column":7}},{"start":{"line":82,"column":13},"end":{"line":84,"column":7}}],"line":78},"17":{"loc":{"start":{"line":101,"column":6},"end":{"line":106,"column":7}},"type":"if","locations":[{"start":{"line":101,"column":6},"end":{"line":106,"column":7}},{"start":{"line":104,"column":13},"end":{"line":106,"column":7}}],"line":101},"18":{"loc":{"start":{"line":118,"column":4},"end":{"line":139,"column":5}},"type":"if","locations":[{"start":{"line":118,"column":4},"end":{"line":139,"column":5}},{"start":{},"end":{}}],"line":118},"19":{"loc":{"start":{"line":128,"column":8},"end":{"line":128,"column":65}},"type":"if","locations":[{"start":{"line":128,"column":8},"end":{"line":128,"column":65}},{"start":{},"end":{}}],"line":128},"20":{"loc":{"start":{"line":142,"column":12},"end":{"line":142,"column":29}},"type":"binary-expr","locations":[{"start":{"line":142,"column":12},"end":{"line":142,"column":21}},{"start":{"line":142,"column":25},"end":{"line":142,"column":29}}],"line":142},"21":{"loc":{"start":{"line":143,"column":12},"end":{"line":143,"column":29}},"type":"binary-expr","locations":[{"start":{"line":143,"column":12},"end":{"line":143,"column":21}},{"start":{"line":143,"column":25},"end":{"line":143,"column":29}}],"line":143},"22":{"loc":{"start":{"line":144,"column":13},"end":{"line":144,"column":32}},"type":"binary-expr","locations":[{"start":{"line":144,"column":13},"end":{"line":144,"column":23}},{"start":{"line":144,"column":27},"end":{"line":144,"column":32}}],"line":144},"23":{"loc":{"start":{"line":145,"column":16},"end":{"line":145,"column":41}},"type":"binary-expr","locations":[{"start":{"line":145,"column":16},"end":{"line":145,"column":29}},{"start":{"line":145,"column":33},"end":{"line":145,"column":41}}],"line":145},"24":{"loc":{"start":{"line":146,"column":19},"end":{"line":146,"column":50}},"type":"binary-expr","locations":[{"start":{"line":146,"column":19},"end":{"line":146,"column":35}},{"start":{"line":146,"column":39},"end":{"line":146,"column":50}}],"line":146},"25":{"loc":{"start":{"line":153,"column":56},"end":{"line":153,"column":71}},"type":"cond-expr","locations":[{"start":{"line":153,"column":64},"end":{"line":153,"column":66}},{"start":{"line":153,"column":69},"end":{"line":153,"column":71}}],"line":153},"26":{"loc":{"start":{"line":154,"column":16},"end":{"line":154,"column":38}},"type":"cond-expr","locations":[{"start":{"line":154,"column":24},"end":{"line":154,"column":30}},{"start":{"line":154,"column":33},"end":{"line":154,"column":38}}],"line":154},"27":{"loc":{"start":{"line":159,"column":6},"end":{"line":164,"column":7}},"type":"if","locations":[{"start":{"line":159,"column":6},"end":{"line":164,"column":7}},{"start":{},"end":{}}],"line":159},"28":{"loc":{"start":{"line":161,"column":24},"end":{"line":161,"column":71}},"type":"binary-expr","locations":[{"start":{"line":161,"column":24},"end":{"line":161,"column":41}},{"start":{"line":161,"column":45},"end":{"line":161,"column":71}}],"line":161},"29":{"loc":{"start":{"line":167,"column":21},"end":{"line":167,"column":46}},"type":"binary-expr","locations":[{"start":{"line":167,"column":21},"end":{"line":167,"column":40}},{"start":{"line":167,"column":44},"end":{"line":167,"column":46}}],"line":167},"30":{"loc":{"start":{"line":170,"column":6},"end":{"line":185,"column":7}},"type":"if","locations":[{"start":{"line":170,"column":6},"end":{"line":185,"column":7}},{"start":{},"end":{}}],"line":170},"31":{"loc":{"start":{"line":170,"column":10},"end":{"line":170,"column":45}},"type":"binary-expr","locations":[{"start":{"line":170,"column":10},"end":{"line":170,"column":35}},{"start":{"line":170,"column":39},"end":{"line":170,"column":45}}],"line":170},"32":{"loc":{"start":{"line":187,"column":6},"end":{"line":187,"column":55}},"type":"if","locations":[{"start":{"line":187,"column":6},"end":{"line":187,"column":55}},{"start":{},"end":{}}],"line":187},"33":{"loc":{"start":{"line":205,"column":7},"end":{"line":207,"column":7}},"type":"binary-expr","locations":[{"start":{"line":205,"column":7},"end":{"line":205,"column":24}},{"start":{"line":206,"column":8},"end":{"line":206,"column":160}}],"line":205},"34":{"loc":{"start":{"line":208,"column":7},"end":{"line":210,"column":7}},"type":"binary-expr","locations":[{"start":{"line":208,"column":7},"end":{"line":208,"column":24}},{"start":{"line":209,"column":8},"end":{"line":209,"column":163}}],"line":208},"35":{"loc":{"start":{"line":211,"column":7},"end":{"line":213,"column":7}},"type":"binary-expr","locations":[{"start":{"line":211,"column":7},"end":{"line":211,"column":29}},{"start":{"line":212,"column":8},"end":{"line":212,"column":165}}],"line":211},"36":{"loc":{"start":{"line":214,"column":7},"end":{"line":216,"column":7}},"type":"binary-expr","locations":[{"start":{"line":214,"column":7},"end":{"line":214,"column":16}},{"start":{"line":215,"column":8},"end":{"line":215,"column":123}}],"line":214},"37":{"loc":{"start":{"line":218,"column":7},"end":{"line":366,"column":7}},"type":"binary-expr","locations":[{"start":{"line":218,"column":7},"end":{"line":218,"column":18}},{"start":{"line":219,"column":8},"end":{"line":365,"column":14}}],"line":218},"38":{"loc":{"start":{"line":222,"column":18},"end":{"line":222,"column":56}},"type":"cond-expr","locations":[{"start":{"line":222,"column":26},"end":{"line":222,"column":40}},{"start":{"line":222,"column":43},"end":{"line":222,"column":56}}],"line":222},"39":{"loc":{"start":{"line":226,"column":103},"end":{"line":226,"column":138}},"type":"binary-expr","locations":[{"start":{"line":226,"column":103},"end":{"line":226,"column":108}},{"start":{"line":226,"column":112},"end":{"line":226,"column":138}}],"line":226},"40":{"loc":{"start":{"line":227,"column":15},"end":{"line":227,"column":82}},"type":"binary-expr","locations":[{"start":{"line":227,"column":15},"end":{"line":227,"column":26}},{"start":{"line":227,"column":30},"end":{"line":227,"column":82}}],"line":227},"41":{"loc":{"start":{"line":238,"column":28},"end":{"line":238,"column":55}},"type":"binary-expr","locations":[{"start":{"line":238,"column":28},"end":{"line":238,"column":33}},{"start":{"line":238,"column":37},"end":{"line":238,"column":55}}],"line":238},"42":{"loc":{"start":{"line":242,"column":15},"end":{"line":242,"column":84}},"type":"binary-expr","locations":[{"start":{"line":242,"column":15},"end":{"line":242,"column":27}},{"start":{"line":242,"column":31},"end":{"line":242,"column":84}}],"line":242},"43":{"loc":{"start":{"line":250,"column":28},"end":{"line":250,"column":58}},"type":"binary-expr","locations":[{"start":{"line":250,"column":28},"end":{"line":250,"column":33}},{"start":{"line":250,"column":37},"end":{"line":250,"column":58}}],"line":250},"44":{"loc":{"start":{"line":254,"column":15},"end":{"line":254,"column":90}},"type":"binary-expr","locations":[{"start":{"line":254,"column":15},"end":{"line":254,"column":30}},{"start":{"line":254,"column":34},"end":{"line":254,"column":90}}],"line":254},"45":{"loc":{"start":{"line":257,"column":120},"end":{"line":257,"column":152}},"type":"binary-expr","locations":[{"start":{"line":257,"column":120},"end":{"line":257,"column":125}},{"start":{"line":257,"column":129},"end":{"line":257,"column":152}}],"line":257},"46":{"loc":{"start":{"line":260,"column":20},"end":{"line":260,"column":95}},"type":"if","locations":[{"start":{"line":260,"column":20},"end":{"line":260,"column":95}},{"start":{},"end":{}}],"line":260},"47":{"loc":{"start":{"line":261,"column":20},"end":{"line":261,"column":96}},"type":"if","locations":[{"start":{"line":261,"column":20},"end":{"line":261,"column":96}},{"start":{},"end":{}}],"line":261},"48":{"loc":{"start":{"line":265,"column":15},"end":{"line":265,"column":96}},"type":"binary-expr","locations":[{"start":{"line":265,"column":15},"end":{"line":265,"column":33}},{"start":{"line":265,"column":37},"end":{"line":265,"column":96}}],"line":265},"49":{"loc":{"start":{"line":271,"column":43},"end":{"line":271,"column":67}},"type":"cond-expr","locations":[{"start":{"line":271,"column":62},"end":{"line":271,"column":63}},{"start":{"line":271,"column":66},"end":{"line":271,"column":67}}],"line":271},"50":{"loc":{"start":{"line":281,"column":15},"end":{"line":292,"column":15}},"type":"binary-expr","locations":[{"start":{"line":281,"column":15},"end":{"line":281,"column":31}},{"start":{"line":282,"column":16},"end":{"line":291,"column":22}}],"line":281},"51":{"loc":{"start":{"line":308,"column":15},"end":{"line":328,"column":15}},"type":"binary-expr","locations":[{"start":{"line":308,"column":15},"end":{"line":308,"column":40}},{"start":{"line":309,"column":16},"end":{"line":327,"column":22}}],"line":308},"52":{"loc":{"start":{"line":330,"column":15},"end":{"line":357,"column":15}},"type":"binary-expr","locations":[{"start":{"line":330,"column":15},"end":{"line":330,"column":49}},{"start":{"line":331,"column":16},"end":{"line":356,"column":22}}],"line":330},"53":{"loc":{"start":{"line":343,"column":30},"end":{"line":347,"column":31}},"type":"if","locations":[{"start":{"line":343,"column":30},"end":{"line":347,"column":31}},{"start":{"line":345,"column":37},"end":{"line":347,"column":31}}],"line":343},"54":{"loc":{"start":{"line":343,"column":34},"end":{"line":343,"column":61}},"type":"binary-expr","locations":[{"start":{"line":343,"column":34},"end":{"line":343,"column":40}},{"start":{"line":343,"column":44},"end":{"line":343,"column":61}}],"line":343},"55":{"loc":{"start":{"line":360,"column":84},"end":{"line":360,"column":107}},"type":"cond-expr","locations":[{"start":{"line":360,"column":94},"end":{"line":360,"column":102}},{"start":{"line":360,"column":105},"end":{"line":360,"column":107}}],"line":360},"56":{"loc":{"start":{"line":360,"column":112},"end":{"line":360,"column":143}},"type":"cond-expr","locations":[{"start":{"line":360,"column":120},"end":{"line":360,"column":131}},{"start":{"line":360,"column":134},"end":{"line":360,"column":143}}],"line":360}},"s":{"0":1,"1":6,"2":6,"3":6,"4":6,"5":6,"6":6,"7":6,"8":6,"9":6,"10":6,"11":6,"12":6,"13":6,"14":3,"15":0,"16":0,"17":0,"18":0,"19":0,"20":0,"21":0,"22":0,"23":0,"24":0,"25":0,"26":0,"27":0,"28":0,"29":6,"30":0,"31":0,"32":0,"33":0,"34":6,"35":0,"36":0,"37":0,"38":0,"39":0,"40":0,"41":0,"42":0,"43":0,"44":0,"45":0,"46":0,"47":0,"48":0,"49":0,"50":6,"51":0,"52":0,"53":0,"54":0,"55":0,"56":0,"57":0,"58":0,"59":0,"60":0,"61":6,"62":0,"63":0,"64":0,"65":0,"66":0,"67":0,"68":0,"69":0,"70":0,"71":0,"72":0,"73":0,"74":0,"75":0,"76":0,"77":0,"78":0,"79":0,"80":0,"81":0,"82":0,"83":0,"84":0,"85":0,"86":0,"87":0,"88":0,"89":0,"90":0,"91":0,"92":0,"93":0,"94":0,"95":0,"96":0,"97":0,"98":0,"99":0,"100":0,"101":6,"102":1,"103":6,"104":0,"105":0,"106":0,"107":0,"108":2,"109":0,"110":0,"111":0,"112":0,"113":0,"114":0,"115":0,"116":0,"117":0,"118":0,"119":0,"120":0,"121":0,"122":0,"123":0,"124":0,"125":0,"126":0,"127":0},"f":{"0":6,"1":3,"2":0,"3":0,"4":0,"5":0,"6":0,"7":0,"8":0,"9":0,"10":0,"11":0,"12":0,"13":1,"14":0,"15":0,"16":0,"17":0,"18":2,"19":0,"20":0,"21":0,"22":0,"23":0,"24":0,"25":0,"26":0,"27":0,"28":0,"29":0},"b":{"0":[6],"1":[6],"2":[6],"3":[6],"4":[6],"5":[6],"6":[6],"7":[0],"8":[0,3],"9":[3,0],"10":[0,0],"11":[0,0],"12":[0,0],"13":[0,0],"14":[0,0],"15":[0,0],"16":[0,0],"17":[0,0],"18":[0,0],"19":[0,0],"20":[0,0],"21":[0,0],"22":[0,0],"23":[0,0],"24":[0,0],"25":[0,0],"26":[0,0],"27":[0,0],"28":[0,0],"29":[0,0],"30":[0,0],"31":[0,0],"32":[0,0],"33":[6,0],"34":[6,0],"35":[6,0],"36":[6,0],"37":[6,6],"38":[6,0],"39":[6,6],"40":[6,0],"41":[6,6],"42":[6,0],"43":[6,6],"44":[6,0],"45":[6,6],"46":[0,0],"47":[0,0],"48":[6,0],"49":[0,0],"50":[6,0],"51":[6,0],"52":[6,0],"53":[0,0],"54":[0,0],"55":[0,6],"56":[6,0]},"_coverageSchema":"1a1c01bbd47fc00a2c39e90264f33305004495a9","hash":"100fd6d2881a2a802d9188cef76cfbdb4c163e47"}
,"/Users/henoclaptop/Desktop/PI/bugbusters/frontend/src/components/common/AlertMessage.jsx": {"path":"/Users/henoclaptop/Desktop/PI/bugbusters/frontend/src/components/common/AlertMessage.jsx","statementMap":{"0":{"start":{"line":4,"column":21},"end":{"line":20,"column":1}},"1":{"start":{"line":5,"column":2},"end":{"line":10,"column":35}},"2":{"start":{"line":6,"column":4},"end":{"line":9,"column":5}},"3":{"start":{"line":7,"column":20},"end":{"line":7,"column":49}},"4":{"start":{"line":8,"column":6},"end":{"line":8,"column":39}},"5":{"start":{"line":8,"column":19},"end":{"line":8,"column":38}},"6":{"start":{"line":12,"column":2},"end":{"line":12,"column":28}},"7":{"start":{"line":12,"column":16},"end":{"line":12,"column":28}},"8":{"start":{"line":14,"column":2},"end":{"line":19,"column":4}}},"fnMap":{"0":{"name":"(anonymous_0)","decl":{"start":{"line":4,"column":21},"end":{"line":4,"column":22}},"loc":{"start":{"line":4,"column":96},"end":{"line":20,"column":1}},"line":4},"1":{"name":"(anonymous_1)","decl":{"start":{"line":5,"column":12},"end":{"line":5,"column":13}},"loc":{"start":{"line":5,"column":18},"end":{"line":10,"column":3}},"line":5},"2":{"name":"(anonymous_2)","decl":{"start":{"line":8,"column":13},"end":{"line":8,"column":14}},"loc":{"start":{"line":8,"column":19},"end":{"line":8,"column":38}},"line":8}},"branchMap":{"0":{"loc":{"start":{"line":4,"column":33},"end":{"line":4,"column":46}},"type":"default-arg","locations":[{"start":{"line":4,"column":40},"end":{"line":4,"column":46}}],"line":4},"1":{"loc":{"start":{"line":4,"column":58},"end":{"line":4,"column":72}},"type":"default-arg","locations":[{"start":{"line":4,"column":70},"end":{"line":4,"column":72}}],"line":4},"2":{"loc":{"start":{"line":4,"column":74},"end":{"line":4,"column":89}},"type":"default-arg","locations":[{"start":{"line":4,"column":85},"end":{"line":4,"column":89}}],"line":4},"3":{"loc":{"start":{"line":6,"column":4},"end":{"line":9,"column":5}},"type":"if","locations":[{"start":{"line":6,"column":4},"end":{"line":9,"column":5}},{"start":{},"end":{}}],"line":6},"4":{"loc":{"start":{"line":6,"column":8},"end":{"line":6,"column":26}},"type":"binary-expr","locations":[{"start":{"line":6,"column":8},"end":{"line":6,"column":15}},{"start":{"line":6,"column":19},"end":{"line":6,"column":26}}],"line":6},"5":{"loc":{"start":{"line":12,"column":2},"end":{"line":12,"column":28}},"type":"if","locations":[{"start":{"line":12,"column":2},"end":{"line":12,"column":28}},{"start":{},"end":{}}],"line":12}},"s":{"0":2,"1":0,"2":0,"3":0,"4":0,"5":0,"6":0,"7":0,"8":0},"f":{"0":0,"1":0,"2":0},"b":{"0":[0],"1":[0],"2":[0],"3":[0,0],"4":[0,0],"5":[0,0]},"_coverageSchema":"1a1c01bbd47fc00a2c39e90264f33305004495a9","hash":"78fbee5db6e0c4cafecf1709edf38a82d3e42dec"}
,"/Users/henoclaptop/Desktop/PI/bugbusters/frontend/src/components/common/Auth.jsx": {"path":"/Users/henoclaptop/Desktop/PI/bugbusters/frontend/src/components/common/Auth.jsx","statementMap":{"0":{"start":{"line":5,"column":13},"end":{"line":18,"column":1}},"1":{"start":{"line":6,"column":2},"end":{"line":17,"column":4}}},"fnMap":{"0":{"name":"(anonymous_0)","decl":{"start":{"line":5,"column":13},"end":{"line":5,"column":14}},"loc":{"start":{"line":5,"column":38},"end":{"line":18,"column":1}},"line":5}},"branchMap":{},"s":{"0":1,"1":1},"f":{"0":1},"b":{},"_coverageSchema":"1a1c01bbd47fc00a2c39e90264f33305004495a9","hash":"5088e0326bd4102182853ac06f8dc64fffcd4d4e"}
,"/Users/henoclaptop/Desktop/PI/bugbusters/frontend/src/components/common/CompactMenu.jsx": {"path":"/Users/henoclaptop/Desktop/PI/bugbusters/frontend/src/components/common/CompactMenu.jsx","statementMap":{"0":{"start":{"line":6,"column":22},"end":{"line":6,"column":45}},"1":{"start":{"line":8,"column":20},"end":{"line":37,"column":1}},"2":{"start":{"line":13,"column":2},"end":{"line":36,"column":4}},"3":{"start":{"line":39,"column":0},"end":{"line":44,"column":2}}},"fnMap":{"0":{"name":"(anonymous_0)","decl":{"start":{"line":8,"column":20},"end":{"line":8,"column":21}},"loc":{"start":{"line":10,"column":55},"end":{"line":37,"column":1}},"line":10}},"branchMap":{"0":{"loc":{"start":{"line":8,"column":29},"end":{"line":8,"column":46}},"type":"default-arg","locations":[{"start":{"line":8,"column":41},"end":{"line":8,"column":46}}],"line":8},"1":{"loc":{"start":{"line":8,"column":48},"end":{"line":8,"column":66}},"type":"default-arg","locations":[{"start":{"line":8,"column":61},"end":{"line":8,"column":66}}],"line":8},"2":{"loc":{"start":{"line":8,"column":68},"end":{"line":8,"column":81}},"type":"default-arg","locations":[{"start":{"line":8,"column":76},"end":{"line":8,"column":81}}],"line":8},"3":{"loc":{"start":{"line":8,"column":83},"end":{"line":8,"column":95}},"type":"default-arg","locations":[{"start":{"line":8,"column":94},"end":{"line":8,"column":95}}],"line":8},"4":{"loc":{"start":{"line":14,"column":36},"end":{"line":14,"column":72}},"type":"cond-expr","locations":[{"start":{"line":14,"column":49},"end":{"line":14,"column":67}},{"start":{"line":14,"column":70},"end":{"line":14,"column":72}}],"line":14},"5":{"loc":{"start":{"line":14,"column":76},"end":{"line":14,"column":103}},"type":"cond-expr","locations":[{"start":{"line":14,"column":84},"end":{"line":14,"column":98}},{"start":{"line":14,"column":101},"end":{"line":14,"column":103}}],"line":14},"6":{"loc":{"start":{"line":16,"column":13},"end":{"line":17,"column":73}},"type":"cond-expr","locations":[{"start":{"line":17,"column":22},"end":{"line":17,"column":59}},{"start":{"line":17,"column":61},"end":{"line":17,"column":73}}],"line":16},"7":{"loc":{"start":{"line":16,"column":13},"end":{"line":16,"column":61}},"type":"binary-expr","locations":[{"start":{"line":16,"column":13},"end":{"line":16,"column":28}},{"start":{"line":16,"column":32},"end":{"line":16,"column":61}}],"line":16},"8":{"loc":{"start":{"line":23,"column":9},"end":{"line":33,"column":9}},"type":"cond-expr","locations":[{"start":{"line":24,"column":10},"end":{"line":24,"column":66}},{"start":{"line":26,"column":10},"end":{"line":32,"column":13}}],"line":23},"9":{"loc":{"start":{"line":28,"column":15},"end":{"line":28,"column":114}},"type":"binary-expr","locations":[{"start":{"line":28,"column":15},"end":{"line":28,"column":31}},{"start":{"line":28,"column":35},"end":{"line":28,"column":114}}],"line":28}},"s":{"0":1,"1":1,"2":2,"3":1},"f":{"0":2},"b":{"0":[2],"1":[2],"2":[2],"3":[2],"4":[0,2],"5":[0,2],"6":[1,1],"7":[2,1],"8":[2,0],"9":[0,0]},"_coverageSchema":"1a1c01bbd47fc00a2c39e90264f33305004495a9","hash":"9666e8e2092d28887303d8925dfb9630caa8f11d"}
,"/Users/henoclaptop/Desktop/PI/bugbusters/frontend/src/components/common/CompactRoom.jsx": {"path":"/Users/henoclaptop/Desktop/PI/bugbusters/frontend/src/components/common/CompactRoom.jsx","statementMap":{"0":{"start":{"line":6,"column":20},"end":{"line":39,"column":1}},"1":{"start":{"line":7,"column":24},"end":{"line":7,"column":47}},"2":{"start":{"line":10,"column":20},"end":{"line":10,"column":29}},"3":{"start":{"line":11,"column":2},"end":{"line":15,"column":3}},"4":{"start":{"line":12,"column":4},"end":{"line":12,"column":31}},"5":{"start":{"line":13,"column":9},"end":{"line":15,"column":3}},"6":{"start":{"line":14,"column":4},"end":{"line":14,"column":29}},"7":{"start":{"line":17,"column":2},"end":{"line":38,"column":4}},"8":{"start":{"line":41,"column":0},"end":{"line":46,"column":2}}},"fnMap":{"0":{"name":"(anonymous_0)","decl":{"start":{"line":6,"column":20},"end":{"line":6,"column":21}},"loc":{"start":{"line":6,"column":87},"end":{"line":39,"column":1}},"line":6}},"branchMap":{"0":{"loc":{"start":{"line":6,"column":29},"end":{"line":6,"column":46}},"type":"default-arg","locations":[{"start":{"line":6,"column":41},"end":{"line":6,"column":46}}],"line":6},"1":{"loc":{"start":{"line":6,"column":48},"end":{"line":6,"column":66}},"type":"default-arg","locations":[{"start":{"line":6,"column":61},"end":{"line":6,"column":66}}],"line":6},"2":{"loc":{"start":{"line":6,"column":68},"end":{"line":6,"column":81}},"type":"default-arg","locations":[{"start":{"line":6,"column":76},"end":{"line":6,"column":81}}],"line":6},"3":{"loc":{"start":{"line":11,"column":2},"end":{"line":15,"column":3}},"type":"if","locations":[{"start":{"line":11,"column":2},"end":{"line":15,"column":3}},{"start":{"line":13,"column":9},"end":{"line":15,"column":3}}],"line":11},"4":{"loc":{"start":{"line":11,"column":6},"end":{"line":11,"column":25}},"type":"binary-expr","locations":[{"start":{"line":11,"column":6},"end":{"line":11,"column":16}},{"start":{"line":11,"column":20},"end":{"line":11,"column":25}}],"line":11},"5":{"loc":{"start":{"line":13,"column":9},"end":{"line":15,"column":3}},"type":"if","locations":[{"start":{"line":13,"column":9},"end":{"line":15,"column":3}},{"start":{},"end":{}}],"line":13},"6":{"loc":{"start":{"line":13,"column":13},"end":{"line":13,"column":33}},"type":"binary-expr","locations":[{"start":{"line":13,"column":13},"end":{"line":13,"column":23}},{"start":{"line":13,"column":27},"end":{"line":13,"column":33}}],"line":13},"7":{"loc":{"start":{"line":18,"column":36},"end":{"line":18,"column":72}},"type":"cond-expr","locations":[{"start":{"line":18,"column":49},"end":{"line":18,"column":67}},{"start":{"line":18,"column":70},"end":{"line":18,"column":72}}],"line":18},"8":{"loc":{"start":{"line":18,"column":76},"end":{"line":18,"column":103}},"type":"cond-expr","locations":[{"start":{"line":18,"column":84},"end":{"line":18,"column":98}},{"start":{"line":18,"column":101},"end":{"line":18,"column":103}}],"line":18},"9":{"loc":{"start":{"line":20,"column":13},"end":{"line":20,"column":115}},"type":"cond-expr","locations":[{"start":{"line":20,"column":64},"end":{"line":20,"column":101}},{"start":{"line":20,"column":104},"end":{"line":20,"column":115}}],"line":20},"10":{"loc":{"start":{"line":20,"column":13},"end":{"line":20,"column":61}},"type":"binary-expr","locations":[{"start":{"line":20,"column":13},"end":{"line":20,"column":28}},{"start":{"line":20,"column":32},"end":{"line":20,"column":61}}],"line":20},"11":{"loc":{"start":{"line":26,"column":9},"end":{"line":35,"column":9}},"type":"cond-expr","locations":[{"start":{"line":27,"column":10},"end":{"line":27,"column":66}},{"start":{"line":29,"column":10},"end":{"line":34,"column":19}}],"line":26},"12":{"loc":{"start":{"line":30,"column":49},"end":{"line":30,"column":86}},"type":"cond-expr","locations":[{"start":{"line":30,"column":62},"end":{"line":30,"column":81}},{"start":{"line":30,"column":84},"end":{"line":30,"column":86}}],"line":30},"13":{"loc":{"start":{"line":30,"column":89},"end":{"line":30,"column":116}},"type":"cond-expr","locations":[{"start":{"line":30,"column":97},"end":{"line":30,"column":111}},{"start":{"line":30,"column":114},"end":{"line":30,"column":116}}],"line":30}},"s":{"0":1,"1":2,"2":2,"3":2,"4":0,"5":2,"6":0,"7":2,"8":1},"f":{"0":2},"b":{"0":[2],"1":[2],"2":[2],"3":[0,2],"4":[2,0],"5":[0,2],"6":[2,0],"7":[0,2],"8":[0,2],"9":[1,1],"10":[2,1],"11":[2,0],"12":[0,0],"13":[0,0]},"_coverageSchema":"1a1c01bbd47fc00a2c39e90264f33305004495a9","hash":"957588fb96bab1874ffa5fd62aef00d612855d9e"}
,"/Users/henoclaptop/Desktop/PI/bugbusters/frontend/src/components/common/ExpandedMenu.jsx": {"path":"/Users/henoclaptop/Desktop/PI/bugbusters/frontend/src/components/common/ExpandedMenu.jsx","statementMap":{"0":{"start":{"line":5,"column":22},"end":{"line":5,"column":45}},"1":{"start":{"line":7,"column":21},"end":{"line":36,"column":1}},"2":{"start":{"line":8,"column":2},"end":{"line":35,"column":4}},"3":{"start":{"line":27,"column":14},"end":{"line":27,"column":49}}},"fnMap":{"0":{"name":"(anonymous_0)","decl":{"start":{"line":7,"column":21},"end":{"line":7,"column":22}},"loc":{"start":{"line":7,"column":44},"end":{"line":36,"column":1}},"line":7},"1":{"name":"(anonymous_1)","decl":{"start":{"line":26,"column":30},"end":{"line":26,"column":31}},"loc":{"start":{"line":27,"column":14},"end":{"line":27,"column":49}},"line":27}},"branchMap":{"0":{"loc":{"start":{"line":12,"column":13},"end":{"line":13,"column":63}},"type":"cond-expr","locations":[{"start":{"line":13,"column":12},"end":{"line":13,"column":49}},{"start":{"line":13,"column":52},"end":{"line":13,"column":63}}],"line":12},"1":{"loc":{"start":{"line":12,"column":13},"end":{"line":12,"column":61}},"type":"binary-expr","locations":[{"start":{"line":12,"column":13},"end":{"line":12,"column":28}},{"start":{"line":12,"column":32},"end":{"line":12,"column":61}}],"line":12},"2":{"loc":{"start":{"line":20,"column":139},"end":{"line":20,"column":192}},"type":"cond-expr","locations":[{"start":{"line":20,"column":162},"end":{"line":20,"column":174}},{"start":{"line":20,"column":177},"end":{"line":20,"column":192}}],"line":20},"3":{"loc":{"start":{"line":25,"column":11},"end":{"line":31,"column":11}},"type":"cond-expr","locations":[{"start":{"line":26,"column":12},"end":{"line":28,"column":14}},{"start":{"line":30,"column":12},"end":{"line":30,"column":37}}],"line":25},"4":{"loc":{"start":{"line":25,"column":11},"end":{"line":25,"column":52}},"type":"binary-expr","locations":[{"start":{"line":25,"column":11},"end":{"line":25,"column":24}},{"start":{"line":25,"column":28},"end":{"line":25,"column":52}}],"line":25}},"s":{"0":1,"1":1,"2":4,"3":6},"f":{"0":4,"1":6},"b":{"0":[3,1],"1":[4,3],"2":[4,0],"3":[3,1],"4":[4,4]},"_coverageSchema":"1a1c01bbd47fc00a2c39e90264f33305004495a9","hash":"41669a5d3d2fae39871fbf37582b2c16ffb2e3f1"}
,"/Users/henoclaptop/Desktop/PI/bugbusters/frontend/src/components/common/ExpandedRoom.jsx": {"path":"/Users/henoclaptop/Desktop/PI/bugbusters/frontend/src/components/common/ExpandedRoom.jsx","statementMap":{"0":{"start":{"line":6,"column":21},"end":{"line":56,"column":1}},"1":{"start":{"line":7,"column":24},"end":{"line":7,"column":47}},"2":{"start":{"line":8,"column":30},"end":{"line":8,"column":42}},"3":{"start":{"line":9,"column":25},"end":{"line":9,"column":74}},"4":{"start":{"line":9,"column":48},"end":{"line":9,"column":73}},"5":{"start":{"line":11,"column":2},"end":{"line":26,"column":13}},"6":{"start":{"line":12,"column":24},"end":{"line":20,"column":5}},"7":{"start":{"line":13,"column":6},"end":{"line":19,"column":7}},"8":{"start":{"line":14,"column":20},"end":{"line":14,"column":80}},"9":{"start":{"line":15,"column":21},"end":{"line":15,"column":37}},"10":{"start":{"line":16,"column":8},"end":{"line":16,"column":24}},"11":{"start":{"line":18,"column":8},"end":{"line":18,"column":67}},"12":{"start":{"line":22,"column":4},"end":{"line":25,"column":5}},"13":{"start":{"line":23,"column":6},"end":{"line":23,"column":74}},"14":{"start":{"line":24,"column":6},"end":{"line":24,"column":20}},"15":{"start":{"line":29,"column":21},"end":{"line":29,"column":80}},"16":{"start":{"line":29,"column":49},"end":{"line":29,"column":79}},"17":{"start":{"line":31,"column":2},"end":{"line":55,"column":4}}},"fnMap":{"0":{"name":"(anonymous_0)","decl":{"start":{"line":6,"column":21},"end":{"line":6,"column":22}},"loc":{"start":{"line":6,"column":44},"end":{"line":56,"column":1}},"line":6},"1":{"name":"(anonymous_1)","decl":{"start":{"line":9,"column":39},"end":{"line":9,"column":40}},"loc":{"start":{"line":9,"column":48},"end":{"line":9,"column":73}},"line":9},"2":{"name":"(anonymous_2)","decl":{"start":{"line":11,"column":12},"end":{"line":11,"column":13}},"loc":{"start":{"line":11,"column":18},"end":{"line":26,"column":3}},"line":11},"3":{"name":"(anonymous_3)","decl":{"start":{"line":12,"column":24},"end":{"line":12,"column":25}},"loc":{"start":{"line":12,"column":36},"end":{"line":20,"column":5}},"line":12},"4":{"name":"(anonymous_4)","decl":{"start":{"line":29,"column":40},"end":{"line":29,"column":41}},"loc":{"start":{"line":29,"column":49},"end":{"line":29,"column":79}},"line":29}},"branchMap":{"0":{"loc":{"start":{"line":22,"column":4},"end":{"line":25,"column":5}},"type":"if","locations":[{"start":{"line":22,"column":4},"end":{"line":25,"column":5}},{"start":{},"end":{}}],"line":22},"1":{"loc":{"start":{"line":36,"column":9},"end":{"line":44,"column":9}},"type":"cond-expr","locations":[{"start":{"line":37,"column":10},"end":{"line":37,"column":77}},{"start":{"line":39,"column":10},"end":{"line":43,"column":12}}],"line":36},"2":{"loc":{"start":{"line":40,"column":17},"end":{"line":40,"column":94}},"type":"cond-expr","locations":[{"start":{"line":40,"column":43},"end":{"line":40,"column":80}},{"start":{"line":40,"column":83},"end":{"line":40,"column":94}}],"line":40}},"s":{"0":1,"1":4,"2":4,"3":4,"4":3,"5":4,"6":3,"7":3,"8":3,"9":3,"10":3,"11":0,"12":3,"13":3,"14":3,"15":4,"16":2,"17":4},"f":{"0":4,"1":3,"2":3,"3":3,"4":2},"b":{"0":[3,0],"1":[1,3],"2":[2,1]},"_coverageSchema":"1a1c01bbd47fc00a2c39e90264f33305004495a9","hash":"4e857ec807c46a313bf1f4ac15cfd070473fdd6e"}
,"/Users/henoclaptop/Desktop/PI/bugbusters/frontend/src/components/common/Footer.jsx": {"path":"/Users/henoclaptop/Desktop/PI/bugbusters/frontend/src/components/common/Footer.jsx","statementMap":{"0":{"start":{"line":4,"column":2},"end":{"line":24,"column":4}}},"fnMap":{"0":{"name":"Footer","decl":{"start":{"line":3,"column":9},"end":{"line":3,"column":15}},"loc":{"start":{"line":3,"column":18},"end":{"line":25,"column":1}},"line":3}},"branchMap":{},"s":{"0":3},"f":{"0":3},"b":{},"_coverageSchema":"1a1c01bbd47fc00a2c39e90264f33305004495a9","hash":"70924cc990234fec739c67f7d52edab061d947a8"}
,"/Users/henoclaptop/Desktop/PI/bugbusters/frontend/src/components/common/Navigation.jsx": {"path":"/Users/henoclaptop/Desktop/PI/bugbusters/frontend/src/components/common/Navigation.jsx","statementMap":{"0":{"start":{"line":10,"column":34},"end":{"line":10,"column":49}},"1":{"start":{"line":11,"column":34},"end":{"line":11,"column":49}},"2":{"start":{"line":12,"column":40},"end":{"line":12,"column":54}},"3":{"start":{"line":13,"column":34},"end":{"line":13,"column":49}},"4":{"start":{"line":14,"column":28},"end":{"line":14,"column":55}},"5":{"start":{"line":16,"column":19},"end":{"line":16,"column":32}},"6":{"start":{"line":17,"column":19},"end":{"line":17,"column":32}},"7":{"start":{"line":19,"column":23},"end":{"line":21,"column":3}},"8":{"start":{"line":20,"column":4},"end":{"line":20,"column":53}},"9":{"start":{"line":23,"column":26},"end":{"line":25,"column":3}},"10":{"start":{"line":24,"column":4},"end":{"line":24,"column":23}},"11":{"start":{"line":27,"column":28},"end":{"line":29,"column":3}},"12":{"start":{"line":28,"column":4},"end":{"line":28,"column":32}},"13":{"start":{"line":31,"column":23},"end":{"line":36,"column":3}},"14":{"start":{"line":32,"column":4},"end":{"line":32,"column":37}},"15":{"start":{"line":33,"column":4},"end":{"line":33,"column":36}},"16":{"start":{"line":34,"column":4},"end":{"line":34,"column":25}},"17":{"start":{"line":35,"column":4},"end":{"line":35,"column":18}},"18":{"start":{"line":38,"column":2},"end":{"line":47,"column":9}},"19":{"start":{"line":39,"column":25},"end":{"line":43,"column":5}},"20":{"start":{"line":40,"column":6},"end":{"line":40,"column":34}},"21":{"start":{"line":41,"column":6},"end":{"line":42,"column":30}},"22":{"start":{"line":41,"column":36},"end":{"line":41,"column":54}},"23":{"start":{"line":42,"column":11},"end":{"line":42,"column":30}},"24":{"start":{"line":44,"column":4},"end":{"line":44,"column":52}},"25":{"start":{"line":45,"column":4},"end":{"line":45,"column":19}},"26":{"start":{"line":46,"column":4},"end":{"line":46,"column":68}},"27":{"start":{"line":46,"column":17},"end":{"line":46,"column":67}},"28":{"start":{"line":49,"column":2},"end":{"line":52,"column":9}},"29":{"start":{"line":50,"column":4},"end":{"line":50,"column":52}},"30":{"start":{"line":51,"column":4},"end":{"line":51,"column":68}},"31":{"start":{"line":51,"column":17},"end":{"line":51,"column":67}},"32":{"start":{"line":54,"column":2},"end":{"line":91,"column":9}},"33":{"start":{"line":55,"column":23},"end":{"line":83,"column":5}},"34":{"start":{"line":56,"column":20},"end":{"line":56,"column":49}},"35":{"start":{"line":57,"column":6},"end":{"line":82,"column":7}},"36":{"start":{"line":58,"column":8},"end":{"line":79,"column":9}},"37":{"start":{"line":59,"column":26},"end":{"line":59,"column":63}},"38":{"start":{"line":60,"column":22},"end":{"line":60,"column":32}},"39":{"start":{"line":62,"column":10},"end":{"line":74,"column":11}},"40":{"start":{"line":70,"column":12},"end":{"line":70,"column":36}},"41":{"start":{"line":72,"column":12},"end":{"line":72,"column":45}},"42":{"start":{"line":73,"column":12},"end":{"line":73,"column":33}},"43":{"start":{"line":76,"column":10},"end":{"line":76,"column":56}},"44":{"start":{"line":77,"column":10},"end":{"line":77,"column":43}},"45":{"start":{"line":78,"column":10},"end":{"line":78,"column":31}},"46":{"start":{"line":81,"column":8},"end":{"line":81,"column":29}},"47":{"start":{"line":85,"column":4},"end":{"line":85,"column":17}},"48":{"start":{"line":86,"column":4},"end":{"line":86,"column":55}},"49":{"start":{"line":88,"column":4},"end":{"line":90,"column":6}},"50":{"start":{"line":89,"column":6},"end":{"line":89,"column":60}},"51":{"start":{"line":94,"column":2},"end":{"line":155,"column":4}},"52":{"start":{"line":103,"column":14},"end":{"line":111,"column":19}},"53":{"start":{"line":107,"column":33},"end":{"line":107,"column":50}},"54":{"start":{"line":124,"column":12},"end":{"line":135,"column":17}},"55":{"start":{"line":131,"column":31},"end":{"line":131,"column":48}}},"fnMap":{"0":{"name":"Navigation","decl":{"start":{"line":9,"column":9},"end":{"line":9,"column":19}},"loc":{"start":{"line":9,"column":22},"end":{"line":156,"column":1}},"line":9},"1":{"name":"(anonymous_1)","decl":{"start":{"line":19,"column":23},"end":{"line":19,"column":24}},"loc":{"start":{"line":19,"column":29},"end":{"line":21,"column":3}},"line":19},"2":{"name":"(anonymous_2)","decl":{"start":{"line":23,"column":26},"end":{"line":23,"column":27}},"loc":{"start":{"line":23,"column":32},"end":{"line":25,"column":3}},"line":23},"3":{"name":"(anonymous_3)","decl":{"start":{"line":27,"column":28},"end":{"line":27,"column":29}},"loc":{"start":{"line":27,"column":34},"end":{"line":29,"column":3}},"line":27},"4":{"name":"(anonymous_4)","decl":{"start":{"line":31,"column":23},"end":{"line":31,"column":24}},"loc":{"start":{"line":31,"column":29},"end":{"line":36,"column":3}},"line":31},"5":{"name":"(anonymous_5)","decl":{"start":{"line":38,"column":12},"end":{"line":38,"column":13}},"loc":{"start":{"line":38,"column":18},"end":{"line":47,"column":3}},"line":38},"6":{"name":"(anonymous_6)","decl":{"start":{"line":39,"column":25},"end":{"line":39,"column":26}},"loc":{"start":{"line":39,"column":31},"end":{"line":43,"column":5}},"line":39},"7":{"name":"(anonymous_7)","decl":{"start":{"line":46,"column":11},"end":{"line":46,"column":12}},"loc":{"start":{"line":46,"column":17},"end":{"line":46,"column":67}},"line":46},"8":{"name":"(anonymous_8)","decl":{"start":{"line":49,"column":12},"end":{"line":49,"column":13}},"loc":{"start":{"line":49,"column":18},"end":{"line":52,"column":3}},"line":49},"9":{"name":"(anonymous_9)","decl":{"start":{"line":51,"column":11},"end":{"line":51,"column":12}},"loc":{"start":{"line":51,"column":17},"end":{"line":51,"column":67}},"line":51},"10":{"name":"(anonymous_10)","decl":{"start":{"line":54,"column":12},"end":{"line":54,"column":13}},"loc":{"start":{"line":54,"column":18},"end":{"line":91,"column":3}},"line":54},"11":{"name":"(anonymous_11)","decl":{"start":{"line":55,"column":23},"end":{"line":55,"column":24}},"loc":{"start":{"line":55,"column":29},"end":{"line":83,"column":5}},"line":55},"12":{"name":"(anonymous_12)","decl":{"start":{"line":88,"column":11},"end":{"line":88,"column":12}},"loc":{"start":{"line":88,"column":17},"end":{"line":90,"column":5}},"line":88},"13":{"name":"(anonymous_13)","decl":{"start":{"line":102,"column":33},"end":{"line":102,"column":34}},"loc":{"start":{"line":103,"column":14},"end":{"line":111,"column":19}},"line":103},"14":{"name":"(anonymous_14)","decl":{"start":{"line":107,"column":27},"end":{"line":107,"column":28}},"loc":{"start":{"line":107,"column":33},"end":{"line":107,"column":50}},"line":107},"15":{"name":"(anonymous_15)","decl":{"start":{"line":123,"column":47},"end":{"line":123,"column":48}},"loc":{"start":{"line":124,"column":12},"end":{"line":135,"column":17}},"line":124},"16":{"name":"(anonymous_16)","decl":{"start":{"line":131,"column":25},"end":{"line":131,"column":26}},"loc":{"start":{"line":131,"column":31},"end":{"line":131,"column":48}},"line":131}},"branchMap":{"0":{"loc":{"start":{"line":41,"column":6},"end":{"line":42,"column":30}},"type":"if","locations":[{"start":{"line":41,"column":6},"end":{"line":42,"column":30}},{"start":{"line":42,"column":11},"end":{"line":42,"column":30}}],"line":41},"1":{"loc":{"start":{"line":57,"column":6},"end":{"line":82,"column":7}},"type":"if","locations":[{"start":{"line":57,"column":6},"end":{"line":82,"column":7}},{"start":{"line":80,"column":13},"end":{"line":82,"column":7}}],"line":57},"2":{"loc":{"start":{"line":62,"column":10},"end":{"line":74,"column":11}},"type":"if","locations":[{"start":{"line":62,"column":10},"end":{"line":74,"column":11}},{"start":{"line":71,"column":17},"end":{"line":74,"column":11}}],"line":62},"3":{"loc":{"start":{"line":63,"column":12},"end":{"line":68,"column":36}},"type":"binary-expr","locations":[{"start":{"line":63,"column":12},"end":{"line":63,"column":19}},{"start":{"line":64,"column":12},"end":{"line":64,"column":28}},{"start":{"line":65,"column":12},"end":{"line":65,"column":29}},{"start":{"line":66,"column":12},"end":{"line":66,"column":25}},{"start":{"line":67,"column":12},"end":{"line":67,"column":23}},{"start":{"line":68,"column":12},"end":{"line":68,"column":36}}],"line":63},"4":{"loc":{"start":{"line":95,"column":27},"end":{"line":95,"column":53}},"type":"cond-expr","locations":[{"start":{"line":95,"column":38},"end":{"line":95,"column":48}},{"start":{"line":95,"column":51},"end":{"line":95,"column":53}}],"line":95},"5":{"loc":{"start":{"line":96,"column":7},"end":{"line":115,"column":7}},"type":"binary-expr","locations":[{"start":{"line":96,"column":7},"end":{"line":96,"column":15}},{"start":{"line":97,"column":8},"end":{"line":114,"column":14}}],"line":96},"6":{"loc":{"start":{"line":105,"column":55},"end":{"line":105,"column":102}},"type":"cond-expr","locations":[{"start":{"line":105,"column":89},"end":{"line":105,"column":97}},{"start":{"line":105,"column":100},"end":{"line":105,"column":102}}],"line":105},"7":{"loc":{"start":{"line":121,"column":68},"end":{"line":121,"column":109}},"type":"cond-expr","locations":[{"start":{"line":121,"column":79},"end":{"line":121,"column":95}},{"start":{"line":121,"column":98},"end":{"line":121,"column":109}}],"line":121},"8":{"loc":{"start":{"line":123,"column":11},"end":{"line":136,"column":12}},"type":"binary-expr","locations":[{"start":{"line":123,"column":11},"end":{"line":123,"column":23}},{"start":{"line":123,"column":27},"end":{"line":136,"column":12}}],"line":123},"9":{"loc":{"start":{"line":129,"column":39},"end":{"line":129,"column":86}},"type":"cond-expr","locations":[{"start":{"line":129,"column":73},"end":{"line":129,"column":81}},{"start":{"line":129,"column":84},"end":{"line":129,"column":86}}],"line":129},"10":{"loc":{"start":{"line":142,"column":9},"end":{"line":152,"column":9}},"type":"cond-expr","locations":[{"start":{"line":143,"column":10},"end":{"line":149,"column":14}},{"start":{"line":151,"column":10},"end":{"line":151,"column":137}}],"line":142},"11":{"loc":{"start":{"line":142,"column":9},"end":{"line":142,"column":58}},"type":"binary-expr","locations":[{"start":{"line":142,"column":9},"end":{"line":142,"column":20}},{"start":{"line":142,"column":24},"end":{"line":142,"column":58}}],"line":142}},"s":{"0":8,"1":8,"2":8,"3":8,"4":8,"5":8,"6":8,"7":8,"8":2,"9":8,"10":0,"11":8,"12":2,"13":8,"14":0,"15":0,"16":0,"17":0,"18":8,"19":5,"20":5,"21":5,"22":0,"23":5,"24":5,"25":5,"26":5,"27":5,"28":8,"29":5,"30":5,"31":5,"32":8,"33":5,"34":5,"35":5,"36":1,"37":1,"38":1,"39":1,"40":1,"41":0,"42":0,"43":0,"44":0,"45":0,"46":4,"47":5,"48":5,"49":5,"50":5,"51":8,"52":0,"53":0,"54":16,"55":0},"f":{"0":8,"1":2,"2":0,"3":2,"4":0,"5":5,"6":5,"7":5,"8":5,"9":5,"10":5,"11":5,"12":5,"13":0,"14":0,"15":16,"16":0},"b":{"0":[0,5],"1":[1,4],"2":[1,0],"3":[1,1,1,1,1,1],"4":[2,6],"5":[8,0],"6":[0,0],"7":[0,8],"8":[8,8],"9":[8,8],"10":[1,7],"11":[8,1]},"_coverageSchema":"1a1c01bbd47fc00a2c39e90264f33305004495a9","hash":"cbbb946d876150e9d2f3a2d34b38a05f955054d9"}
,"/Users/henoclaptop/Desktop/PI/bugbusters/frontend/src/components/common/ProductModal.jsx": {"path":"/Users/henoclaptop/Desktop/PI/bugbusters/frontend/src/components/common/ProductModal.jsx","statementMap":{"0":{"start":{"line":5,"column":21},"end":{"line":139,"column":1}},"1":{"start":{"line":6,"column":21},"end":{"line":6,"column":36}},"2":{"start":{"line":7,"column":20},"end":{"line":7,"column":34}},"3":{"start":{"line":8,"column":21},"end":{"line":8,"column":36}},"4":{"start":{"line":9,"column":23},"end":{"line":9,"column":40}},"5":{"start":{"line":10,"column":30},"end":{"line":10,"column":41}},"6":{"start":{"line":16,"column":6},"end":{"line":24,"column":4}},"7":{"start":{"line":26,"column":2},"end":{"line":40,"column":62}},"8":{"start":{"line":27,"column":2},"end":{"line":38,"column":3}},"9":{"start":{"line":28,"column":4},"end":{"line":33,"column":7}},"10":{"start":{"line":34,"column":5},"end":{"line":34,"column":18}},"11":{"start":{"line":35,"column":9},"end":{"line":38,"column":3}},"12":{"start":{"line":36,"column":4},"end":{"line":36,"column":19}},"13":{"start":{"line":37,"column":4},"end":{"line":37,"column":35}},"14":{"start":{"line":43,"column":19},"end":{"line":53,"column":3}},"15":{"start":{"line":44,"column":23},"end":{"line":50,"column":5}},"16":{"start":{"line":51,"column":4},"end":{"line":51,"column":35}},"17":{"start":{"line":52,"column":4},"end":{"line":52,"column":14}},"18":{"start":{"line":55,"column":23},"end":{"line":58,"column":3}},"19":{"start":{"line":56,"column":4},"end":{"line":56,"column":22}},"20":{"start":{"line":57,"column":4},"end":{"line":57,"column":14}},"21":{"start":{"line":60,"column":2},"end":{"line":60,"column":27}},"22":{"start":{"line":60,"column":15},"end":{"line":60,"column":27}},"23":{"start":{"line":62,"column":2},"end":{"line":138,"column":4}},"24":{"start":{"line":103,"column":33},"end":{"line":103,"column":68}}},"fnMap":{"0":{"name":"(anonymous_0)","decl":{"start":{"line":5,"column":21},"end":{"line":5,"column":22}},"loc":{"start":{"line":5,"column":95},"end":{"line":139,"column":1}},"line":5},"1":{"name":"(anonymous_1)","decl":{"start":{"line":26,"column":12},"end":{"line":26,"column":13}},"loc":{"start":{"line":26,"column":18},"end":{"line":40,"column":1}},"line":26},"2":{"name":"(anonymous_2)","decl":{"start":{"line":43,"column":19},"end":{"line":43,"column":20}},"loc":{"start":{"line":43,"column":35},"end":{"line":53,"column":3}},"line":43},"3":{"name":"(anonymous_3)","decl":{"start":{"line":55,"column":23},"end":{"line":55,"column":24}},"loc":{"start":{"line":55,"column":29},"end":{"line":58,"column":3}},"line":55},"4":{"name":"(anonymous_4)","decl":{"start":{"line":103,"column":26},"end":{"line":103,"column":27}},"loc":{"start":{"line":103,"column":33},"end":{"line":103,"column":68}},"line":103}},"branchMap":{"0":{"loc":{"start":{"line":27,"column":2},"end":{"line":38,"column":3}},"type":"if","locations":[{"start":{"line":27,"column":2},"end":{"line":38,"column":3}},{"start":{"line":35,"column":9},"end":{"line":38,"column":3}}],"line":27},"1":{"loc":{"start":{"line":35,"column":9},"end":{"line":38,"column":3}},"type":"if","locations":[{"start":{"line":35,"column":9},"end":{"line":38,"column":3}},{"start":{},"end":{}}],"line":35},"2":{"loc":{"start":{"line":35,"column":13},"end":{"line":35,"column":50}},"type":"binary-expr","locations":[{"start":{"line":35,"column":14},"end":{"line":35,"column":24}},{"start":{"line":35,"column":28},"end":{"line":35,"column":38}},{"start":{"line":35,"column":43},"end":{"line":35,"column":50}}],"line":35},"3":{"loc":{"start":{"line":37,"column":14},"end":{"line":37,"column":33}},"type":"binary-expr","locations":[{"start":{"line":37,"column":14},"end":{"line":37,"column":28}},{"start":{"line":37,"column":32},"end":{"line":37,"column":33}}],"line":37},"4":{"loc":{"start":{"line":60,"column":2},"end":{"line":60,"column":27}},"type":"if","locations":[{"start":{"line":60,"column":2},"end":{"line":60,"column":27}},{"start":{},"end":{}}],"line":60},"5":{"loc":{"start":{"line":67,"column":9},"end":{"line":116,"column":9}},"type":"binary-expr","locations":[{"start":{"line":67,"column":10},"end":{"line":67,"column":19}},{"start":{"line":67,"column":23},"end":{"line":67,"column":33}},{"start":{"line":68,"column":8},"end":{"line":115,"column":13}}],"line":67},"6":{"loc":{"start":{"line":69,"column":13},"end":{"line":69,"column":63}},"type":"cond-expr","locations":[{"start":{"line":69,"column":25},"end":{"line":69,"column":43}},{"start":{"line":69,"column":46},"end":{"line":69,"column":63}}],"line":69},"7":{"loc":{"start":{"line":77,"column":15},"end":{"line":77,"column":64}},"type":"binary-expr","locations":[{"start":{"line":77,"column":15},"end":{"line":77,"column":26}},{"start":{"line":77,"column":30},"end":{"line":77,"column":64}}],"line":77},"8":{"loc":{"start":{"line":83,"column":13},"end":{"line":83,"column":62}},"type":"binary-expr","locations":[{"start":{"line":83,"column":13},"end":{"line":83,"column":24}},{"start":{"line":83,"column":28},"end":{"line":83,"column":62}}],"line":83},"9":{"loc":{"start":{"line":89,"column":13},"end":{"line":89,"column":76}},"type":"binary-expr","locations":[{"start":{"line":89,"column":13},"end":{"line":89,"column":31}},{"start":{"line":89,"column":35},"end":{"line":89,"column":76}}],"line":89},"10":{"loc":{"start":{"line":97,"column":13},"end":{"line":97,"column":64}},"type":"binary-expr","locations":[{"start":{"line":97,"column":13},"end":{"line":97,"column":25}},{"start":{"line":97,"column":29},"end":{"line":97,"column":64}}],"line":97},"11":{"loc":{"start":{"line":103,"column":43},"end":{"line":103,"column":67}},"type":"cond-expr","locations":[{"start":{"line":103,"column":62},"end":{"line":103,"column":63}},{"start":{"line":103,"column":66},"end":{"line":103,"column":67}}],"line":103},"12":{"loc":{"start":{"line":110,"column":17},"end":{"line":110,"column":52}},"type":"cond-expr","locations":[{"start":{"line":110,"column":29},"end":{"line":110,"column":40}},{"start":{"line":110,"column":43},"end":{"line":110,"column":52}}],"line":110},"13":{"loc":{"start":{"line":118,"column":9},"end":{"line":124,"column":9}},"type":"binary-expr","locations":[{"start":{"line":118,"column":9},"end":{"line":118,"column":19}},{"start":{"line":118,"column":23},"end":{"line":118,"column":30}},{"start":{"line":119,"column":10},"end":{"line":123,"column":16}}],"line":118},"14":{"loc":{"start":{"line":126,"column":9},"end":{"line":135,"column":9}},"type":"binary-expr","locations":[{"start":{"line":126,"column":9},"end":{"line":126,"column":21}},{"start":{"line":126,"column":25},"end":{"line":126,"column":32}},{"start":{"line":127,"column":10},"end":{"line":134,"column":13}}],"line":126}},"s":{"0":1,"1":10,"2":10,"3":10,"4":10,"5":10,"6":10,"7":10,"8":5,"9":2,"10":2,"11":3,"12":2,"13":2,"14":10,"15":0,"16":0,"17":0,"18":10,"19":1,"20":1,"21":10,"22":0,"23":10,"24":0},"f":{"0":10,"1":5,"2":0,"3":1,"4":0},"b":{"0":[2,3],"1":[2,1],"2":[3,3,2],"3":[2,0],"4":[0,10],"5":[10,6,4],"6":[4,0],"7":[4,0],"8":[4,0],"9":[4,0],"10":[4,0],"11":[0,0],"12":[4,0],"13":[10,4,4],"14":[10,2,2]},"_coverageSchema":"1a1c01bbd47fc00a2c39e90264f33305004495a9","hash":"7af15af8f806a7acd52b556e005cbcfa0a4cc03b"}
,"/Users/henoclaptop/Desktop/PI/bugbusters/frontend/src/components/common/ServiceModal.jsx": {"path":"/Users/henoclaptop/Desktop/PI/bugbusters/frontend/src/components/common/ServiceModal.jsx","statementMap":{"0":{"start":{"line":10,"column":22},"end":{"line":10,"column":45}},"1":{"start":{"line":12,"column":21},"end":{"line":353,"column":1}},"2":{"start":{"line":13,"column":21},"end":{"line":13,"column":36}},"3":{"start":{"line":14,"column":20},"end":{"line":14,"column":34}},"4":{"start":{"line":15,"column":21},"end":{"line":15,"column":36}},"5":{"start":{"line":16,"column":23},"end":{"line":16,"column":40}},"6":{"start":{"line":23,"column":6},"end":{"line":30,"column":4}},"7":{"start":{"line":32,"column":40},"end":{"line":32,"column":55}},"8":{"start":{"line":33,"column":36},"end":{"line":33,"column":51}},"9":{"start":{"line":34,"column":42},"end":{"line":34,"column":54}},"10":{"start":{"line":36,"column":36},"end":{"line":36,"column":50}},"11":{"start":{"line":37,"column":36},"end":{"line":37,"column":50}},"12":{"start":{"line":38,"column":36},"end":{"line":38,"column":48}},"13":{"start":{"line":39,"column":30},"end":{"line":39,"column":41}},"14":{"start":{"line":41,"column":34},"end":{"line":41,"column":46}},"15":{"start":{"line":42,"column":19},"end":{"line":42,"column":32}},"16":{"start":{"line":44,"column":0},"end":{"line":63,"column":27}},"17":{"start":{"line":45,"column":2},"end":{"line":62,"column":3}},"18":{"start":{"line":46,"column":4},"end":{"line":46,"column":52}},"19":{"start":{"line":47,"column":4},"end":{"line":47,"column":23}},"20":{"start":{"line":48,"column":4},"end":{"line":48,"column":23}},"21":{"start":{"line":49,"column":4},"end":{"line":49,"column":21}},"22":{"start":{"line":50,"column":9},"end":{"line":62,"column":3}},"23":{"start":{"line":51,"column":4},"end":{"line":51,"column":79}},"24":{"start":{"line":51,"column":72},"end":{"line":51,"column":79}},"25":{"start":{"line":53,"column":4},"end":{"line":57,"column":7}},"26":{"start":{"line":58,"column":4},"end":{"line":58,"column":30}},"27":{"start":{"line":59,"column":4},"end":{"line":59,"column":44}},"28":{"start":{"line":60,"column":4},"end":{"line":60,"column":23}},"29":{"start":{"line":61,"column":4},"end":{"line":61,"column":21}},"30":{"start":{"line":65,"column":4},"end":{"line":72,"column":9}},"31":{"start":{"line":66,"column":24},"end":{"line":66,"column":48}},"32":{"start":{"line":67,"column":4},"end":{"line":71,"column":5}},"33":{"start":{"line":68,"column":6},"end":{"line":68,"column":33}},"34":{"start":{"line":70,"column":6},"end":{"line":70,"column":28}},"35":{"start":{"line":74,"column":28},"end":{"line":81,"column":3}},"36":{"start":{"line":75,"column":17},"end":{"line":75,"column":34}},"37":{"start":{"line":76,"column":4},"end":{"line":80,"column":5}},"38":{"start":{"line":77,"column":6},"end":{"line":77,"column":25}},"39":{"start":{"line":78,"column":6},"end":{"line":78,"column":30}},"40":{"start":{"line":79,"column":6},"end":{"line":79,"column":46}},"41":{"start":{"line":83,"column":28},"end":{"line":87,"column":3}},"42":{"start":{"line":84,"column":4},"end":{"line":84,"column":23}},"43":{"start":{"line":85,"column":4},"end":{"line":85,"column":21}},"44":{"start":{"line":86,"column":4},"end":{"line":86,"column":23}},"45":{"start":{"line":89,"column":19},"end":{"line":128,"column":3}},"46":{"start":{"line":90,"column":4},"end":{"line":127,"column":5}},"47":{"start":{"line":91,"column":31},"end":{"line":91,"column":57}},"48":{"start":{"line":93,"column":6},"end":{"line":111,"column":7}},"49":{"start":{"line":94,"column":25},"end":{"line":94,"column":39}},"50":{"start":{"line":95,"column":8},"end":{"line":95,"column":44}},"51":{"start":{"line":97,"column":20},"end":{"line":100,"column":10}},"52":{"start":{"line":102,"column":8},"end":{"line":105,"column":9}},"53":{"start":{"line":103,"column":28},"end":{"line":103,"column":44}},"54":{"start":{"line":104,"column":10},"end":{"line":104,"column":68}},"55":{"start":{"line":107,"column":26},"end":{"line":107,"column":42}},"56":{"start":{"line":108,"column":8},"end":{"line":108,"column":49}},"57":{"start":{"line":109,"column":13},"end":{"line":111,"column":7}},"58":{"start":{"line":110,"column":8},"end":{"line":110,"column":34}},"59":{"start":{"line":113,"column":25},"end":{"line":118,"column":7}},"60":{"start":{"line":119,"column":6},"end":{"line":119,"column":31}},"61":{"start":{"line":120,"column":6},"end":{"line":120,"column":27}},"62":{"start":{"line":121,"column":6},"end":{"line":121,"column":52}},"63":{"start":{"line":121,"column":23},"end":{"line":121,"column":44}},"64":{"start":{"line":122,"column":6},"end":{"line":122,"column":16}},"65":{"start":{"line":124,"column":6},"end":{"line":124,"column":59}},"66":{"start":{"line":125,"column":6},"end":{"line":125,"column":54}},"67":{"start":{"line":126,"column":6},"end":{"line":126,"column":25}},"68":{"start":{"line":130,"column":23},"end":{"line":139,"column":3}},"69":{"start":{"line":131,"column":4},"end":{"line":138,"column":5}},"70":{"start":{"line":132,"column":6},"end":{"line":132,"column":30}},"71":{"start":{"line":133,"column":6},"end":{"line":133,"column":16}},"72":{"start":{"line":135,"column":6},"end":{"line":135,"column":54}},"73":{"start":{"line":136,"column":6},"end":{"line":136,"column":57}},"74":{"start":{"line":137,"column":6},"end":{"line":137,"column":25}},"75":{"start":{"line":141,"column":0},"end":{"line":150,"column":1}},"76":{"start":{"line":149,"column":2},"end":{"line":149,"column":14}},"77":{"start":{"line":154,"column":2},"end":{"line":352,"column":4}},"78":{"start":{"line":160,"column":25},"end":{"line":160,"column":46}},"79":{"start":{"line":168,"column":25},"end":{"line":168,"column":44}},"80":{"start":{"line":174,"column":63},"end":{"line":174,"column":82}},"81":{"start":{"line":205,"column":38},"end":{"line":205,"column":70}},"82":{"start":{"line":206,"column":20},"end":{"line":206,"column":95}},"83":{"start":{"line":206,"column":39},"end":{"line":206,"column":95}},"84":{"start":{"line":207,"column":20},"end":{"line":207,"column":97}},"85":{"start":{"line":207,"column":41},"end":{"line":207,"column":97}},"86":{"start":{"line":208,"column":20},"end":{"line":208,"column":32}},"87":{"start":{"line":233,"column":33},"end":{"line":233,"column":68}},"88":{"start":{"line":276,"column":74},"end":{"line":276,"column":93}},"89":{"start":{"line":299,"column":39},"end":{"line":299,"column":91}},"90":{"start":{"line":306,"column":39},"end":{"line":306,"column":95}},"91":{"start":{"line":318,"column":39},"end":{"line":318,"column":84}}},"fnMap":{"0":{"name":"(anonymous_0)","decl":{"start":{"line":12,"column":21},"end":{"line":12,"column":22}},"loc":{"start":{"line":12,"column":79},"end":{"line":353,"column":1}},"line":12},"1":{"name":"(anonymous_1)","decl":{"start":{"line":44,"column":10},"end":{"line":44,"column":11}},"loc":{"start":{"line":44,"column":16},"end":{"line":63,"column":1}},"line":44},"2":{"name":"(anonymous_2)","decl":{"start":{"line":65,"column":14},"end":{"line":65,"column":15}},"loc":{"start":{"line":65,"column":20},"end":{"line":72,"column":3}},"line":65},"3":{"name":"(anonymous_3)","decl":{"start":{"line":74,"column":28},"end":{"line":74,"column":29}},"loc":{"start":{"line":74,"column":35},"end":{"line":81,"column":3}},"line":74},"4":{"name":"(anonymous_4)","decl":{"start":{"line":83,"column":28},"end":{"line":83,"column":29}},"loc":{"start":{"line":83,"column":34},"end":{"line":87,"column":3}},"line":83},"5":{"name":"(anonymous_5)","decl":{"start":{"line":89,"column":19},"end":{"line":89,"column":20}},"loc":{"start":{"line":89,"column":35},"end":{"line":128,"column":3}},"line":89},"6":{"name":"(anonymous_6)","decl":{"start":{"line":121,"column":17},"end":{"line":121,"column":18}},"loc":{"start":{"line":121,"column":23},"end":{"line":121,"column":44}},"line":121},"7":{"name":"(anonymous_7)","decl":{"start":{"line":130,"column":23},"end":{"line":130,"column":24}},"loc":{"start":{"line":130,"column":35},"end":{"line":139,"column":3}},"line":130},"8":{"name":"(anonymous_8)","decl":{"start":{"line":160,"column":19},"end":{"line":160,"column":20}},"loc":{"start":{"line":160,"column":25},"end":{"line":160,"column":46}},"line":160},"9":{"name":"(anonymous_9)","decl":{"start":{"line":168,"column":19},"end":{"line":168,"column":20}},"loc":{"start":{"line":168,"column":25},"end":{"line":168,"column":44}},"line":168},"10":{"name":"(anonymous_10)","decl":{"start":{"line":174,"column":56},"end":{"line":174,"column":57}},"loc":{"start":{"line":174,"column":63},"end":{"line":174,"column":82}},"line":174},"11":{"name":"(anonymous_11)","decl":{"start":{"line":204,"column":31},"end":{"line":204,"column":32}},"loc":{"start":{"line":204,"column":42},"end":{"line":209,"column":19}},"line":204},"12":{"name":"(anonymous_12)","decl":{"start":{"line":233,"column":26},"end":{"line":233,"column":27}},"loc":{"start":{"line":233,"column":33},"end":{"line":233,"column":68}},"line":233},"13":{"name":"(anonymous_13)","decl":{"start":{"line":276,"column":67},"end":{"line":276,"column":68}},"loc":{"start":{"line":276,"column":74},"end":{"line":276,"column":93}},"line":276},"14":{"name":"(anonymous_14)","decl":{"start":{"line":299,"column":33},"end":{"line":299,"column":34}},"loc":{"start":{"line":299,"column":39},"end":{"line":299,"column":91}},"line":299},"15":{"name":"(anonymous_15)","decl":{"start":{"line":306,"column":33},"end":{"line":306,"column":34}},"loc":{"start":{"line":306,"column":39},"end":{"line":306,"column":95}},"line":306},"16":{"name":"(anonymous_16)","decl":{"start":{"line":318,"column":33},"end":{"line":318,"column":34}},"loc":{"start":{"line":318,"column":39},"end":{"line":318,"column":84}},"line":318}},"branchMap":{"0":{"loc":{"start":{"line":45,"column":2},"end":{"line":62,"column":3}},"type":"if","locations":[{"start":{"line":45,"column":2},"end":{"line":62,"column":3}},{"start":{"line":50,"column":9},"end":{"line":62,"column":3}}],"line":45},"1":{"loc":{"start":{"line":50,"column":9},"end":{"line":62,"column":3}},"type":"if","locations":[{"start":{"line":50,"column":9},"end":{"line":62,"column":3}},{"start":{},"end":{}}],"line":50},"2":{"loc":{"start":{"line":50,"column":13},"end":{"line":50,"column":97}},"type":"binary-expr","locations":[{"start":{"line":50,"column":14},"end":{"line":50,"column":24}},{"start":{"line":50,"column":28},"end":{"line":50,"column":38}},{"start":{"line":50,"column":42},"end":{"line":50,"column":54}},{"start":{"line":50,"column":59},"end":{"line":50,"column":66}},{"start":{"line":50,"column":70},"end":{"line":50,"column":97}}],"line":50},"3":{"loc":{"start":{"line":51,"column":4},"end":{"line":51,"column":79}},"type":"if","locations":[{"start":{"line":51,"column":4},"end":{"line":51,"column":79}},{"start":{},"end":{}}],"line":51},"4":{"loc":{"start":{"line":51,"column":8},"end":{"line":51,"column":70}},"type":"binary-expr","locations":[{"start":{"line":51,"column":8},"end":{"line":51,"column":21}},{"start":{"line":51,"column":25},"end":{"line":51,"column":45}},{"start":{"line":51,"column":49},"end":{"line":51,"column":70}}],"line":51},"5":{"loc":{"start":{"line":59,"column":17},"end":{"line":59,"column":42}},"type":"binary-expr","locations":[{"start":{"line":59,"column":17},"end":{"line":59,"column":34}},{"start":{"line":59,"column":38},"end":{"line":59,"column":42}}],"line":59},"6":{"loc":{"start":{"line":67,"column":4},"end":{"line":71,"column":5}},"type":"if","locations":[{"start":{"line":67,"column":4},"end":{"line":71,"column":5}},{"start":{"line":69,"column":11},"end":{"line":71,"column":5}}],"line":67},"7":{"loc":{"start":{"line":76,"column":4},"end":{"line":80,"column":5}},"type":"if","locations":[{"start":{"line":76,"column":4},"end":{"line":80,"column":5}},{"start":{},"end":{}}],"line":76},"8":{"loc":{"start":{"line":91,"column":31},"end":{"line":91,"column":57}},"type":"binary-expr","locations":[{"start":{"line":91,"column":31},"end":{"line":91,"column":49}},{"start":{"line":91,"column":53},"end":{"line":91,"column":57}}],"line":91},"9":{"loc":{"start":{"line":93,"column":6},"end":{"line":111,"column":7}},"type":"if","locations":[{"start":{"line":93,"column":6},"end":{"line":111,"column":7}},{"start":{"line":109,"column":13},"end":{"line":111,"column":7}}],"line":93},"10":{"loc":{"start":{"line":102,"column":8},"end":{"line":105,"column":9}},"type":"if","locations":[{"start":{"line":102,"column":8},"end":{"line":105,"column":9}},{"start":{},"end":{}}],"line":102},"11":{"loc":{"start":{"line":109,"column":13},"end":{"line":111,"column":7}},"type":"if","locations":[{"start":{"line":109,"column":13},"end":{"line":111,"column":7}},{"start":{},"end":{}}],"line":109},"12":{"loc":{"start":{"line":109,"column":17},"end":{"line":109,"column":41}},"type":"binary-expr","locations":[{"start":{"line":109,"column":17},"end":{"line":109,"column":27}},{"start":{"line":109,"column":31},"end":{"line":109,"column":41}}],"line":109},"13":{"loc":{"start":{"line":141,"column":0},"end":{"line":150,"column":1}},"type":"if","locations":[{"start":{"line":141,"column":0},"end":{"line":150,"column":1}},{"start":{},"end":{}}],"line":141},"14":{"loc":{"start":{"line":142,"column":2},"end":{"line":147,"column":29}},"type":"binary-expr","locations":[{"start":{"line":142,"column":2},"end":{"line":142,"column":9}},{"start":{"line":143,"column":3},"end":{"line":143,"column":13}},{"start":{"line":144,"column":5},"end":{"line":144,"column":13}},{"start":{"line":145,"column":6},"end":{"line":145,"column":19}},{"start":{"line":146,"column":6},"end":{"line":146,"column":26}},{"start":{"line":147,"column":6},"end":{"line":147,"column":27}}],"line":142},"15":{"loc":{"start":{"line":156,"column":7},"end":{"line":163,"column":7}},"type":"binary-expr","locations":[{"start":{"line":156,"column":7},"end":{"line":156,"column":18}},{"start":{"line":157,"column":8},"end":{"line":162,"column":10}}],"line":156},"16":{"loc":{"start":{"line":164,"column":7},"end":{"line":171,"column":7}},"type":"binary-expr","locations":[{"start":{"line":164,"column":7},"end":{"line":164,"column":16}},{"start":{"line":165,"column":8},"end":{"line":170,"column":10}}],"line":164},"17":{"loc":{"start":{"line":179,"column":11},"end":{"line":272,"column":11}},"type":"binary-expr","locations":[{"start":{"line":179,"column":12},"end":{"line":179,"column":21}},{"start":{"line":179,"column":25},"end":{"line":179,"column":35}},{"start":{"li
[...]
":2},"end":{"line":45,"column":9}},"20":{"start":{"line":43,"column":4},"end":{"line":43,"column":20}},"21":{"start":{"line":44,"column":4},"end":{"line":44,"column":20}},"22":{"start":{"line":49,"column":26},"end":{"line":61,"column":3}},"23":{"start":{"line":50,"column":18},"end":{"line":50,"column":47}},"24":{"start":{"line":51,"column":4},"end":{"line":51,"column":23}},"25":{"start":{"line":51,"column":16},"end":{"line":51,"column":23}},"26":{"start":{"line":53,"column":4},"end":{"line":60,"column":5}},"27":{"start":{"line":54,"column":21},"end":{"line":54,"column":37}},"28":{"start":{"line":55,"column":18},"end":{"line":55,"column":52}},"29":{"start":{"line":56,"column":19},"end":{"line":56,"column":35}},"30":{"start":{"line":57,"column":6},"end":{"line":57,"column":27}},"31":{"start":{"line":59,"column":6},"end":{"line":59,"column":54}},"32":{"start":{"line":62,"column":24},"end":{"line":73,"column":3}},"33":{"start":{"line":63,"column":4},"end":{"line":72,"column":5}},"34":{"start":{"line":64,"column":6},"end":{"line":64,"column":23}},"35":{"start":{"line":65,"column":18},"end":{"line":65,"column":49}},"36":{"start":{"line":66,"column":19},"end":{"line":66,"column":35}},"37":{"start":{"line":67,"column":6},"end":{"line":67,"column":24}},"38":{"start":{"line":69,"column":6},"end":{"line":69,"column":56}},"39":{"start":{"line":71,"column":6},"end":{"line":71,"column":24}},"40":{"start":{"line":75,"column":20},"end":{"line":79,"column":3}},"41":{"start":{"line":76,"column":4},"end":{"line":76,"column":32}},"42":{"start":{"line":77,"column":4},"end":{"line":77,"column":23}},"43":{"start":{"line":78,"column":4},"end":{"line":78,"column":25}},"44":{"start":{"line":81,"column":21},"end":{"line":85,"column":3}},"45":{"start":{"line":82,"column":4},"end":{"line":82,"column":29}},"46":{"start":{"line":83,"column":4},"end":{"line":83,"column":21}},"47":{"start":{"line":84,"column":4},"end":{"line":84,"column":26}},"48":{"start":{"line":87,"column":23},"end":{"line":98,"column":3}},"49":{"start":{"line":88,"column":4},"end":{"line":97,"column":5}},"50":{"start":{"line":89,"column":6},"end":{"line":89,"column":74}},"51":{"start":{"line":90,"column":6},"end":{"line":90,"column":53}},"52":{"start":{"line":91,"column":6},"end":{"line":91,"column":32}},"53":{"start":{"line":92,"column":6},"end":{"line":92,"column":22}},"54":{"start":{"line":94,"column":6},"end":{"line":94,"column":56}},"55":{"start":{"line":95,"column":6},"end":{"line":95,"column":47}},"56":{"start":{"line":96,"column":6},"end":{"line":96,"column":30}},"57":{"start":{"line":100,"column":26},"end":{"line":121,"column":3}},"58":{"start":{"line":101,"column":4},"end":{"line":120,"column":5}},"59":{"start":{"line":102,"column":21},"end":{"line":102,"column":58}},"60":{"start":{"line":103,"column":18},"end":{"line":105,"column":28}},"61":{"start":{"line":107,"column":6},"end":{"line":111,"column":9}},"62":{"start":{"line":113,"column":6},"end":{"line":113,"column":84}},"63":{"start":{"line":114,"column":6},"end":{"line":114,"column":32}},"64":{"start":{"line":115,"column":6},"end":{"line":115,"column":22}},"65":{"start":{"line":117,"column":6},"end":{"line":117,"column":55}},"66":{"start":{"line":118,"column":6},"end":{"line":118,"column":46}},"67":{"start":{"line":119,"column":6},"end":{"line":119,"column":30}},"68":{"start":{"line":123,"column":27},"end":{"line":136,"column":5}},"69":{"start":{"line":125,"column":28},"end":{"line":125,"column":89}},"70":{"start":{"line":127,"column":8},"end":{"line":129,"column":62}},"71":{"start":{"line":130,"column":6},"end":{"line":130,"column":44}},"72":{"start":{"line":133,"column":6},"end":{"line":135,"column":25}},"73":{"start":{"line":139,"column":29},"end":{"line":139,"column":58}},"74":{"start":{"line":140,"column":30},"end":{"line":140,"column":66}},"75":{"start":{"line":141,"column":26},"end":{"line":141,"column":89}},"76":{"start":{"line":142,"column":21},"end":{"line":142,"column":73}},"77":{"start":{"line":144,"column":2},"end":{"line":144,"column":38}},"78":{"start":{"line":144,"column":15},"end":{"line":144,"column":38}},"79":{"start":{"line":146,"column":2},"end":{"line":265,"column":4}},"80":{"start":{"line":152,"column":25},"end":{"line":152,"column":46}},"81":{"start":{"line":161,"column":25},"end":{"line":161,"column":44}},"82":{"start":{"line":182,"column":33},"end":{"line":182,"column":49}},"83":{"start":{"line":196,"column":20},"end":{"line":196,"column":50}},"84":{"start":{"line":197,"column":20},"end":{"line":197,"column":38}},"85":{"start":{"line":207,"column":20},"end":{"line":207,"column":52}},"86":{"start":{"line":208,"column":20},"end":{"line":208,"column":38}},"87":{"start":{"line":222,"column":20},"end":{"line":222,"column":49}},"88":{"start":{"line":223,"column":20},"end":{"line":223,"column":38}},"89":{"start":{"line":234,"column":18},"end":{"line":240,"column":20}},"90":{"start":{"line":237,"column":34},"end":{"line":237,"column":60}},"91":{"start":{"line":238,"column":34},"end":{"line":238,"column":60}},"92":{"start":{"line":239,"column":36},"end":{"line":239,"column":64}}},"fnMap":{"0":{"name":"(anonymous_0)","decl":{"start":{"line":17,"column":22},"end":{"line":17,"column":23}},"loc":{"start":{"line":17,"column":40},"end":{"line":266,"column":1}},"line":17},"1":{"name":"(anonymous_1)","decl":{"start":{"line":42,"column":12},"end":{"line":42,"column":13}},"loc":{"start":{"line":42,"column":18},"end":{"line":45,"column":3}},"line":42},"2":{"name":"(anonymous_2)","decl":{"start":{"line":49,"column":26},"end":{"line":49,"column":27}},"loc":{"start":{"line":49,"column":38},"end":{"line":61,"column":3}},"line":49},"3":{"name":"(anonymous_3)","decl":{"start":{"line":62,"column":24},"end":{"line":62,"column":25}},"loc":{"start":{"line":62,"column":36},"end":{"line":73,"column":3}},"line":62},"4":{"name":"(anonymous_4)","decl":{"start":{"line":75,"column":20},"end":{"line":75,"column":21}},"loc":{"start":{"line":75,"column":46},"end":{"line":79,"column":3}},"line":75},"5":{"name":"(anonymous_5)","decl":{"start":{"line":81,"column":21},"end":{"line":81,"column":22}},"loc":{"start":{"line":81,"column":27},"end":{"line":85,"column":3}},"line":81},"6":{"name":"(anonymous_6)","decl":{"start":{"line":87,"column":23},"end":{"line":87,"column":24}},"loc":{"start":{"line":87,"column":42},"end":{"line":98,"column":3}},"line":87},"7":{"name":"(anonymous_7)","decl":{"start":{"line":100,"column":26},"end":{"line":100,"column":27}},"loc":{"start":{"line":100,"column":42},"end":{"line":121,"column":3}},"line":100},"8":{"name":"(anonymous_8)","decl":{"start":{"line":124,"column":12},"end":{"line":124,"column":13}},"loc":{"start":{"line":124,"column":25},"end":{"line":131,"column":5}},"line":124},"9":{"name":"(anonymous_9)","decl":{"start":{"line":132,"column":10},"end":{"line":132,"column":11}},"loc":{"start":{"line":133,"column":6},"end":{"line":135,"column":25}},"line":133},"10":{"name":"(anonymous_10)","decl":{"start":{"line":152,"column":19},"end":{"line":152,"column":20}},"loc":{"start":{"line":152,"column":25},"end":{"line":152,"column":46}},"line":152},"11":{"name":"(anonymous_11)","decl":{"start":{"line":161,"column":19},"end":{"line":161,"column":20}},"loc":{"start":{"line":161,"column":25},"end":{"line":161,"column":44}},"line":161},"12":{"name":"(anonymous_12)","decl":{"start":{"line":182,"column":27},"end":{"line":182,"column":28}},"loc":{"start":{"line":182,"column":33},"end":{"line":182,"column":49}},"line":182},"13":{"name":"(anonymous_13)","decl":{"start":{"line":195,"column":28},"end":{"line":195,"column":29}},"loc":{"start":{"line":195,"column":35},"end":{"line":198,"column":19}},"line":195},"14":{"name":"(anonymous_14)","decl":{"start":{"line":206,"column":28},"end":{"line":206,"column":29}},"loc":{"start":{"line":206,"column":35},"end":{"line":209,"column":19}},"line":206},"15":{"name":"(anonymous_15)","decl":{"start":{"line":221,"column":28},"end":{"line":221,"column":29}},"loc":{"start":{"line":221,"column":35},"end":{"line":224,"column":19}},"line":221},"16":{"name":"(anonymous_16)","decl":{"start":{"line":233,"column":37},"end":{"line":233,"column":38}},"loc":{"start":{"line":234,"column":18},"end":{"line":240,"column":20}},"line":234},"17":{"name":"(anonymous_17)","decl":{"start":{"line":237,"column":28},"end":{"line":237,"column":29}},"loc":{"start":{"line":237,"column":34},"end":{"line":237,"column":60}},"line":237},"18":{"name":"(anonymous_18)","decl":{"start":{"line":238,"column":28},"end":{"line":238,"column":29}},"loc":{"start":{"line":238,"column":34},"end":{"line":238,"column":60}},"line":238},"19":{"name":"(anonymous_19)","decl":{"start":{"line":239,"column":30},"end":{"line":239,"column":31}},"loc":{"start":{"line":239,"column":36},"end":{"line":239,"column":64}},"line":239}},"branchMap":{"0":{"loc":{"start":{"line":51,"column":4},"end":{"line":51,"column":23}},"type":"if","locations":[{"start":{"line":51,"column":4},"end":{"line":51,"column":23}},{"start":{},"end":{}}],"line":51},"1":{"loc":{"start":{"line":75,"column":27},"end":{"line":75,"column":41}},"type":"default-arg","locations":[{"start":{"line":75,"column":37},"end":{"line":75,"column":41}}],"line":75},"2":{"loc":{"start":{"line":102,"column":21},"end":{"line":102,"column":58}},"type":"cond-expr","locations":[{"start":{"line":102,"column":44},"end":{"line":102,"column":49}},{"start":{"line":102,"column":52},"end":{"line":102,"column":58}}],"line":102},"3":{"loc":{"start":{"line":103,"column":18},"end":{"line":105,"column":28}},"type":"cond-expr","locations":[{"start":{"line":104,"column":10},"end":{"line":104,"column":50}},{"start":{"line":105,"column":10},"end":{"line":105,"column":28}}],"line":103},"4":{"loc":{"start":{"line":113,"column":17},"end":{"line":113,"column":82}},"type":"cond-expr","locations":[{"start":{"line":113,"column":40},"end":{"line":113,"column":62}},{"start":{"line":113,"column":65},"end":{"line":113,"column":82}}],"line":113},"5":{"loc":{"start":{"line":127,"column":8},"end":{"line":129,"column":62}},"type":"binary-expr","locations":[{"start":{"line":127,"column":8},"end":{"line":127,"column":32}},{"start":{"line":128,"column":9},"end":{"line":128,"column":35}},{"start":{"line":128,"column":39},"end":{"line":128,"column":59}},{"start":{"line":129,"column":9},"end":{"line":129,"column":37}},{"start":{"line":129,"column":41},"end":{"line":129,"column":61}}],"line":127},"6":{"loc":{"start":{"line":130,"column":13},"end":{"line":130,"column":43}},"type":"binary-expr","locations":[{"start":{"line":130,"column":13},"end":{"line":130,"column":26}},{"start":{"line":130,"column":30},"end":{"line":130,"column":43}}],"line":130},"7":{"loc":{"start":{"line":133,"column":6},"end":{"line":135,"column":25}},"type":"cond-expr","locations":[{"start":{"line":134,"column":8},"end":{"line":134,"column":25}},{"start":{"line":135,"column":8},"end":{"line":135,"column":25}}],"line":133},"8":{"loc":{"start":{"line":144,"column":2},"end":{"line":144,"column":38}},"type":"if","locations":[{"start":{"line":144,"column":2},"end":{"line":144,"column":38}},{"start":{},"end":{}}],"line":144},"9":{"loc":{"start":{"line":148,"column":7},"end":{"line":155,"column":7}},"type":"binary-expr","locations":[{"start":{"line":148,"column":7},"end":{"line":148,"column":18}},{"start":{"line":149,"column":8},"end":{"line":154,"column":10}}],"line":148},"10":{"loc":{"start":{"line":157,"column":7},"end":{"line":164,"column":7}},"type":"binary-expr","locations":[{"start":{"line":157,"column":7},"end":{"line":157,"column":16}},{"start":{"line":158,"column":8},"end":{"line":163,"column":10}}],"line":157},"11":{"loc":{"start":{"line":244,"column":15},"end":{"line":250,"column":15}},"type":"binary-expr","locations":[{"start":{"line":244,"column":15},"end":{"line":244,"column":29}},{"start":{"line":245,"column":16},"end":{"line":249,"column":18}}],"line":244}},"s":{"0":1,"1":1,"2":5,"3":5,"4":5,"5":5,"6":5,"7":5,"8":5,"9":5,"10":5,"11":5,"12":5,"13":5,"14":5,"15":5,"16":5,"17":5,"18":5,"19":5,"20":2,"21":2,"22":5,"23":2,"24":2,"25":2,"26":0,"27":0,"28":0,"29":0,"30":0,"31":0,"32":5,"33":2,"34":2,"35":2,"36":2,"37":2,"38":0,"39":2,"40":5,"41":1,"42":1,"43":1,"44":5,"45":0,"46":0,"47":0,"48":5,"49":0,"50":0,"51":0,"52":0,"53":0,"54":0,"55":0,"56":0,"57":5,"58":0,"59":0,"60":0,"61":0,"62":0,"63":0,"64":0,"65":0,"66":0,"67":0,"68":5,"69":6,"70":6,"71":6,"72":3,"73":5,"74":5,"75":5,"76":5,"77":5,"78":2,"79":3,"80":0,"81":0,"82":1,"83":0,"84":0,"85":0,"86":0,"87":0,"88":0,"89":6,"90":0,"91":0,"92":0},"f":{"0":5,"1":2,"2":2,"3":2,"4":1,"5":0,"6":0,"7":0,"8":6,"9":3,"10":0,"11":0,"12":1,"13":0,"14":0,"15":0,"16":6,"17":0,"18":0,"19":0},"b":{"0":[2,0],"1":[1],"2":[0,0],"3":[0,0],"4":[0,0],"5":[6,0,0,0,0],"6":[6,6],"7":[3,0],"8":[2,3],"9":[3,0],"10":[3,0],"11":[3,0]},"_coverageSchema":"1a1c01bbd47fc00a2c39e90264f33305004495a9","hash":"3cb8f3c4c61e4e1b08475923ef5b6abb5a81285a"}
,"/Users/henoclaptop/Desktop/PI/bugbusters/frontend/src/pages/ServicesClient.jsx": {"path":"/Users/henoclaptop/Desktop/PI/bugbusters/frontend/src/pages/ServicesClient.jsx","statementMap":{"0":{"start":{"line":11,"column":22},"end":{"line":11,"column":45}},"1":{"start":{"line":15,"column":34},"end":{"line":15,"column":46}},"2":{"start":{"line":16,"column":32},"end":{"line":16,"column":46}},"3":{"start":{"line":19,"column":38},"end":{"line":19,"column":50}},"4":{"start":{"line":20,"column":36},"end":{"line":20,"column":51}},"5":{"start":{"line":22,"column":2},"end":{"line":24,"column":9}},"6":{"start":{"line":23,"column":4},"end":{"line":23,"column":15}},"7":{"start":{"line":26,"column":2},"end":{"line":28,"column":9}},"8":{"start":{"line":27,"column":4},"end":{"line":27,"column":18}},"9":{"start":{"line":31,"column":22},"end":{"line":54,"column":3}},"10":{"start":{"line":32,"column":4},"end":{"line":53,"column":5}},"11":{"start":{"line":34,"column":18},"end":{"line":37,"column":8}},"12":{"start":{"line":39,"column":6},"end":{"line":43,"column":7}},"13":{"start":{"line":40,"column":26},"end":{"line":40,"column":42}},"14":{"start":{"line":41,"column":8},"end":{"line":41,"column":69}},"15":{"start":{"line":42,"column":8},"end":{"line":42,"column":15}},"16":{"start":{"line":46,"column":27},"end":{"line":46,"column":43}},"17":{"start":{"line":47,"column":6},"end":{"line":47,"column":32}},"18":{"start":{"line":49,"column":6},"end":{"line":49,"column":58}},"19":{"start":{"line":50,"column":6},"end":{"line":50,"column":54}},"20":{"start":{"line":52,"column":6},"end":{"line":52,"column":24}},"21":{"start":{"line":56,"column":2},"end":{"line":56,"column":38}},"22":{"start":{"line":56,"column":15},"end":{"line":56,"column":38}},"23":{"start":{"line":58,"column":36},"end":{"line":65,"column":4}},"24":{"start":{"line":60,"column":26},"end":{"line":60,"column":87}},"25":{"start":{"line":61,"column":4},"end":{"line":61,"column":25}},"26":{"start":{"line":64,"column":4},"end":{"line":64,"column":71}},"27":{"start":{"line":68,"column":2},"end":{"line":146,"column":4}},"28":{"start":{"line":88,"column":31},"end":{"line":88,"column":60}},"29":{"start":{"line":98,"column":31},"end":{"line":98,"column":59}},"30":{"start":{"line":108,"column":10},"end":{"line":140,"column":16}}},"fnMap":{"0":{"name":"ServicesClient","decl":{"start":{"line":14,"column":9},"end":{"line":14,"column":23}},"loc":{"start":{"line":14,"column":26},"end":{"line":147,"column":1}},"line":14},"1":{"name":"(anonymous_1)","decl":{"start":{"line":22,"column":12},"end":{"line":22,"column":13}},"loc":{"start":{"line":22,"column":18},"end":{"line":24,"column":3}},"line":22},"2":{"name":"(anonymous_2)","decl":{"start":{"line":26,"column":12},"end":{"line":26,"column":13}},"loc":{"start":{"line":26,"column":18},"end":{"line":28,"column":3}},"line":26},"3":{"name":"(anonymous_3)","decl":{"start":{"line":31,"column":22},"end":{"line":31,"column":23}},"loc":{"start":{"line":31,"column":34},"end":{"line":54,"column":3}},"line":31},"4":{"name":"(anonymous_4)","decl":{"start":{"line":59,"column":10},"end":{"line":59,"column":11}},"loc":{"start":{"line":59,"column":23},"end":{"line":62,"column":3}},"line":59},"5":{"name":"(anonymous_5)","decl":{"start":{"line":63,"column":8},"end":{"line":63,"column":9}},"loc":{"start":{"line":63,"column":18},"end":{"line":65,"column":3}},"line":63},"6":{"name":"(anonymous_6)","decl":{"start":{"line":88,"column":24},"end":{"line":88,"column":25}},"loc":{"start":{"line":88,"column":31},"end":{"line":88,"column":60}},"line":88},"7":{"name":"(anonymous_7)","decl":{"start":{"line":98,"column":24},"end":{"line":98,"column":25}},"loc":{"start":{"line":98,"column":31},"end":{"line":98,"column":59}},"line":98},"8":{"name":"(anonymous_8)","decl":{"start":{"line":107,"column":39},"end":{"line":107,"column":40}},"loc":{"start":{"line":108,"column":10},"end":{"line":140,"column":16}},"line":108}},"branchMap":{"0":{"loc":{"start":{"line":39,"column":6},"end":{"line":43,"column":7}},"type":"if","locations":[{"start":{"line":39,"column":6},"end":{"line":43,"column":7}},{"start":{},"end":{}}],"line":39},"1":{"loc":{"start":{"line":41,"column":14},"end":{"line":41,"column":67}},"type":"binary-expr","locations":[{"start":{"line":41,"column":14},"end":{"line":41,"column":31}},{"start":{"line":41,"column":35},"end":{"line":41,"column":67}}],"line":41},"2":{"loc":{"start":{"line":56,"column":2},"end":{"line":56,"column":38}},"type":"if","locations":[{"start":{"line":56,"column":2},"end":{"line":56,"column":38}},{"start":{},"end":{}}],"line":56},"3":{"loc":{"start":{"line":64,"column":11},"end":{"line":64,"column":70}},"type":"cond-expr","locations":[{"start":{"line":64,"column":33},"end":{"line":64,"column":50}},{"start":{"line":64,"column":53},"end":{"line":64,"column":70}}],"line":64},"4":{"loc":{"start":{"line":111,"column":19},"end":{"line":112,"column":89}},"type":"cond-expr","locations":[{"start":{"line":112,"column":36},"end":{"line":112,"column":75}},{"start":{"line":112,"column":77},"end":{"line":112,"column":89}}],"line":111},"5":{"loc":{"start":{"line":111,"column":19},"end":{"line":111,"column":71}},"type":"binary-expr","locations":[{"start":{"line":111,"column":19},"end":{"line":111,"column":36}},{"start":{"line":111,"column":40},"end":{"line":111,"column":71}}],"line":111},"6":{"loc":{"start":{"line":114,"column":24},"end":{"line":114,"column":68}},"type":"cond-expr","locations":[{"start":{"line":114,"column":42},"end":{"line":114,"column":53}},{"start":{"line":114,"column":56},"end":{"line":114,"column":68}}],"line":114},"7":{"loc":{"start":{"line":119,"column":24},"end":{"line":119,"column":68}},"type":"cond-expr","locations":[{"start":{"line":119,"column":42},"end":{"line":119,"column":53}},{"start":{"line":119,"column":56},"end":{"line":119,"column":68}}],"line":119},"8":{"loc":{"start":{"line":125,"column":15},"end":{"line":127,"column":15}},"type":"binary-expr","locations":[{"start":{"line":125,"column":15},"end":{"line":125,"column":32}},{"start":{"line":126,"column":14},"end":{"line":126,"column":87}}],"line":125},"9":{"loc":{"start":{"line":129,"column":15},"end":{"line":133,"column":15}},"type":"binary-expr","locations":[{"start":{"line":129,"column":15},"end":{"line":129,"column":62}},{"start":{"line":130,"column":16},"end":{"line":132,"column":20}}],"line":129},"10":{"loc":{"start":{"line":134,"column":15},"end":{"line":138,"column":15}},"type":"binary-expr","locations":[{"start":{"line":134,"column":15},"end":{"line":134,"column":60}},{"start":{"line":135,"column":16},"end":{"line":137,"column":20}}],"line":134}},"s":{"0":1,"1":6,"2":6,"3":6,"4":6,"5":6,"6":2,"7":6,"8":2,"9":6,"10":2,"11":2,"12":2,"13":0,"14":0,"15":0,"16":2,"17":2,"18":0,"19":0,"20":2,"21":6,"22":2,"23":4,"24":8,"25":8,"26":2,"27":4,"28":1,"29":1,"30":6},"f":{"0":6,"1":2,"2":2,"3":2,"4":8,"5":2,"6":1,"7":1,"8":6},"b":{"0":[0,2],"1":[0,0],"2":[2,4],"3":[2,0],"4":[4,2],"5":[6,4],"6":[4,2],"7":[2,4],"8":[6,6],"9":[6,4],"10":[6,0]},"_coverageSchema":"1a1c01bbd47fc00a2c39e90264f33305004495a9","hash":"e3c88390834de8453e87fd0a5f3cffcb2e0d5be7"}
}
