TN:
SF:src/components/common/AddEditRoomModal.jsx
FN:9,AddEditRoomModal
FN:36,(anonymous_1)
FN:39,(anonymous_2)
FN:40,(anonymous_3)
FN:43,(anonymous_4)
FN:44,(anonymous_5)
FN:55,(anonymous_6)
FN:62,(anonymous_7)
FN:70,(anonymous_8)
FN:95,(anonymous_9)
FN:102,(anonymous_10)
FN:102,(anonymous_11)
FN:114,(anonymous_12)
FN:198,(anonymous_13)
FN:206,(anonymous_14)
FN:209,(anonymous_15)
FN:212,(anonymous_16)
FN:215,(anonymous_17)
FN:220,(anonymous_18)
FN:258,(anonymous_19)
FN:271,(anonymous_20)
FN:302,(anonymous_21)
FN:304,(anonymous_22)
FN:312,(anonymous_23)
FN:318,(anonymous_24)
FN:319,(anonymous_25)
FN:319,(anonymous_26)
FN:335,(anonymous_27)
FN:336,(anonymous_28)
FN:342,(anonymous_29)
FNF:30
FNH:4
FNDA:6,AddEditRoomModal
FNDA:3,(anonymous_1)
FNDA:0,(anonymous_2)
FNDA:0,(anonymous_3)
FNDA:0,(anonymous_4)
FNDA:0,(anonymous_5)
FNDA:0,(anonymous_6)
FNDA:0,(anonymous_7)
FNDA:0,(anonymous_8)
FNDA:0,(anonymous_9)
FNDA:0,(anonymous_10)
FNDA:0,(anonymous_11)
FNDA:0,(anonymous_12)
FNDA:1,(anonymous_13)
FNDA:0,(anonymous_14)
FNDA:0,(anonymous_15)
FNDA:0,(anonymous_16)
FNDA:0,(anonymous_17)
FNDA:2,(anonymous_18)
FNDA:0,(anonymous_19)
FNDA:0,(anonymous_20)
FNDA:0,(anonymous_21)
FNDA:0,(anonymous_22)
FNDA:0,(anonymous_23)
FNDA:0,(anonymous_24)
FNDA:0,(anonymous_25)
FNDA:0,(anonymous_26)
FNDA:0,(anonymous_27)
FNDA:0,(anonymous_28)
FNDA:0,(anonymous_29)
DA:7,1
DA:22,6
DA:23,6
DA:24,6
DA:25,6
DA:26,6
DA:27,6
DA:28,6
DA:29,6
DA:30,6
DA:31,6
DA:32,6
DA:33,6
DA:36,6
DA:37,3
DA:38,0
DA:39,0
DA:41,0
DA:42,0
DA:43,0
DA:44,0
DA:46,0
DA:47,0
DA:48,0
DA:50,0
DA:53,0
DA:55,0
DA:62,6
DA:63,0
DA:64,0
DA:65,0
DA:66,0
DA:70,6
DA:71,0
DA:72,0
DA:73,0
DA:74,0
DA:75,0
DA:76,0
DA:77,0
DA:78,0
DA:79,0
DA:80,0
DA:81,0
DA:83,0
DA:86,0
DA:87,0
DA:88,0
DA:95,6
DA:97,0
DA:98,0
DA:101,0
DA:102,0
DA:105,0
DA:108,0
DA:109,0
DA:110,0
DA:114,6
DA:115,0
DA:118,0
DA:119,0
DA:120,0
DA:122,0
DA:123,0
DA:128,0
DA:130,0
DA:131,0
DA:132,0
DA:134,0
DA:135,0
DA:136,0
DA:137,0
DA:141,0
DA:152,0
DA:153,0
DA:159,0
DA:160,0
DA:161,0
DA:162,0
DA:163,0
DA:166,0
DA:167,0
DA:170,0
DA:171,0
DA:172,0
DA:173,0
DA:174,0
DA:176,0
DA:177,0
DA:182,0
DA:187,0
DA:190,0
DA:191,0
DA:192,0
DA:195,0
DA:198,6
DA:199,1
DA:203,6
DA:206,0
DA:209,0
DA:212,0
DA:215,0
DA:220,2
DA:259,0
DA:260,0
DA:261,0
DA:262,0
DA:271,0
DA:303,0
DA:304,0
DA:313,0
DA:319,0
DA:335,0
DA:337,0
DA:343,0
DA:344,0
DA:346,0
LF:117
LH:23
BRDA:13,0,0,6
BRDA:14,1,0,6
BRDA:15,2,0,6
BRDA:16,3,0,6
BRDA:17,4,0,6
BRDA:18,5,0,6
BRDA:19,6,0,6
BRDA:20,7,0,0
BRDA:37,8,0,0
BRDA:37,8,1,3
BRDA:37,9,0,3
BRDA:37,9,1,0
BRDA:42,10,0,0
BRDA:42,10,1,0
BRDA:42,11,0,0
BRDA:42,11,1,0
BRDA:46,12,0,0
BRDA:46,12,1,0
BRDA:64,13,0,0
BRDA:64,13,1,0
BRDA:72,14,0,0
BRDA:72,14,1,0
BRDA:75,15,0,0
BRDA:75,15,1,0
BRDA:78,16,0,0
BRDA:78,16,1,0
BRDA:101,17,0,0
BRDA:101,17,1,0
BRDA:118,18,0,0
BRDA:118,18,1,0
BRDA:128,19,0,0
BRDA:128,19,1,0
BRDA:142,20,0,0
BRDA:142,20,1,0
BRDA:143,21,0,0
BRDA:143,21,1,0
BRDA:144,22,0,0
BRDA:144,22,1,0
BRDA:145,23,0,0
BRDA:145,23,1,0
BRDA:146,24,0,0
BRDA:146,24,1,0
BRDA:153,25,0,0
BRDA:153,25,1,0
BRDA:154,26,0,0
BRDA:154,26,1,0
BRDA:159,27,0,0
BRDA:159,27,1,0
BRDA:161,28,0,0
BRDA:161,28,1,0
BRDA:167,29,0,0
BRDA:167,29,1,0
BRDA:170,30,0,0
BRDA:170,30,1,0
BRDA:170,31,0,0
BRDA:170,31,1,0
BRDA:187,32,0,0
BRDA:187,32,1,0
BRDA:205,33,0,6
BRDA:205,33,1,0
BRDA:208,34,0,6
BRDA:208,34,1,0
BRDA:211,35,0,6
BRDA:211,35,1,0
BRDA:214,36,0,6
BRDA:214,36,1,0
BRDA:218,37,0,6
BRDA:218,37,1,6
BRDA:222,38,0,6
BRDA:222,38,1,0
BRDA:226,39,0,6
BRDA:226,39,1,6
BRDA:227,40,0,6
BRDA:227,40,1,0
BRDA:238,41,0,6
BRDA:238,41,1,6
BRDA:242,42,0,6
BRDA:242,42,1,0
BRDA:250,43,0,6
BRDA:250,43,1,6
BRDA:254,44,0,6
BRDA:254,44,1,0
BRDA:257,45,0,6
BRDA:257,45,1,6
BRDA:260,46,0,0
BRDA:260,46,1,0
BRDA:261,47,0,0
BRDA:261,47,1,0
BRDA:265,48,0,6
BRDA:265,48,1,0
BRDA:271,49,0,0
BRDA:271,49,1,0
BRDA:281,50,0,6
BRDA:281,50,1,0
BRDA:308,51,0,6
BRDA:308,51,1,0
BRDA:330,52,0,6
BRDA:330,52,1,0
BRDA:343,53,0,0
BRDA:343,53,1,0
BRDA:343,54,0,0
BRDA:343,54,1,0
BRDA:360,55,0,0
BRDA:360,55,1,6
BRDA:360,56,0,6
BRDA:360,56,1,0
BRF:106
BRH:33
end_of_record
TN:
SF:src/components/common/AlertMessage.jsx
FN:4,(anonymous_0)
FN:5,(anonymous_1)
FN:8,(anonymous_2)
FNF:3
FNH:0
FNDA:0,(anonymous_0)
FNDA:0,(anonymous_1)
FNDA:0,(anonymous_2)
DA:4,2
DA:5,0
DA:6,0
DA:7,0
DA:8,0
DA:12,0
DA:14,0
LF:7
LH:1
BRDA:4,0,0,0
BRDA:4,1,0,0
BRDA:4,2,0,0
BRDA:6,3,0,0
BRDA:6,3,1,0
BRDA:6,4,0,0
BRDA:6,4,1,0
BRDA:12,5,0,0
BRDA:12,5,1,0
BRF:9
BRH:0
end_of_record
TN:
SF:src/components/common/Auth.jsx
FN:5,(anonymous_0)
FNF:1
FNH:1
FNDA:1,(anonymous_0)
DA:5,1
DA:6,1
LF:2
LH:2
BRF:0
BRH:0
end_of_record
TN:
SF:src/components/common/CompactMenu.jsx
FN:8,(anonymous_0)
FNF:1
FNH:1
FNDA:2,(anonymous_0)
DA:6,1
DA:8,1
DA:13,2
DA:39,1
LF:4
LH:4
BRDA:8,0,0,2
BRDA:8,1,0,2
BRDA:8,2,0,2
BRDA:8,3,0,2
BRDA:14,4,0,0
BRDA:14,4,1,2
BRDA:14,5,0,0
BRDA:14,5,1,2
BRDA:16,6,0,1
BRDA:16,6,1,1
BRDA:16,7,0,2
BRDA:16,7,1,1
BRDA:23,8,0,2
BRDA:23,8,1,0
BRDA:28,9,0,0
BRDA:28,9,1,0
BRF:16
BRH:11
end_of_record
TN:
SF:src/components/common/CompactRoom.jsx
FN:6,(anonymous_0)
FNF:1
FNH:1
FNDA:2,(anonymous_0)
DA:6,1
DA:7,2
DA:10,2
DA:11,2
DA:12,0
DA:13,2
DA:14,0
DA:17,2
DA:41,1
LF:9
LH:7
BRDA:6,0,0,2
BRDA:6,1,0,2
BRDA:6,2,0,2
BRDA:11,3,0,0
BRDA:11,3,1,2
BRDA:11,4,0,2
BRDA:11,4,1,0
BRDA:13,5,0,0
BRDA:13,5,1,2
BRDA:13,6,0,2
BRDA:13,6,1,0
BRDA:18,7,0,0
BRDA:18,7,1,2
BRDA:18,8,0,0
BRDA:18,8,1,2
BRDA:20,9,0,1
BRDA:20,9,1,1
BRDA:20,10,0,2
BRDA:20,10,1,1
BRDA:26,11,0,2
BRDA:26,11,1,0
BRDA:30,12,0,0
BRDA:30,12,1,0
BRDA:30,13,0,0
BRDA:30,13,1,0
BRF:25
BRH:14
end_of_record
TN:
SF:src/components/common/ExpandedMenu.jsx
FN:7,(anonymous_0)
FN:26,(anonymous_1)
FNF:2
FNH:2
FNDA:4,(anonymous_0)
FNDA:6,(anonymous_1)
DA:5,1
DA:7,1
DA:8,4
DA:27,6
LF:4
LH:4
BRDA:12,0,0,3
BRDA:12,0,1,1
BRDA:12,1,0,4
BRDA:12,1,1,3
BRDA:20,2,0,4
BRDA:20,2,1,0
BRDA:25,3,0,3
BRDA:25,3,1,1
BRDA:25,4,0,4
BRDA:25,4,1,4
BRF:10
BRH:9
end_of_record
TN:
SF:src/components/common/ExpandedRoom.jsx
FN:6,(anonymous_0)
FN:9,(anonymous_1)
FN:11,(anonymous_2)
FN:12,(anonymous_3)
FN:29,(anonymous_4)
FNF:5
FNH:5
FNDA:4,(anonymous_0)
FNDA:3,(anonymous_1)
FNDA:3,(anonymous_2)
FNDA:3,(anonymous_3)
FNDA:2,(anonymous_4)
DA:6,1
DA:7,4
DA:8,4
DA:9,4
DA:11,4
DA:12,3
DA:13,3
DA:14,3
DA:15,3
DA:16,3
DA:18,0
DA:22,3
DA:23,3
DA:24,3
DA:29,4
DA:31,4
LF:16
LH:15
BRDA:22,0,0,3
BRDA:22,0,1,0
BRDA:36,1,0,1
BRDA:36,1,1,3
BRDA:40,2,0,2
BRDA:40,2,1,1
BRF:6
BRH:5
end_of_record
TN:
SF:src/components/common/Footer.jsx
FN:3,Footer
FNF:1
FNH:1
FNDA:3,Footer
DA:4,3
LF:1
LH:1
BRF:0
BRH:0
end_of_record
TN:
SF:src/components/common/Navigation.jsx
FN:9,Navigation
FN:19,(anonymous_1)
FN:23,(anonymous_2)
FN:27,(anonymous_3)
FN:31,(anonymous_4)
FN:38,(anonymous_5)
FN:39,(anonymous_6)
FN:46,(anonymous_7)
FN:49,(anonymous_8)
FN:51,(anonymous_9)
FN:54,(anonymous_10)
FN:55,(anonymous_11)
FN:88,(anonymous_12)
FN:102,(anonymous_13)
FN:107,(anonymous_14)
FN:123,(anonymous_15)
FN:131,(anonymous_16)
FNF:17
FNH:12
FNDA:8,Navigation
FNDA:2,(anonymous_1)
FNDA:0,(anonymous_2)
FNDA:2,(anonymous_3)
FNDA:0,(anonymous_4)
FNDA:5,(anonymous_5)
FNDA:5,(anonymous_6)
FNDA:5,(anonymous_7)
FNDA:5,(anonymous_8)
FNDA:5,(anonymous_9)
FNDA:5,(anonymous_10)
FNDA:5,(anonymous_11)
FNDA:5,(anonymous_12)
FNDA:0,(anonymous_13)
FNDA:0,(anonymous_14)
FNDA:16,(anonymous_15)
FNDA:0,(anonymous_16)
DA:10,8
DA:11,8
DA:12,8
DA:13,8
DA:14,8
DA:16,8
DA:17,8
DA:19,8
DA:20,2
DA:23,8
DA:24,0
DA:27,8
DA:28,2
DA:31,8
DA:32,0
DA:33,0
DA:34,0
DA:35,0
DA:38,8
DA:39,5
DA:40,5
DA:41,5
DA:42,5
DA:44,5
DA:45,5
DA:46,5
DA:49,8
DA:50,5
DA:51,5
DA:54,8
DA:55,5
DA:56,5
DA:57,5
DA:58,1
DA:59,1
DA:60,1
DA:62,1
DA:70,1
DA:72,0
DA:73,0
DA:76,0
DA:77,0
DA:78,0
DA:81,4
DA:85,5
DA:86,5
DA:88,5
DA:89,5
DA:94,8
DA:103,0
DA:107,0
DA:124,16
DA:131,0
LF:53
LH:40
BRDA:41,0,0,0
BRDA:41,0,1,5
BRDA:57,1,0,1
BRDA:57,1,1,4
BRDA:62,2,0,1
BRDA:62,2,1,0
BRDA:63,3,0,1
BRDA:63,3,1,1
BRDA:63,3,2,1
BRDA:63,3,3,1
BRDA:63,3,4,1
BRDA:63,3,5,1
BRDA:95,4,0,2
BRDA:95,4,1,6
BRDA:96,5,0,8
BRDA:96,5,1,0
BRDA:105,6,0,0
BRDA:105,6,1,0
BRDA:121,7,0,0
BRDA:121,7,1,8
BRDA:123,8,0,8
BRDA:123,8,1,8
BRDA:129,9,0,8
BRDA:129,9,1,8
BRDA:142,10,0,1
BRDA:142,10,1,7
BRDA:142,11,0,8
BRDA:142,11,1,1
BRF:28
BRH:22
end_of_record
TN:
SF:src/components/common/ProductModal.jsx
FN:5,(anonymous_0)
FN:26,(anonymous_1)
FN:43,(anonymous_2)
FN:55,(anonymous_3)
FN:103,(anonymous_4)
FNF:5
FNH:3
FNDA:10,(anonymous_0)
FNDA:5,(anonymous_1)
FNDA:0,(anonymous_2)
FNDA:1,(anonymous_3)
FNDA:0,(anonymous_4)
DA:5,1
DA:6,10
DA:7,10
DA:8,10
DA:9,10
DA:10,10
DA:16,10
DA:26,10
DA:27,5
DA:28,2
DA:34,2
DA:35,3
DA:36,2
DA:37,2
DA:43,10
DA:44,0
DA:51,0
DA:52,0
DA:55,10
DA:56,1
DA:57,1
DA:60,10
DA:62,10
DA:103,0
LF:24
LH:20
BRDA:27,0,0,2
BRDA:27,0,1,3
BRDA:35,1,0,2
BRDA:35,1,1,1
BRDA:35,2,0,3
BRDA:35,2,1,3
BRDA:35,2,2,2
BRDA:37,3,0,2
BRDA:37,3,1,0
BRDA:60,4,0,0
BRDA:60,4,1,10
BRDA:67,5,0,10
BRDA:67,5,1,6
BRDA:67,5,2,4
BRDA:69,6,0,4
BRDA:69,6,1,0
BRDA:77,7,0,4
BRDA:77,7,1,0
BRDA:83,8,0,4
BRDA:83,8,1,0
BRDA:89,9,0,4
BRDA:89,9,1,0
BRDA:97,10,0,4
BRDA:97,10,1,0
BRDA:103,11,0,0
BRDA:103,11,1,0
BRDA:110,12,0,4
BRDA:110,12,1,0
BRDA:118,13,0,10
BRDA:118,13,1,4
BRDA:118,13,2,4
BRDA:126,14,0,10
BRDA:126,14,1,2
BRDA:126,14,2,2
BRF:34
BRH:24
end_of_record
TN:
SF:src/components/common/ServiceModal.jsx
FN:12,(anonymous_0)
FN:44,(anonymous_1)
FN:65,(anonymous_2)
FN:74,(anonymous_3)
FN:83,(anonymous_4)
FN:89,(anonymous_5)
FN:121,(anonymous_6)
FN:130,(anonymous_7)
FN:160,(anonymous_8)
FN:168,(anonymous_9)
FN:174,(anonymous_10)
FN:204,(anonymous_11)
FN:233,(anonymous_12)
FN:276,(anonymous_13)
FN:299,(anonymous_14)
FN:306,(anonymous_15)
FN:318,(anonymous_16)
FNF:17
FNH:8
FNDA:12,(anonymous_0)
FNDA:6,(anonymous_1)
FNDA:6,(anonymous_2)
FNDA:0,(anonymous_3)
FNDA:0,(anonymous_4)
FNDA:0,(anonymous_5)
FNDA:0,(anonymous_6)
FNDA:1,(anonymous_7)
FNDA:0,(anonymous_8)
FNDA:0,(anonymous_9)
FNDA:2,(anonymous_10)
FNDA:0,(anonymous_11)
FNDA:0,(anonymous_12)
FNDA:2,(anonymous_13)
FNDA:1,(anonymous_14)
FNDA:1,(anonymous_15)
FNDA:0,(anonymous_16)
DA:10,1
DA:12,1
DA:13,12
DA:14,12
DA:15,12
DA:16,12
DA:23,12
DA:32,12
DA:33,12
DA:34,12
DA:36,12
DA:37,12
DA:38,12
DA:39,12
DA:41,12
DA:42,12
DA:44,12
DA:45,6
DA:46,2
DA:47,2
DA:48,2
DA:49,2
DA:50,4
DA:51,4
DA:53,4
DA:58,4
DA:59,4
DA:60,4
DA:61,4
DA:65,12
DA:66,6
DA:67,6
DA:68,0
DA:70,6
DA:74,12
DA:75,0
DA:76,0
DA:77,0
DA:78,0
DA:79,0
DA:83,12
DA:84,0
DA:85,0
DA:86,0
DA:89,12
DA:90,0
DA:91,0
DA:93,0
DA:94,0
DA:95,0
DA:97,0
DA:102,0
DA:103,0
DA:104,0
DA:107,0
DA:108,0
DA:109,0
DA:110,0
DA:113,0
DA:119,0
DA:120,0
DA:121,0
DA:122,0
DA:124,0
DA:125,0
DA:126,0
DA:130,12
DA:131,1
DA:132,1
DA:133,1
DA:135,0
DA:136,0
DA:137,0
DA:141,12
DA:149,0
DA:154,12
DA:160,0
DA:168,0
DA:174,2
DA:205,0
DA:206,0
DA:207,0
DA:208,0
DA:233,0
DA:276,2
DA:299,1
DA:306,1
DA:318,0
LF:88
LH:46
BRDA:45,0,0,2
BRDA:45,0,1,4
BRDA:50,1,0,4
BRDA:50,1,1,0
BRDA:50,2,0,4
BRDA:50,2,1,4
BRDA:50,2,2,1
BRDA:50,2,3,4
BRDA:50,2,4,4
BRDA:51,3,0,0
BRDA:51,3,1,4
BRDA:51,4,0,4
BRDA:51,4,1,4
BRDA:51,4,2,4
BRDA:59,5,0,4
BRDA:59,5,1,0
BRDA:67,6,0,0
BRDA:67,6,1,6
BRDA:76,7,0,0
BRDA:76,7,1,0
BRDA:91,8,0,0
BRDA:91,8,1,0
BRDA:93,9,0,0
BRDA:93,9,1,0
BRDA:102,10,0,0
BRDA:102,10,1,0
BRDA:109,11,0,0
BRDA:109,11,1,0
BRDA:109,12,0,0
BRDA:109,12,1,0
BRDA:141,13,0,0
BRDA:141,13,1,12
BRDA:142,14,0,12
BRDA:142,14,1,12
BRDA:142,14,2,6
BRDA:142,14,3,6
BRDA:142,14,4,6
BRDA:142,14,5,6
BRDA:156,15,0,12
BRDA:156,15,1,0
BRDA:164,16,0,12
BRDA:164,16,1,0
BRDA:179,17,0,12
BRDA:179,17,1,8
BRDA:179,17,2,4
BRDA:181,18,0,4
BRDA:181,18,1,0
BRDA:192,19,0,0
BRDA:192,19,1,4
BRDA:192,20,0,4
BRDA:192,20,1,4
BRDA:195,21,0,4
BRDA:195,21,1,0
BRDA:202,22,0,0
BRDA:202,22,1,4
BRDA:202,23,0,4
BRDA:202,23,1,4
BRDA:206,24,0,0
BRDA:206,24,1,0
BRDA:207,25,0,0
BRDA:207,25,1,0
BRDA:212,26,0,4
BRDA:212,26,1,0
BRDA:221,27,0,0
BRDA:221,27,1,4
BRDA:221,28,0,4
BRDA:221,28,1,4
BRDA:227,29,0,4
BRDA:227,29,1,0
BRDA:233,30,0,0
BRDA:233,30,1,0
BRDA:249,31,0,4
BRDA:249,31,1,4
BRDA:249,31,2,0
BRDA:251,32,0,0
BRDA:251,32,1,0
BRDA:264,33,0,4
BRDA:264,33,1,0
BRDA:274,34,0,12
BRDA:274,34,1,6
BRDA:274,34,2,6
BRDA:284,35,0,6
BRDA:284,35,1,0
BRDA:284,36,0,6
BRDA:284,36,1,6
BRDA:292,37,0,6
BRDA:292,37,1,0
BRDA:295,38,0,6
BRDA:295,38,1,6
BRDA:314,39,0,6
BRDA:314,39,1,0
BRDA:333,40,0,12
BRDA:333,40,1,2
BRDA:333,40,2,2
BRF:94
BRH:55
end_of_record
TN:
SF:src/components/common/UserModal.jsx
FN:5,(anonymous_0)
FN:30,(anonymous_1)
FN:44,(anonymous_2)
FN:54,(anonymous_3)
FN:127,(anonymous_4)
FNF:5
FNH:3
FNDA:8,(anonymous_0)
FNDA:4,(anonymous_1)
FNDA:0,(anonymous_2)
FNDA:1,(anonymous_3)
FNDA:0,(anonymous_4)
DA:5,1
DA:6,8
DA:7,8
DA:8,8
DA:9,8
DA:17,8
DA:28,8
DA:30,8
DA:31,4
DA:32,1
DA:40,3
DA:44,8
DA:45,0
DA:46,0
DA:47,0
DA:49,0
DA:54,8
DA:55,1
DA:56,1
DA:57,1
DA:61,8
DA:63,8
DA:128,0
LF:23
LH:18
BRDA:31,0,0,1
BRDA:31,0,1,3
BRDA:31,1,0,4
BRDA:31,1,1,4
BRDA:31,1,2,1
BRDA:33,2,0,1
BRDA:33,2,1,0
BRDA:34,3,0,1
BRDA:34,3,1,0
BRDA:35,4,0,1
BRDA:35,4,1,0
BRDA:55,5,0,1
BRDA:55,5,1,0
BRDA:55,6,0,1
BRDA:55,6,1,1
BRDA:61,7,0,0
BRDA:61,7,1,8
BRDA:68,8,0,8
BRDA:68,8,1,4
BRDA:68,8,2,4
BRDA:70,9,0,4
BRDA:70,9,1,0
BRDA:78,10,0,4
BRDA:78,10,1,0
BRDA:91,11,0,4
BRDA:91,11,1,0
BRDA:104,12,0,4
BRDA:104,12,1,0
BRDA:109,13,0,0
BRDA:109,13,1,4
BRDA:111,14,0,0
BRDA:111,14,1,4
BRDA:118,15,0,4
BRDA:118,15,1,0
BRDA:120,16,0,4
BRDA:120,16,1,4
BRDA:128,17,0,0
BRDA:128,17,1,0
BRDA:131,18,0,4
BRDA:131,18,1,0
BRDA:141,19,0,0
BRDA:141,19,1,4
BRDA:143,20,0,4
BRDA:143,20,1,0
BRDA:152,21,0,8
BRDA:152,21,1,2
BRDA:152,21,2,2
BRDA:154,22,0,2
BRDA:154,22,1,2
BRDA:181,23,0,8
BRDA:181,23,1,2
BRDA:181,23,2,2
BRF:52
BRH:35
end_of_record
TN:
SF:src/pages/AccountSettings.jsx
FN:11,(anonymous_0)
FN:19,(anonymous_1)
FN:20,(anonymous_2)
FN:47,(anonymous_3)
FN:51,(anonymous_4)
FN:56,(anonymous_5)
FN:141,(anonymous_6)
FN:149,(anonymous_7)
FN:153,(anonymous_8)
FN:163,(anonymous_9)
FN:169,(anonymous_10)
FN:173,(anonymous_11)
FNF:12
FNH:7
FNDA:14,(anonymous_0)
FNDA:6,(anonymous_1)
FNDA:6,(anonymous_2)
FNDA:0,(anonymous_3)
FNDA:2,(anonymous_4)
FNDA:1,(anonymous_5)
FNDA:3,(anonymous_6)
FNDA:0,(anonymous_7)
FNDA:0,(anonymous_8)
FNDA:0,(anonymous_9)
FNDA:1,(anonymous_10)
FNDA:0,(anonymous_11)
DA:9,1
DA:11,1
DA:12,14
DA:13,14
DA:14,14
DA:15,14
DA:16,14
DA:18,14
DA:19,14
DA:20,6
DA:21,6
DA:22,6
DA:24,1
DA:25,1
DA:26,0
DA:28,0
DA:29,0
DA:30,0
DA:32,0
DA:33,0
DA:35,0
DA:36,0
DA:39,1
DA:40,1
DA:41,1
DA:45,6
DA:47,14
DA:48,0
DA:51,14
DA:52,2
DA:53,2
DA:56,14
DA:57,1
DA:58,0
DA:59,0
DA:62,1
DA:64,1
DA:66,1
DA:67,1
DA:77,1
DA:78,1
DA:80,1
DA:81,1
DA:84,1
DA:85,0
DA:86,0
DA:90,1
DA:91,1
DA:92,1
DA:94,0
DA:98,14
DA:141,3
DA:149,0
DA:153,0
DA:163,0
DA:169,1
DA:173,0
LF:57
LH:39
BRDA:22,0,0,5
BRDA:22,0,1,1
BRDA:28,1,0,0
BRDA:28,1,1,0
BRDA:28,2,0,0
BRDA:28,2,1,0
BRDA:30,3,0,0
BRDA:30,3,1,0
BRDA:57,4,0,0
BRDA:57,4,1,1
BRDA:84,5,0,0
BRDA:84,5,1,1
BRDA:85,6,0,0
BRDA:85,6,1,0
BRDA:146,7,0,14
BRDA:146,7,1,3
BRDA:160,8,0,14
BRDA:160,8,1,5
BRDA:172,9,0,5
BRDA:172,9,1,1
BRF:20
BRH:10
end_of_record
TN:
SF:src/pages/AdminDashBoard.jsx
FN:27,(anonymous_0)
FN:34,(anonymous_1)
FN:35,(anonymous_2)
FN:62,(anonymous_3)
FN:63,(anonymous_4)
FN:137,(anonymous_5)
FN:142,(anonymous_6)
FN:178,(anonymous_7)
FNF:8
FNH:8
FNDA:2,(anonymous_0)
FNDA:1,(anonymous_1)
FNDA:1,(anonymous_2)
FNDA:1,(anonymous_3)
FNDA:1,(anonymous_4)
FNDA:2,(anonymous_5)
FNDA:2,(anonymous_6)
FNDA:1,(anonymous_7)
DA:23,1
DA:25,1
DA:27,1
DA:28,2
DA:29,2
DA:30,2
DA:31,2
DA:32,2
DA:34,2
DA:35,1
DA:36,1
DA:37,1
DA:43,1
DA:49,1
DA:50,1
DA:51,1
DA:53,0
DA:55,1
DA:59,1
DA:62,2
DA:63,1
DA:64,1
DA:65,1
DA:67,1
DA:68,1
DA:69,1
DA:71,1
DA:72,0
DA:73,0
DA:76,1
DA:80,1
DA:82,1
DA:83,1
DA:85,0
DA:86,0
DA:90,1
DA:93,2
DA:95,1
DA:137,2
DA:142,2
DA:179,1
LF:41
LH:36
BRDA:65,0,0,0
BRDA:65,0,1,1
BRDA:71,1,0,0
BRDA:71,1,1,1
BRDA:71,2,0,1
BRDA:71,2,1,1
BRDA:80,3,0,0
BRDA:80,3,1,1
BRDA:93,4,0,1
BRDA:93,4,1,1
BRDA:113,5,0,1
BRDA:113,5,1,0
BRDA:117,6,0,1
BRDA:117,6,1,0
BRDA:121,7,0,1
BRDA:121,7,1,0
BRDA:132,8,0,0
BRDA:132,8,1,1
BRDA:166,9,0,0
BRDA:166,9,1,1
BRF:20
BRH:12
end_of_record
TN:
SF:src/pages/Administrator.jsx
FN:14,(anonymous_0)
FN:27,(anonymous_1)
FN:28,(anonymous_2)
FN:56,(anonymous_3)
FN:62,(anonymous_4)
FN:79,(anonymous_5)
FN:83,(anonymous_6)
FN:89,(anonymous_7)
FN:95,(anonymous_8)
FN:108,(anonymous_9)
FN:161,(anonymous_10)
FN:177,(anonymous_11)
FN:178,(anonymous_12)
FN:179,(anonymous_13)
FN:180,(anonymous_14)
FNF:15
FNH:6
FNDA:3,(anonymous_0)
FNDA:2,(anonymous_1)
FNDA:2,(anonymous_2)
FNDA:2,(anonymous_3)
FNDA:2,(anonymous_4)
FNDA:2,(anonymous_5)
FNDA:0,(anonymous_6)
FNDA:0,(anonymous_7)
FNDA:0,(anonymous_8)
FNDA:0,(anonymous_9)
FNDA:0,(anonymous_10)
FNDA:0,(anonymous_11)
FNDA:0,(anonymous_12)
FNDA:0,(anonymous_13)
FNDA:0,(anonymous_14)
DA:12,1
DA:14,1
DA:15,3
DA:16,3
DA:17,3
DA:18,3
DA:19,3
DA:20,3
DA:21,3
DA:22,3
DA:24,3
DA:25,3
DA:27,3
DA:28,2
DA:29,2
DA:30,2
DA:32,2
DA:33,2
DA:34,0
DA:36,0
DA:37,0
DA:38,0
DA:40,0
DA:41,0
DA:43,0
DA:44,0
DA:47,2
DA:48,2
DA:49,2
DA:53,2
DA:56,3
DA:57,2
DA:58,2
DA:59,2
DA:60,2
DA:62,2
DA:71,1
DA:73,1
DA:75,2
DA:79,3
DA:80,2
DA:83,3
DA:84,0
DA:85,0
DA:86,0
DA:89,3
DA:90,0
DA:91,0
DA:92,0
DA:95,3
DA:96,0
DA:97,0
DA:98,0
DA:99,0
DA:100,0
DA:102,0
DA:103,0
DA:104,0
DA:108,3
DA:109,0
DA:120,0
DA:121,0
DA:124,0
DA:125,0
DA:126,0
DA:131,0
DA:132,0
DA:133,0
DA:134,0
DA:139,0
DA:140,0
DA:143,0
DA:145,0
DA:149,3
DA:150,3
DA:151,3
DA:152,3
DA:154,3
DA:156,1
DA:161,0
DA:177,0
DA:178,0
DA:179,0
DA:180,0
LF:84
LH:43
BRDA:30,0,0,0
BRDA:30,0,1,2
BRDA:36,1,0,0
BRDA:36,1,1,0
BRDA:36,2,0,0
BRDA:36,2,1,0
BRDA:38,3,0,0
BRDA:38,3,1,0
BRDA:63,4,0,2
BRDA:63,4,1,1
BRDA:66,5,0,1
BRDA:66,5,1,1
BRDA:83,6,0,0
BRDA:112,7,0,0
BRDA:112,7,1,0
BRDA:113,8,0,0
BRDA:113,8,1,0
BRDA:117,9,0,0
BRDA:117,9,1,0
BRDA:120,10,0,0
BRDA:120,10,1,0
BRDA:125,11,0,0
BRDA:125,11,1,0
BRDA:133,12,0,0
BRDA:133,12,1,0
BRDA:154,13,0,2
BRDA:154,13,1,1
BRDA:182,14,0,1
BRDA:182,14,1,0
BRF:29
BRH:8
end_of_record
TN:
SF:src/pages/MenusAdmin.jsx
FN:17,MenusAdmin
FN:40,(anonymous_1)
FN:45,(anonymous_2)
FN:74,(anonymous_3)
FN:100,(anonymous_4)
FN:103,(anonymous_5)
FN:108,(anonymous_6)
FN:122,(anonymous_7)
FN:139,(anonymous_8)
FN:147,(anonymous_9)
FN:162,(anonymous_10)
FN:175,(anonymous_11)
FN:182,(anonymous_12)
FN:195,(anonymous_13)
FN:209,(anonymous_14)
FN:214,(anonymous_15)
FN:218,(anonymous_16)
FN:240,(anonymous_17)
FN:244,(anonymous_18)
FNF:19
FNH:10
FNDA:5,MenusAdmin
FNDA:2,(anonymous_1)
FNDA:2,(anonymous_2)
FNDA:2,(anonymous_3)
FNDA:7,(anonymous_4)
FNDA:7,(anonymous_5)
FNDA:5,(anonymous_6)
FNDA:0,(anonymous_7)
FNDA:0,(anonymous_8)
FNDA:0,(anonymous_9)
FNDA:1,(anonymous_10)
FNDA:0,(anonymous_11)
FNDA:7,(anonymous_12)
FNDA:0,(anonymous_13)
FNDA:6,(anonymous_14)
FNDA:0,(anonymous_15)
FNDA:0,(anonymous_16)
FNDA:0,(anonymous_17)
FNDA:0,(anonymous_18)
DA:15,1
DA:18,5
DA:19,5
DA:20,5
DA:21,5
DA:24,5
DA:25,5
DA:26,5
DA:27,5
DA:30,5
DA:31,5
DA:32,5
DA:35,5
DA:36,5
DA:38,5
DA:40,5
DA:41,2
DA:42,2
DA:45,5
DA:46,2
DA:47,2
DA:49,2
DA:50,2
DA:51,2
DA:56,2
DA:57,0
DA:58,0
DA:59,0
DA:62,2
DA:63,2
DA:64,2
DA:65,2
DA:66,2
DA:69,0
DA:70,0
DA:74,5
DA:75,2
DA:76,2
DA:77,2
DA:82,2
DA:83,0
DA:84,0
DA:85,0
DA:88,2
DA:89,2
DA:91,0
DA:92,0
DA:94,2
DA:98,5
DA:100,7
DA:102,3
DA:104,7
DA:105,7
DA:106,7
DA:108,5
DA:111,3
DA:112,3
DA:113,3
DA:114,3
DA:116,3
DA:122,0
DA:139,0
DA:147,0
DA:163,1
DA:164,1
DA:176,0
DA:177,0
DA:183,7
DA:196,0
DA:197,0
DA:210,6
DA:215,0
DA:216,0
DA:219,0
DA:220,0
DA:241,0
DA:242,0
DA:245,0
DA:246,0
LF:79
LH:54
BRDA:47,0,0,0
BRDA:47,0,1,2
BRDA:56,1,0,0
BRDA:56,1,1,2
BRDA:58,2,0,0
BRDA:58,2,1,0
BRDA:82,3,0,0
BRDA:82,3,1,2
BRDA:84,4,0,0
BRDA:84,4,1,0
BRDA:98,5,0,2
BRDA:98,5,1,3
BRDA:105,6,0,7
BRDA:105,6,1,0
BRDA:106,7,0,7
BRDA:106,7,1,6
BRDA:108,8,0,5
BRDA:108,8,1,0
BRDA:118,9,0,3
BRDA:118,9,1,0
BRDA:135,10,0,0
BRDA:135,10,1,3
BRDA:227,11,0,3
BRDA:227,11,1,0
BRDA:237,12,0,3
BRDA:237,12,1,0
BRF:26
BRH:13
end_of_record
TN:
SF:src/pages/RoomsAdmin.jsx
FN:18,RoomsAdmin
FN:49,(anonymous_1)
FN:54,(anonymous_2)
FN:82,(anonymous_3)
FN:83,(anonymous_4)
FN:87,(anonymous_5)
FN:112,(anonymous_6)
FN:115,(anonymous_7)
FN:121,(anonymous_8)
FN:126,(anonymous_9)
FN:129,(anonymous_10)
FN:132,(anonymous_11)
FN:139,(anonymous_12)
FN:143,(anonymous_13)
FN:166,(anonymous_14)
FN:175,(anonymous_15)
FN:190,(anonymous_16)
FN:207,(anonymous_17)
FN:218,(anonymous_18)
FN:224,(anonymous_19)
FN:236,(anonymous_20)
FN:247,(anonymous_21)
FN:262,(anonymous_22)
FN:263,(anonymous_23)
FN:281,(anonymous_24)
FN:282,(anonymous_25)
FNF:26
FNH:11
FNDA:5,RoomsAdmin
FNDA:2,(anonymous_1)
FNDA:2,(anonymous_2)
FNDA:2,(anonymous_3)
FNDA:2,(anonymous_4)
FNDA:2,(anonymous_5)
FNDA:0,(anonymous_6)
FNDA:0,(anonymous_7)
FNDA:0,(anonymous_8)
FNDA:0,(anonymous_9)
FNDA:0,(anonymous_10)
FNDA:0,(anonymous_11)
FNDA:2,(anonymous_12)
FNDA:1,(anonymous_13)
FNDA:0,(anonymous_14)
FNDA:0,(anonymous_15)
FNDA:1,(anonymous_16)
FNDA:0,(anonymous_17)
FNDA:0,(anonymous_18)
FNDA:2,(anonymous_19)
FNDA:0,(anonymous_20)
FNDA:2,(anonymous_21)
FNDA:0,(anonymous_22)
FNDA:0,(anonymous_23)
FNDA:0,(anonymous_24)
FNDA:0,(anonymous_25)
DA:16,1
DA:19,5
DA:20,5
DA:21,5
DA:22,5
DA:23,5
DA:24,5
DA:27,5
DA:28,5
DA:29,5
DA:30,5
DA:33,5
DA:34,5
DA:35,5
DA:38,5
DA:39,5
DA:40,5
DA:41,5
DA:44,5
DA:45,5
DA:47,5
DA:49,5
DA:50,2
DA:51,2
DA:54,5
DA:55,2
DA:56,2
DA:58,2
DA:59,2
DA:60,2
DA:65,2
DA:66,0
DA:67,0
DA:68,0
DA:71,2
DA:72,2
DA:73,2
DA:74,2
DA:75,2
DA:77,0
DA:78,0
DA:82,5
DA:83,2
DA:84,2
DA:87,5
DA:88,2
DA:89,2
DA:90,2
DA:95,2
DA:96,0
DA:97,0
DA:98,0
DA:101,2
DA:102,2
DA:103,2
DA:105,0
DA:106,0
DA:108,2
DA:112,5
DA:113,0
DA:114,0
DA:115,0
DA:116,0
DA:117,0
DA:121,5
DA:122,0
DA:123,0
DA:124,0
DA:125,0
DA:126,0
DA:129,5
DA:130,0
DA:131,0
DA:132,0
DA:133,0
DA:134,0
DA:138,5
DA:140,2
DA:144,1
DA:145,0
DA:147,1
DA:148,1
DA:149,1
DA:153,5
DA:154,5
DA:155,5
DA:156,5
DA:158,5
DA:160,3
DA:166,0
DA:175,0
DA:191,1
DA:192,1
DA:208,0
DA:209,0
DA:219,0
DA:220,0
DA:225,2
DA:237,0
DA:238,0
DA:248,2
DA:262,0
DA:263,0
DA:281,0
DA:282,0
LF:105
LH:67
BRDA:56,0,0,0
BRDA:56,0,1,2
BRDA:65,1,0,0
BRDA:65,1,1,2
BRDA:67,2,0,0
BRDA:67,2,1,0
BRDA:95,3,0,0
BRDA:95,3,1,2
BRDA:97,4,0,0
BRDA:97,4,1,0
BRDA:121,5,0,0
BRDA:129,6,0,0
BRDA:140,7,0,2
BRDA:140,7,1,2
BRDA:140,7,2,0
BRDA:144,8,0,0
BRDA:144,8,1,1
BRDA:145,9,0,0
BRDA:145,9,1,0
BRDA:149,10,0,1
BRDA:149,10,1,0
BRDA:158,11,0,2
BRDA:158,11,1,3
BRDA:162,12,0,3
BRDA:162,12,1,0
BRDA:171,13,0,3
BRDA:171,13,1,0
BRDA:182,14,0,1
BRDA:182,14,1,2
BRDA:253,15,0,0
BRDA:253,15,1,2
BRDA:253,16,0,2
BRDA:253,16,1,0
BRDA:268,17,0,3
BRDA:268,17,1,0
BRDA:278,18,0,3
BRDA:278,18,1,1
BRF:37
BRH:18
end_of_record
TN:
SF:src/pages/RoomsClient.jsx
FN:15,RoomsClient
FN:26,(anonymous_1)
FN:30,(anonymous_2)
FN:34,(anonymous_3)
FN:45,(anonymous_4)
FN:68,(anonymous_5)
FN:71,(anonymous_6)
FN:76,(anonymous_7)
FN:109,(anonymous_8)
FN:119,(anonymous_9)
FN:123,(anonymous_10)
FN:136,(anonymous_11)
FN:149,(anonymous_12)
FN:150,(anonymous_13)
FN:157,(anonymous_14)
FN:161,(anonymous_15)
FNF:16
FNH:12
FNDA:6,RoomsClient
FNDA:2,(anonymous_1)
FNDA:2,(anonymous_2)
FNDA:2,(anonymous_3)
FNDA:2,(anonymous_4)
FNDA:8,(anonymous_5)
FNDA:8,(anonymous_6)
FNDA:2,(anonymous_7)
FNDA:1,(anonymous_8)
FNDA:1,(anonymous_9)
FNDA:8,(anonymous_10)
FNDA:0,(anonymous_11)
FNDA:0,(anonymous_12)
FNDA:0,(anonymous_13)
FNDA:5,(anonymous_14)
FNDA:0,(anonymous_15)
DA:13,1
DA:16,6
DA:17,6
DA:18,6
DA:19,6
DA:20,6
DA:21,6
DA:22,6
DA:23,6
DA:24,6
DA:26,6
DA:27,2
DA:30,6
DA:31,2
DA:34,6
DA:35,2
DA:36,0
DA:38,0
DA:41,0
DA:45,6
DA:46,2
DA:47,2
DA:52,2
DA:53,0
DA:54,0
DA:55,0
DA:58,2
DA:59,2
DA:61,0
DA:62,0
DA:64,2
DA:68,8
DA:70,6
DA:72,8
DA:73,8
DA:74,8
DA:76,2
DA:79,6
DA:80,6
DA:81,6
DA:82,6
DA:84,6
DA:86,4
DA:109,1
DA:119,1
DA:124,8
DA:136,0
DA:149,0
DA:150,0
DA:158,5
DA:161,0
LF:51
LH:39
BRDA:35,0,0,0
BRDA:35,0,1,2
BRDA:35,1,0,2
BRDA:35,1,1,0
BRDA:52,2,0,0
BRDA:52,2,1,2
BRDA:54,3,0,0
BRDA:54,3,1,0
BRDA:73,4,0,8
BRDA:73,4,1,2
BRDA:74,5,0,8
BRDA:74,5,1,8
BRDA:74,5,2,6
BRDA:76,6,0,2
BRDA:76,6,1,0
BRDA:84,7,0,2
BRDA:84,7,1,4
BRDA:146,8,0,4
BRDA:146,8,1,0
BRDA:169,9,0,4
BRDA:169,9,1,0
BRF:21
BRH:13
end_of_record
TN:
SF:src/pages/ServicesAdmin.jsx
FN:17,(anonymous_0)
FN:42,(anonymous_1)
FN:49,(anonymous_2)
FN:62,(anonymous_3)
FN:75,(anonymous_4)
FN:81,(anonymous_5)
FN:87,(anonymous_6)
FN:100,(anonymous_7)
FN:124,(anonymous_8)
FN:132,(anonymous_9)
FN:152,(anonymous_10)
FN:161,(anonymous_11)
FN:182,(anonymous_12)
FN:195,(anonymous_13)
FN:206,(anonymous_14)
FN:221,(anonymous_15)
FN:233,(anonymous_16)
FN:237,(anonymous_17)
FN:238,(anonymous_18)
FN:239,(anonymous_19)
FNF:20
FNH:9
FNDA:5,(anonymous_0)
FNDA:2,(anonymous_1)
FNDA:2,(anonymous_2)
FNDA:2,(anonymous_3)
FNDA:1,(anonymous_4)
FNDA:0,(anonymous_5)
FNDA:0,(anonymous_6)
FNDA:0,(anonymous_7)
FNDA:6,(anonymous_8)
FNDA:3,(anonymous_9)
FNDA:0,(anonymous_10)
FNDA:0,(anonymous_11)
FNDA:1,(anonymous_12)
FNDA:0,(anonymous_13)
FNDA:0,(anonymous_14)
FNDA:0,(anonymous_15)
FNDA:6,(anonymous_16)
FNDA:0,(anonymous_17)
FNDA:0,(anonymous_18)
FNDA:0,(anonymous_19)
DA:15,1
DA:17,1
DA:18,5
DA:19,5
DA:20,5
DA:21,5
DA:22,5
DA:23,5
DA:24,5
DA:26,5
DA:28,5
DA:29,5
DA:30,5
DA:32,5
DA:33,5
DA:34,5
DA:37,5
DA:38,5
DA:40,5
DA:42,5
DA:43,2
DA:44,2
DA:49,5
DA:50,2
DA:51,2
DA:53,0
DA:54,0
DA:55,0
DA:56,0
DA:57,0
DA:59,0
DA:62,5
DA:63,2
DA:64,2
DA:65,2
DA:66,2
DA:67,2
DA:69,0
DA:71,2
DA:75,5
DA:76,1
DA:77,1
DA:78,1
DA:81,5
DA:82,0
DA:83,0
DA:84,0
DA:87,5
DA:88,0
DA:89,0
DA:90,0
DA:91,0
DA:92,0
DA:94,0
DA:95,0
DA:96,0
DA:100,5
DA:101,0
DA:102,0
DA:103,0
DA:107,0
DA:113,0
DA:114,0
DA:115,0
DA:117,0
DA:118,0
DA:119,0
DA:123,5
DA:125,6
DA:127,6
DA:130,6
DA:133,3
DA:139,5
DA:140,5
DA:141,5
DA:142,5
DA:144,5
DA:146,3
DA:152,0
DA:161,0
DA:182,1
DA:196,0
DA:197,0
DA:207,0
DA:208,0
DA:222,0
DA:223,0
DA:234,6
DA:237,0
DA:238,0
DA:239,0
LF:91
LH:52
BRDA:51,0,0,2
BRDA:51,0,1,0
BRDA:75,1,0,1
BRDA:102,2,0,0
BRDA:102,2,1,0
BRDA:103,3,0,0
BRDA:103,3,1,0
BRDA:113,4,0,0
BRDA:113,4,1,0
BRDA:127,5,0,6
BRDA:127,5,1,0
BRDA:127,5,2,0
BRDA:127,5,3,0
BRDA:127,5,4,0
BRDA:130,6,0,6
BRDA:130,6,1,6
BRDA:133,7,0,3
BRDA:133,7,1,0
BRDA:144,8,0,2
BRDA:144,8,1,3
BRDA:148,9,0,3
BRDA:148,9,1,0
BRDA:157,10,0,3
BRDA:157,10,1,0
BRDA:244,11,0,3
BRDA:244,11,1,0
BRF:26
BRH:11
end_of_record
TN:
SF:src/pages/ServicesClient.jsx
FN:14,ServicesClient
FN:22,(anonymous_1)
FN:26,(anonymous_2)
FN:31,(anonymous_3)
FN:59,(anonymous_4)
FN:63,(anonymous_5)
FN:88,(anonymous_6)
FN:98,(anonymous_7)
FN:107,(anonymous_8)
FNF:9
FNH:9
FNDA:6,ServicesClient
FNDA:2,(anonymous_1)
FNDA:2,(anonymous_2)
FNDA:2,(anonymous_3)
FNDA:8,(anonymous_4)
FNDA:2,(anonymous_5)
FNDA:1,(anonymous_6)
FNDA:1,(anonymous_7)
FNDA:6,(anonymous_8)
DA:11,1
DA:15,6
DA:16,6
DA:19,6
DA:20,6
DA:22,6
DA:23,2
DA:26,6
DA:27,2
DA:31,6
DA:32,2
DA:34,2
DA:39,2
DA:40,0
DA:41,0
DA:42,0
DA:46,2
DA:47,2
DA:49,0
DA:50,0
DA:52,2
DA:56,6
DA:58,4
DA:60,8
DA:61,8
DA:64,2
DA:68,4
DA:88,1
DA:98,1
DA:108,6
LF:30
LH:25
BRDA:39,0,0,0
BRDA:39,0,1,2
BRDA:41,1,0,0
BRDA:41,1,1,0
BRDA:56,2,0,2
BRDA:56,2,1,4
BRDA:64,3,0,2
BRDA:64,3,1,0
BRDA:111,4,0,4
BRDA:111,4,1,2
BRDA:111,5,0,6
BRDA:111,5,1,4
BRDA:114,6,0,4
BRDA:114,6,1,2
BRDA:119,7,0,2
BRDA:119,7,1,4
BRDA:125,8,0,6
BRDA:125,8,1,6
BRDA:129,9,0,6
BRDA:129,9,1,4
BRDA:134,10,0,6
BRDA:134,10,1,0
BRF:22
BRH:17
end_of_record
