{"/Users/henoclaptop/Desktop/PI/bugbusters/backend/src/app.js": {"path":"/Users/henoclaptop/Desktop/PI/bugbusters/backend/src/app.js","statementMap":{"0":{"start":{"line":1,"column":16},"end":{"line":1,"column":34}},"1":{"start":{"line":2,"column":13},"end":{"line":2,"column":28}},"2":{"start":{"line":4,"column":13},"end":{"line":4,"column":28}},"3":{"start":{"line":5,"column":20},"end":{"line":5,"column":45}},"4":{"start":{"line":6,"column":20},"end":{"line":6,"column":46}},"5":{"start":{"line":7,"column":20},"end":{"line":7,"column":45}},"6":{"start":{"line":8,"column":24},"end":{"line":8,"column":53}},"7":{"start":{"line":9,"column":23},"end":{"line":9,"column":51}},"8":{"start":{"line":10,"column":20},"end":{"line":10,"column":45}},"9":{"start":{"line":11,"column":20},"end":{"line":11,"column":55}},"10":{"start":{"line":12,"column":23},"end":{"line":12,"column":51}},"11":{"start":{"line":13,"column":25},"end":{"line":13,"column":54}},"12":{"start":{"line":14,"column":22},"end":{"line":14,"column":49}},"13":{"start":{"line":15,"column":23},"end":{"line":15,"column":51}},"14":{"start":{"line":16,"column":23},"end":{"line":16,"column":51}},"15":{"start":{"line":19,"column":12},"end":{"line":19,"column":21}},"16":{"start":{"line":20,"column":0},"end":{"line":20,"column":16}},"17":{"start":{"line":21,"column":0},"end":{"line":21,"column":24}},"18":{"start":{"line":22,"column":0},"end":{"line":22,"column":31}},"19":{"start":{"line":23,"column":0},"end":{"line":23,"column":31}},"20":{"start":{"line":24,"column":0},"end":{"line":24,"column":31}},"21":{"start":{"line":25,"column":0},"end":{"line":25,"column":39}},"22":{"start":{"line":26,"column":0},"end":{"line":26,"column":37}},"23":{"start":{"line":27,"column":0},"end":{"line":27,"column":31}},"24":{"start":{"line":28,"column":0},"end":{"line":28,"column":37}},"25":{"start":{"line":29,"column":0},"end":{"line":29,"column":41}},"26":{"start":{"line":30,"column":0},"end":{"line":30,"column":35}},"27":{"start":{"line":31,"column":0},"end":{"line":31,"column":37}},"28":{"start":{"line":32,"column":0},"end":{"line":32,"column":37}},"29":{"start":{"line":33,"column":0},"end":{"line":33,"column":48}},"30":{"start":{"line":35,"column":0},"end":{"line":35,"column":69}},"31":{"start":{"line":37,"column":0},"end":{"line":39,"column":3}},"32":{"start":{"line":38,"column":2},"end":{"line":38,"column":48}},"33":{"start":{"line":41,"column":24},"end":{"line":41,"column":64}},"34":{"start":{"line":43,"column":0},"end":{"line":43,"column":80}},"35":{"start":{"line":45,"column":0},"end":{"line":45,"column":21}}},"fnMap":{"0":{"name":"(anonymous_0)","decl":{"start":{"line":37,"column":13},"end":{"line":37,"column":14}},"loc":{"start":{"line":37,"column":27},"end":{"line":39,"column":1}},"line":37}},"branchMap":{},"s":{"0":6,"1":6,"2":6,"3":6,"4":6,"5":6,"6":6,"7":6,"8":6,"9":6,"10":6,"11":6,"12":6,"13":6,"14":6,"15":6,"16":6,"17":6,"18":6,"19":6,"20":6,"21":6,"22":6,"23":6,"24":6,"25":6,"26":6,"27":6,"28":6,"29":6,"30":6,"31":6,"32":0,"33":6,"34":6,"35":6},"f":{"0":0},"b":{},"_coverageSchema":"1a1c01bbd47fc00a2c39e90264f33305004495a9","hash":"f8553909690e53ec4368ab7d838889f54c9b7adf"}
,"/Users/henoclaptop/Desktop/PI/bugbusters/backend/src/config/db.js": {"path":"/Users/henoclaptop/Desktop/PI/bugbusters/backend/src/config/db.js","statementMap":{"0":{"start":{"line":8,"column":17},"end":{"line":8,"column":36}},"1":{"start":{"line":9,"column":0},"end":{"line":9,"column":27}},"2":{"start":{"line":10,"column":13},"end":{"line":10,"column":28}},"3":{"start":{"line":11,"column":11},"end":{"line":11,"column":24}},"4":{"start":{"line":17,"column":2},"end":{"line":17,"column":38}},"5":{"start":{"line":20,"column":2},"end":{"line":20,"column":38}},"6":{"start":{"line":23,"column":2},"end":{"line":23,"column":39}},"7":{"start":{"line":27,"column":17},"end":{"line":27,"column":18}},"8":{"start":{"line":30,"column":0},"end":{"line":61,"column":1}},"9":{"start":{"line":32,"column":21},"end":{"line":33,"column":31}},"10":{"start":{"line":34,"column":2},"end":{"line":34,"column":71}},"11":{"start":{"line":37,"column":2},"end":{"line":37,"column":52}},"12":{"start":{"line":40,"column":2},"end":{"line":40,"column":72}},"13":{"start":{"line":41,"column":2},"end":{"line":41,"column":37}},"14":{"start":{"line":43,"column":7},"end":{"line":61,"column":1}},"15":{"start":{"line":45,"column":21},"end":{"line":46,"column":33}},"16":{"start":{"line":47,"column":2},"end":{"line":47,"column":71}},"17":{"start":{"line":50,"column":2},"end":{"line":50,"column":52}},"18":{"start":{"line":53,"column":2},"end":{"line":53,"column":78}},"19":{"start":{"line":54,"column":2},"end":{"line":54,"column":43}},"20":{"start":{"line":55,"column":2},"end":{"line":55,"column":37}},"21":{"start":{"line":59,"column":2},"end":{"line":59,"column":50}},"22":{"start":{"line":60,"column":2},"end":{"line":60,"column":18}},"23":{"start":{"line":64,"column":0},"end":{"line":67,"column":1}},"24":{"start":{"line":65,"column":2},"end":{"line":65,"column":60}},"25":{"start":{"line":66,"column":2},"end":{"line":66,"column":18}},"26":{"start":{"line":70,"column":0},"end":{"line":70,"column":69}},"27":{"start":{"line":71,"column":0},"end":{"line":72,"column":41}},"28":{"start":{"line":77,"column":17},"end":{"line":81,"column":1}},"29":{"start":{"line":88,"column":2},"end":{"line":88,"column":48}},"30":{"start":{"line":92,"column":0},"end":{"line":92,"column":45}}},"fnMap":{"0":{"name":"isWindows","decl":{"start":{"line":16,"column":9},"end":{"line":16,"column":18}},"loc":{"start":{"line":16,"column":21},"end":{"line":18,"column":1}},"line":16},"1":{"name":"isLinux","decl":{"start":{"line":19,"column":9},"end":{"line":19,"column":16}},"loc":{"start":{"line":19,"column":19},"end":{"line":21,"column":1}},"line":19},"2":{"name":"isMacOS","decl":{"start":{"line":22,"column":9},"end":{"line":22,"column":16}},"loc":{"start":{"line":22,"column":19},"end":{"line":24,"column":1}},"line":22},"3":{"name":"getConnection","decl":{"start":{"line":87,"column":15},"end":{"line":87,"column":28}},"loc":{"start":{"line":87,"column":31},"end":{"line":89,"column":1}},"line":87}},"branchMap":{"0":{"loc":{"start":{"line":30,"column":0},"end":{"line":61,"column":1}},"type":"if","locations":[{"start":{"line":30,"column":0},"end":{"line":61,"column":1}},{"start":{"line":43,"column":7},"end":{"line":61,"column":1}}],"line":30},"1":{"loc":{"start":{"line":30,"column":4},"end":{"line":30,"column":45}},"type":"binary-expr","locations":[{"start":{"line":30,"column":4},"end":{"line":30,"column":15}},{"start":{"line":30,"column":19},"end":{"line":30,"column":45}}],"line":30},"2":{"loc":{"start":{"line":43,"column":7},"end":{"line":61,"column":1}},"type":"if","locations":[{"start":{"line":43,"column":7},"end":{"line":61,"column":1}},{"start":{"line":57,"column":7},"end":{"line":61,"column":1}}],"line":43},"3":{"loc":{"start":{"line":43,"column":11},"end":{"line":43,"column":52}},"type":"binary-expr","locations":[{"start":{"line":43,"column":11},"end":{"line":43,"column":20}},{"start":{"line":43,"column":24},"end":{"line":43,"column":52}}],"line":43},"4":{"loc":{"start":{"line":64,"column":0},"end":{"line":67,"column":1}},"type":"if","locations":[{"start":{"line":64,"column":0},"end":{"line":67,"column":1}},{"start":{},"end":{}}],"line":64}},"s":{"0":1,"1":1,"2":1,"3":1,"4":1,"5":0,"6":1,"7":1,"8":1,"9":0,"10":0,"11":0,"12":0,"13":0,"14":1,"15":1,"16":1,"17":1,"18":1,"19":1,"20":1,"21":0,"22":0,"23":1,"24":0,"25":0,"26":1,"27":1,"28":1,"29":1,"30":1},"f":{"0":1,"1":0,"2":1,"3":1},"b":{"0":[0,1],"1":[1,0],"2":[1,0],"3":[1,1],"4":[0,1]},"_coverageSchema":"1a1c01bbd47fc00a2c39e90264f33305004495a9","hash":"8215c562643abb533a48103c82d941c8acd3a4b6"}
,"/Users/henoclaptop/Desktop/PI/bugbusters/backend/src/controllers/bookingsController.js": {"path":"/Users/henoclaptop/Desktop/PI/bugbusters/backend/src/controllers/bookingsController.js","statementMap":{"0":{"start":{"line":9,"column":36},"end":{"line":9,"column":59}},"1":{"start":{"line":10,"column":29},"end":{"line":10,"column":59}},"2":{"start":{"line":15,"column":0},"end":{"line":103,"column":2}},"3":{"start":{"line":17,"column":2},"end":{"line":102,"column":3}},"4":{"start":{"line":18,"column":4},"end":{"line":18,"column":33}},"5":{"start":{"line":20,"column":27},"end":{"line":41,"column":5}},"6":{"start":{"line":43,"column":21},"end":{"line":43,"column":23}},"7":{"start":{"line":45,"column":4},"end":{"line":94,"column":5}},"8":{"start":{"line":46,"column":63},"end":{"line":74,"column":8}},"9":{"start":{"line":76,"column":6},"end":{"line":93,"column":9}},"10":{"start":{"line":89,"column":38},"end":{"line":89,"column":49}},"11":{"start":{"line":90,"column":44},"end":{"line":90,"column":58}},"12":{"start":{"line":91,"column":38},"end":{"line":91,"column":49}},"13":{"start":{"line":92,"column":48},"end":{"line":92,"column":64}},"14":{"start":{"line":96,"column":4},"end":{"line":96,"column":23}},"15":{"start":{"line":98,"column":4},"end":{"line":98,"column":63}},"16":{"start":{"line":99,"column":4},"end":{"line":99,"column":49}},"17":{"start":{"line":101,"column":4},"end":{"line":101,"column":33}},"18":{"start":{"line":101,"column":14},"end":{"line":101,"column":33}},"19":{"start":{"line":108,"column":0},"end":{"line":201,"column":2}},"20":{"start":{"line":110,"column":2},"end":{"line":200,"column":3}},"21":{"start":{"line":111,"column":19},"end":{"line":111,"column":30}},"22":{"start":{"line":112,"column":4},"end":{"line":112,"column":33}},"23":{"start":{"line":114,"column":19},"end":{"line":136,"column":5}},"24":{"start":{"line":138,"column":4},"end":{"line":138,"column":61}},"25":{"start":{"line":139,"column":4},"end":{"line":139,"column":72}},"26":{"start":{"line":139,"column":61},"end":{"line":139,"column":69}},"27":{"start":{"line":141,"column":21},"end":{"line":141,"column":23}},"28":{"start":{"line":143,"column":4},"end":{"line":192,"column":5}},"29":{"start":{"line":144,"column":63},"end":{"line":172,"column":8}},"30":{"start":{"line":174,"column":6},"end":{"line":191,"column":9}},"31":{"start":{"line":187,"column":38},"end":{"line":187,"column":49}},"32":{"start":{"line":188,"column":44},"end":{"line":188,"column":58}},"33":{"start":{"line":189,"column":38},"end":{"line":189,"column":49}},"34":{"start":{"line":190,"column":48},"end":{"line":190,"column":64}},"35":{"start":{"line":194,"column":4},"end":{"line":194,"column":23}},"36":{"start":{"line":196,"column":4},"end":{"line":196,"column":66}},"37":{"start":{"line":197,"column":4},"end":{"line":197,"column":49}},"38":{"start":{"line":199,"column":4},"end":{"line":199,"column":33}},"39":{"start":{"line":199,"column":14},"end":{"line":199,"column":33}},"40":{"start":{"line":206,"column":0},"end":{"line":278,"column":2}},"41":{"start":{"line":208,"column":2},"end":{"line":277,"column":3}},"42":{"start":{"line":209,"column":15},"end":{"line":209,"column":28}},"43":{"start":{"line":210,"column":4},"end":{"line":210,"column":33}},"44":{"start":{"line":212,"column":28},"end":{"line":227,"column":5}},"45":{"start":{"line":229,"column":4},"end":{"line":231,"column":5}},"46":{"start":{"line":230,"column":6},"end":{"line":230,"column":73}},"47":{"start":{"line":233,"column":20},"end":{"line":233,"column":43}},"48":{"start":{"line":235,"column":24},"end":{"line":246,"column":5}},"49":{"start":{"line":248,"column":4},"end":{"line":250,"column":5}},"50":{"start":{"line":249,"column":6},"end":{"line":249,"column":73}},"51":{"start":{"line":252,"column":17},"end":{"line":252,"column":36}},"52":{"start":{"line":254,"column":25},"end":{"line":269,"column":5}},"53":{"start":{"line":271,"column":4},"end":{"line":271,"column":33}},"54":{"start":{"line":273,"column":4},"end":{"line":273,"column":52}},"55":{"start":{"line":274,"column":4},"end":{"line":274,"column":49}},"56":{"start":{"line":276,"column":4},"end":{"line":276,"column":33}},"57":{"start":{"line":276,"column":14},"end":{"line":276,"column":33}},"58":{"start":{"line":283,"column":0},"end":{"line":306,"column":2}},"59":{"start":{"line":285,"column":2},"end":{"line":305,"column":3}},"60":{"start":{"line":286,"column":15},"end":{"line":286,"column":28}},"61":{"start":{"line":287,"column":4},"end":{"line":287,"column":33}},"62":{"start":{"line":289,"column":25},"end":{"line":293,"column":5}},"63":{"start":{"line":295,"column":4},"end":{"line":297,"column":5}},"64":{"start":{"line":296,"column":6},"end":{"line":296,"column":73}},"65":{"start":{"line":299,"column":4},"end":{"line":299,"column":38}},"66":{"start":{"line":301,"column":4},"end":{"line":301,"column":52}},"67":{"start":{"line":302,"column":4},"end":{"line":302,"column":49}},"68":{"start":{"line":304,"column":4},"end":{"line":304,"column":33}},"69":{"start":{"line":304,"column":14},"end":{"line":304,"column":33}},"70":{"start":{"line":311,"column":0},"end":{"line":337,"column":2}},"71":{"start":{"line":313,"column":2},"end":{"line":336,"column":3}},"72":{"start":{"line":314,"column":34},"end":{"line":314,"column":42}},"73":{"start":{"line":315,"column":4},"end":{"line":315,"column":33}},"74":{"start":{"line":317,"column":28},"end":{"line":321,"column":5}},"75":{"start":{"line":324,"column":21},"end":{"line":328,"column":6}},"76":{"start":{"line":325,"column":6},"end":{"line":327,"column":8}},"77":{"start":{"line":330,"column":4},"end":{"line":330,"column":29}},"78":{"start":{"line":332,"column":4},"end":{"line":332,"column":72}},"79":{"start":{"line":333,"column":4},"end":{"line":333,"column":49}},"80":{"start":{"line":335,"column":4},"end":{"line":335,"column":33}},"81":{"start":{"line":335,"column":14},"end":{"line":335,"column":33}},"82":{"start":{"line":342,"column":0},"end":{"line":367,"column":2}},"83":{"start":{"line":344,"column":2},"end":{"line":366,"column":3}},"84":{"start":{"line":345,"column":34},"end":{"line":345,"column":42}},"85":{"start":{"line":346,"column":4},"end":{"line":346,"column":33}},"86":{"start":{"line":348,"column":25},"end":{"line":352,"column":5}},"87":{"start":{"line":355,"column":18},"end":{"line":358,"column":7}},"88":{"start":{"line":355,"column":49},"end":{"line":358,"column":5}},"89":{"start":{"line":360,"column":4},"end":{"line":360,"column":26}},"90":{"start":{"line":362,"column":4},"end":{"line":362,"column":68}},"91":{"start":{"line":363,"column":4},"end":{"line":363,"column":49}},"92":{"start":{"line":365,"column":4},"end":{"line":365,"column":33}},"93":{"start":{"line":365,"column":14},"end":{"line":365,"column":33}},"94":{"start":{"line":372,"column":0},"end":{"line":397,"column":2}},"95":{"start":{"line":374,"column":2},"end":{"line":396,"column":3}},"96":{"start":{"line":375,"column":34},"end":{"line":375,"column":42}},"97":{"start":{"line":376,"column":4},"end":{"line":376,"column":33}},"98":{"start":{"line":378,"column":30},"end":{"line":382,"column":5}},"99":{"start":{"line":384,"column":23},"end":{"line":388,"column":6}},"100":{"start":{"line":385,"column":6},"end":{"line":387,"column":8}},"101":{"start":{"line":390,"column":4},"end":{"line":390,"column":31}},"102":{"start":{"line":392,"column":4},"end":{"line":392,"column":70}},"103":{"start":{"line":393,"column":4},"end":{"line":393,"column":49}},"104":{"start":{"line":395,"column":4},"end":{"line":395,"column":33}},"105":{"start":{"line":395,"column":14},"end":{"line":395,"column":33}},"106":{"start":{"line":399,"column":0},"end":{"line":466,"column":2}},"107":{"start":{"line":401,"column":2},"end":{"line":465,"column":3}},"108":{"start":{"line":402,"column":4},"end":{"line":402,"column":33}},"109":{"start":{"line":405,"column":19},"end":{"line":409,"column":6}},"110":{"start":{"line":411,"column":16},"end":{"line":411,"column":26}},"111":{"start":{"line":413,"column":4},"end":{"line":456,"column":5}},"112":{"start":{"line":414,"column":65},"end":{"line":414,"column":68}},"113":{"start":{"line":417,"column":28},"end":{"line":424,"column":7}},"114":{"start":{"line":426,"column":26},"end":{"line":433,"column":7}},"115":{"start":{"line":435,"column":22},"end":{"line":435,"column":26}},"116":{"start":{"line":437,"column":6},"end":{"line":446,"column":7}},"117":{"start":{"line":438,"column":8},"end":{"line":443,"column":9}},"118":{"start":{"line":439,"column":10},"end":{"line":439,"column":36}},"119":{"start":{"line":440,"column":15},"end":{"line":443,"column":9}},"120":{"start":{"line":442,"column":10},"end":{"line":442,"column":34}},"121":{"start":{"line":444,"column":13},"end":{"line":446,"column":7}},"122":{"start":{"line":445,"column":8},"end":{"line":445,"column":33}},"123":{"start":{"line":449,"column":6},"end":{"line":455,"column":7}},"124":{"start":{"line":450,"column":8},"end":{"line":454,"column":10}},"125":{"start":{"line":458,"column":4},"end":{"line":458,"column":24}},"126":{"start":{"line":460,"column":4},"end":{"line":460,"column":73}},"127":{"start":{"line":462,"column":4},"end":{"line":462,"column":82}},"128":{"start":{"line":464,"column":4},"end":{"line":464,"column":33}},"129":{"start":{"line":464,"column":14},"end":{"line":464,"column":33}},"130":{"start":{"line":468,"column":0},"end":{"line":588,"column":2}},"131":{"start":{"line":470,"column":2},"end":{"line":587,"column":3}},"132":{"start":{"line":471,"column":72},"end":{"line":471,"column":80}},"133":{"start":{"line":473,"column":4},"end":{"line":473,"column":33}},"134":{"start":{"line":478,"column":8},"end":{"line":478,"column":19}},"135":{"start":{"line":480,"column":15},"end":{"line":504,"column":1}},"136":{"start":{"line":506,"column":18},"end":{"line":506,"column":46}},"137":{"start":{"line":509,"column":4},"end":{"line":561,"column":5}},"138":{"start":{"line":511,"column":6},"end":{"line":516,"column":8}},"139":{"start":{"line":519,"column":27},"end":{"line":519,"column":51}},"140":{"start":{"line":520,"column":6},"end":{"line":527,"column":7}},"141":{"start":{"line":521,"column":8},"end":{"line":526,"column":10}},"142":{"start":{"line":530,"column":24},"end":{"line":530,"column":45}},"143":{"start":{"line":531,"column":6},"end":{"line":531,"column":28}},"144":{"start":{"line":532,"column":6},"end":{"line":547,"column":1}},"145":{"start":{"line":533,"column":2},"end":{"line":546,"column":4}},"146":{"start":{"line":552,"column":29},"end":{"line":552,"column":55}},"147":{"start":{"line":553,"column":6},"end":{"line":560,"column":7}},"148":{"start":{"line":554,"column":8},"end":{"line":559,"column":10}},"149":{"start":{"line":564,"column":27},"end":{"line":564,"column":55}},"150":{"start":{"line":566,"column":4},"end":{"line":575,"column":6}},"151":{"start":{"line":577,"column":4},"end":{"line":577,"column":24}},"152":{"start":{"line":579,"column":4},"end":{"line":579,"column":91}},"153":{"start":{"line":582,"column":4},"end":{"line":582,"column":50}},"154":{"start":{"line":583,"column":4},"end":{"line":583,"column":36}},"155":{"start":{"line":583,"column":14},"end":{"line":583,"column":36}},"156":{"start":{"line":584,"column":4},"end":{"line":584,"column":65}},"157":{"start":{"line":586,"column":4},"end":{"line":586,"column":33}},"158":{"start":{"line":586,"column":14},"end":{"line":586,"column":33}},"159":{"start":{"line":590,"column":0},"end":{"line":749,"column":2}},"160":{"start":{"line":592,"column":2},"end":{"line":748,"column":3}},"161":{"start":{"line":593,"column":83},"end":{"line":593,"column":91}},"162":{"start":{"line":594,"column":4},"end":{"line":594,"column":26}},"163":{"start":{"line":596,"column":4},"end":{"line":596,"column":33}},"164":{"start":{"line":601,"column":8},"end":{"line":601,"column":19}},"165":{"start":{"line":603,"column":22},"end":{"line":603,"column":58}},"166":{"start":{"line":603,"column":27},"end":{"line":603,"column":58}},"167":{"start":{"line":604,"column":26},"end":{"line":604,"column":46}},"168":{"start":{"line":605,"column":24},"end":{"line":605,"column":42}},"169":{"start":{"line":607,"column":19},"end":{"line":632,"column":5}},"170":{"start":{"line":634,"column":4},"end":{"line":737,"column":5}},"171":{"start":{"line":636,"column":21},"end":{"line":639,"column":7}},"172":{"start":{"line":640,"column":6},"end":{"line":646,"column":7}},"173":{"start":{"line":641,"column":8},"end":{"line":645,"column":10}},"174":{"start":{"line":648,"column":27},"end":{"line":648,"column":51}},"175":{"start":{"line":649,"column":6},"end":{"line":662,"column":7}},"176":{"start":{"line":650,"column":23},"end":{"line":653,"column":9}},"177":{"start":{"line":654,"column":8},"end":{"line":661,"column":9}},"178":{"start":{"line":655,"column":10},"end":{"line":660,"column":12}},"179":{"start":{"line":665,"column":21},"end":{"line":668,"column":3}},"180":{"start":{"line":669,"column":20},"end":{"line":669,"column":54}},"181":{"start":{"line":669,"column":47},"end":{"line":669,"column":53}},"182":{"start":{"line":672,"column":20},"end":{"line":672,"column":41}},"183":{"start":{"line":673,"column":18},"end":{"line":673,"column":27}},"184":{"start":{"line":674,"column":2},"end":{"line":681,"column":3}},"185":{"start":{"line":675,"column":16},"end":{"line":675,"column":28}},"186":{"start":{"line":676,"column":4},"end":{"line":680,"column":5}},"187":{"start":{"line":677,"column":6},"end":{"line":677,"column":54}},"188":{"start":{"line":679,"column":6},"end":{"line":679,"column":66}},"189":{"start":{"line":682,"column":26},"end":{"line":682,"column":54}},"190":{"start":{"line":683,"column":25},"end":{"line":683,"column":60}},"191":{"start":{"line":683,"column":50},"end":{"line":683,"column":59}},"192":{"start":{"line":686,"column":2},"end":{"line":695,"column":3}},"193":{"start":{"line":687,"column":4},"end":{"line":694,"column":5}},"194":{"start":{"line":688,"column":6},"end":{"line":693,"column":8}},"195":{"start":{"line":698,"column":2},"end":{"line":720,"column":3}},"196":{"start":{"line":699,"column":19},"end":{"line":703,"column":5}},"197":{"start":{"line":704,"column":4},"end":{"line":719,"column":5}},"198":{"start":{"line":705,"column":6},"end":{"line":710,"column":8}},"199":{"start":{"line":712,"column":6},"end":{"line":718,"column":8}},"200":{"start":{"line":722,"column":29},"end":{"line":722,"column":55}},"201":{"start":{"line":723,"column":6},"end":{"line":723,"column":33}},"202":{"start":{"line":724,"column":6},"end":{"line":736,"column":7}},"203":{"start":{"line":725,"column":23},"end":{"line":728,"column":9}},"204":{"start":{"line":729,"column":8},"end":{"line":735,"column":9}},"205":{"start":{"line":730,"column":10},"end":{"line":734,"column":12}},"206":{"start":{"line":739,"column":4},"end":{"line":739,"column":24}},"207":{"start":{"line":740,"column":4},"end":{"line":740,"column":85}},"208":{"start":{"line":743,"column":4},"end":{"line":743,"column":58}},"209":{"start":{"line":744,"column":4},"end":{"line":744,"column":36}},"210":{"start":{"line":744,"column":14},"end":{"line":744,"column":36}},"211":{"start":{"line":745,"column":4},"end":{"line":745,"column":70}},"212":{"start":{"line":747,"column":4},"end":{"line":747,"column":33}},"213":{"start":{"line":747,"column":14},"end":{"line":747,"column":33}},"214":{"start":{"line":751,"column":0},"end":{"line":815,"column":2}},"215":{"start":{"line":753,"column":2},"end":{"line":814,"column":3}},"216":{"start":{"line":754,"column":22},"end":{"line":754,"column":35}},"217":{"start":{"line":755,"column":4},"end":{"line":755,"column":33}},"218":{"start":{"line":757,"column":25},"end":{"line":761,"column":5}},"219":{"start":{"line":763,"column":4},"end":{"line":765,"column":5}},"220":{"start":{"line":764,"column":6},"end":{"line":764,"column":73}},"221":{"start":{"line":767,"column":22},"end":{"line":767,"column":63}},"222":{"start":{"line":768,"column":18},"end":{"line":768,"column":28}},"223":{"start":{"line":770,"column":4},"end":{"line":770,"column":35}},"224":{"start":{"line":771,"column":4},"end":{"line":771,"column":31}},"225":{"start":{"line":773,"column":21},"end":{"line":773,"column":58}},"226":{"start":{"line":774,"column":21},"end":{"line":774,"column":64}},"227":{"start":{"line":776,"column":4},"end":{"line":776,"column":49}},"228":{"start":{"line":778,"column":4},"end":{"line":782,"column":5}},"229":{"start":{"line":779,"column":6},"end":{"line":781,"column":9}},"230":{"start":{"line":784,"column":4},"end":{"line":789,"column":6}},"231":{"start":{"line":791,"column":25},"end":{"line":796,"column":5}},"232":{"start":{"line":798,"column":4},"end":{"line":804,"column":5}},"233":{"start":{"line":799,"column":6},"end":{"line":803,"column":8}},"234":{"start":{"line":806,"column":4},"end":{"line":806,"column":24}},"235":{"start":{"line":807,"column":4},"end":{"line":807,"column":74}},"236":{"start":{"line":810,"column":4},"end":{"line":810,"column":53}},"237":{"start":{"line":811,"column":4},"end":{"line":811,"column":49}},"238":{"start":{"line":813,"column":4},"end":{"line":813,"column":33}},"239":{"start":{"line":813,"column":14},"end":{"line":813,"column":33}},"240":{"start":{"line":827,"column":0},"end":{"line":957,"column":2}},"241":{"start":{"line":829,"column":2},"end":{"line":956,"column":3}},"242":{"start":{"line":831,"column":91},"end":{"line":831,"column":99}},"243":{"start":{"line":832,"column":4},"end":{"line":832,"column":33}},"244":{"start":{"line":835,"column":25},"end":{"line":843,"column":5}},"245":{"start":{"line":836,"column":6},"end":{"line":836,"column":75}},"246":{"start":{"line":836,"column":36},"end":{"line":836,"column":75}},"247":{"start":{"line":837,"column":20},"end":{"line":837,"column":22}},"248":{"start":{"line":838,"column":21},"end":{"line":841,"column":18}},"249":{"start":{"line":839,"column":8},"end":{"line":839,"column":36}},"250":{"start":{"line":840,"column":8},"end":{"line":840,"column":32}},"251":{"start":{"line":842,"column":6},"end":{"line":842,"column":46}},"252":{"start":{"line":846,"column":16},"end":{"line":846,"column":18}},"253":{"start":{"line":847,"column":16},"end":{"line":847,"column":17}},"254":{"start":{"line":849,"column":4},"end":{"line":940,"column":5}},"255":{"start":{"line":851,"column":22},"end":{"line":855,"column":7}},"256":{"start":{"line":856,"column":19},"end":{"line":856,"column":34}},"257":{"start":{"line":857,"column":6},"end":{"line":857,"column":26}},"258":{"start":{"line":857,"column":17},"end":{"line":857,"column":26}},"259":{"start":{"line":860,"column":23},"end":{"line":860,"column":42}},"260":{"start":{"line":861,"column":22},"end":{"line":861,"column":50}},"261":{"start":{"line":861,"column":40},"end":{"line":861,"column":49}},"262":{"start":{"line":862,"column":32},"end":{"line":862,"column":61}},"263":{"start":{"line":863,"column":21},"end":{"line":863,"column":23}},"264":{"start":{"line":864,"column":26},"end":{"line":864,"column":27}},"265":{"start":{"line":865,"column":6},"end":{"line":881,"column":7}},"266":{"start":{"line":866,"column":25},"end":{"line":870,"column":9}},"267":{"start":{"line":872,"column":8},"end":{"line":879,"column":11}},"268":{"start":{"line":873,"column":27},"end":{"line":873,"column":81}},"269":{"start":{"line":873,"column":51},"end":{"line":873,"column":80}},"270":{"start":{"line":874,"column":10},"end":{"line":878,"column":12}},"271":{"start":{"line":880,"column":8},"end":{"line":880,"column":85}},"272":{"start":{"line":880,"column":52},"end":{"line":880,"column":80}},"273":{"start":{"line":884,"column":25},"end":{"line":884,"column":47}},"274":{"start":{"line":885,"column":24},"end":{"line":885,"column":26}},"275":{"start":{"line":886,"column":29},"end":{"line":886,"column":30}},"276":{"start":{"line":887,"column":6},"end":{"line":896,"column":7}},"277":{"start":{"line":888,"column":34},"end":{"line":888,"column":65}},"278":{"start":{"line":889,"column":28},"end":{"line":893,"column":9}},"279":{"start":{"line":894,"column":8},"end":{"line":894,"column":39}},"280":{"start":{"line":895,"column":8},"end":{"line":895,"column":91}},"281":{"start":{"line":895,"column":58},"end":{"line":895,"column":86}},"282":{"start":{"line":899,"column":27},"end":{"line":899,"column":51}},"283":{"start":{"line":900,"column":26},"end":{"line":900,"column":28}},"284":{"start":{"line":901,"column":31},"end":{"line":901,"column":32}},"285":{"start":{"line":902,"column":6},"end":{"line":911,"column":7}},"286":{"start":{"line":903,"column":34},"end":{"line":903,"column":66}},"287":{"start":{"line":904,"column":22},"end":{"line":908,"column":9}},"288":{"start":{"line":909,"column":8},"end":{"line":909,"column":35}},"289":{"start":{"line":910,"column":8},"end":{"line":910,"column":103}},"290":{"start":{"line":910,"column":62},"end":{"line":910,"column":98}},"291":{"start":{"line":916,"column":25},"end":{"line":916,"column":53}},"292":{"start":{"line":917,"column":25},"end":{"line":917,"column":51}},"293":{"start":{"line":918,"column":20},"end":{"line":918,"column":47}},"294":{"start":{"line":919,"column":8},"end":{"line":919,"column":35}},"295":{"start":{"line":919,"column":23},"end":{"line":919,"column":35}},"296":{"start":{"line":920,"column":8},"end":{"line":920,"column":21}},"297":{"start":{"line":922,"column":20},"end":{"line":922,"column":52}},"298":{"start":{"line":924,"column":24},"end":{"line":924,"column":57}},"299":{"start":{"line":925,"column":23},"end":{"line":925,"column":88}},"300":{"start":{"line":926,"column":6},"end":{"line":926,"column":49}},"301":{"start":{"line":928,"column":6},"end":{"line":937,"column":9}},"302":{"start":{"line":939,"column":6},"end":{"line":939,"column":24}},"303":{"start":{"line":942,"column":16},"end":{"line":942,"column":40}},"304":{"start":{"line":943,"column":24},"end":{"line":943,"column":35}},"305":{"start":{"line":945,"column":4},"end":{"line":950,"column":7}},"306":{"start":{"line":952,"column":4},"end":{"line":952,"column":64}},"307":{"start":{"line":953,"column":4},"end":{"line":953,"column":79}},"308":{"start":{"line":955,"column":4},"end":{"line":955,"column":33}},"309":{"start":{"line":955,"column":14},"end":{"line":955,"column":33}},"310":{"start":{"line":959,"column":0},"end":{"line":977,"column":2}},"311":{"start":{"line":961,"column":2},"end":{"line":976,"column":3}},"312":{"start":{"line":962,"column":38},"end":{"line":962,"column":46}},"313":{"start":{"line":963,"column":4},"end":{"line":963,"column":33}},"314":{"start":{"line":964,"column":4},"end":{"line":970,"column":6}},"315":{"start":{"line":971,"column":4},"end":{"line":971,"column":60}},"316":{"start":{"line":973,"column":4},"end":{"line":973,"column":49}},"317":{"start":{"line":975,"column":4},"end":{"line":975,"column":33}},"318":{"start":{"line":975,"column":14},"end":{"line":975,"column":33}},"319":{"start":{"line":979,"column":0},"end":{"line":1007,"column":2}},"320":{"start":{"line":981,"column":2},"end":{"line":1006,"column":3}},"321":{"start":{"line":982,"column":26},"end":{"line":982,"column":36}},"322":{"start":{"line":983,"column":4},"end":{"line":983,"column":33}},"323":{"start":{"line":984,"column":19},"end":{"line":988,"column":5}},"324":{"start":{"line":989,"column":4},"end":{"line":991,"column":5}},"325":{"start":{"line":990,"column":6},"end":{"line":990,"column":76}},"326":{"start":{"line":993,"column":16},"end":{"line":993,"column":30}},"327":{"start":{"line":994,"column":4},"end":{"line":1001,"column":7}},"328":{"start":{"line":1003,"column":4},"end":{"line":1003,"column":49}},"329":{"start":{"line":1005,"column":4},"end":{"line":1005,"column":33}},"330":{"start":{"line":1005,"column":14},"end":{"line":1005,"column":33}}},"fnMap":{"0":{"name":"(anonymous_0)","decl":{"start":{"line":15,"column":25},"end":{"line":15,"column":26}},"loc":{"start":{"line":15,"column":45},"end":{"line":103,"column":1}},"line":15},"1":{"name":"(anonymous_1)","decl":{"start":{"line":89,"column":33},"end":{"line":89,"column":34}},"loc":{"start":{"line":89,"column":38},"end":{"line":89,"column":49}},"line":89},"2":{"name":"(anonymous_2)","decl":{"start":{"line":90,"column":39},"end":{"line":90,"column":40}},"loc":{"start":{"line":90,"column":44},"end":{"line":90,"column":58}},"line":90},"3":{"name":"(anonymous_3)","decl":{"start":{"line":91,"column":33},"end":{"line":91,"column":34}},"loc":{"start":{"line":91,"column":38},"end":{"line":91,"column":49}},"line":91},"4":{"name":"(anonymous_4)","decl":{"start":{"line":92,"column":43},"end":{"line":92,"column":44}},"loc":{"start":{"line":92,"column":48},"end":{"line":92,"column":64}},"line":92},"5":{"name":"(anonymous_5)","decl":{"start":{"line":108,"column":24},"end":{"line":108,"column":25}},"loc":{"start":{"line":108,"column":44},"end":{"line":201,"column":1}},"line":108},"6":{"name":"(anonymous_6)","decl":{"start":{"line":139,"column":56},"end":{"line":139,"column":57}},"loc":{"start":{"line":139,"column":61},"end":{"line":139,"column":69}},"line":139},"7":{"name":"(anonymous_7)","decl":{"start":{"line":187,"column":33},"end":{"line":187,"column":34}},"loc":{"start":{"line":187,"column":38},"end":{"line":187,"column":49}},"line":187},"8":{"name":"(anonymous_8)","decl":{"start":{"line":188,"column":39},"end":{"line":188,"column":40}},"loc":{"start":{"line":188,"column":44},"end":{"line":188,"column":58}},"line":188},"9":{"name":"(anonymous_9)","decl":{"start":{"line":189,"column":33},"end":{"line":189,"column":34}},"loc":{"start":{"line":189,"column":38},"end":{"line":189,"column":49}},"line":189},"10":{"name":"(anonymous_10)","decl":{"start":{"line":190,"column":43},"end":{"line":190,"column":44}},"loc":{"start":{"line":190,"column":48},"end":{"line":190,"column":64}},"line":190},"11":{"name":"(anonymous_11)","decl":{"start":{"line":206,"column":25},"end":{"line":206,"column":26}},"loc":{"start":{"line":206,"column":45},"end":{"line":278,"column":1}},"line":206},"12":{"name":"(anonymous_12)","decl":{"start":{"line":283,"column":25},"end":{"line":283,"column":26}},"loc":{"start":{"line":283,"column":45},"end":{"line":306,"column":1}},"line":283},"13":{"name":"(anonymous_13)","decl":{"start":{"line":311,"column":29},"end":{"line":311,"column":30}},"loc":{"start":{"line":311,"column":49},"end":{"line":337,"column":1}},"line":311},"14":{"name":"(anonymous_14)","decl":{"start":{"line":324,"column":46},"end":{"line":324,"column":47}},"loc":{"start":{"line":324,"column":57},"end":{"line":328,"column":5}},"line":324},"15":{"name":"(anonymous_15)","decl":{"start":{"line":342,"column":26},"end":{"line":342,"column":27}},"loc":{"start":{"line":342,"column":46},"end":{"line":367,"column":1}},"line":342},"16":{"name":"(anonymous_16)","decl":{"start":{"line":355,"column":40},"end":{"line":355,"column":41}},"loc":{"start":{"line":355,"column":49},"end":{"line":358,"column":5}},"line":355},"17":{"name":"(anonymous_17)","decl":{"start":{"line":372,"column":31},"end":{"line":372,"column":32}},"loc":{"start":{"line":372,"column":51},"end":{"line":397,"column":1}},"line":372},"18":{"name":"(anonymous_18)","decl":{"start":{"line":384,"column":50},"end":{"line":384,"column":51}},"loc":{"start":{"line":384,"column":63},"end":{"line":388,"column":5}},"line":384},"19":{"name":"(anonymous_19)","decl":{"start":{"line":399,"column":32},"end":{"line":399,"column":33}},"loc":{"start":{"line":399,"column":44},"end":{"line":466,"column":1}},"line":399},"20":{"name":"(anonymous_20)","decl":{"start":{"line":468,"column":24},"end":{"line":468,"column":25}},"loc":{"start":{"line":468,"column":44},"end":{"line":588,"column":1}},"line":468},"21":{"name":"(anonymous_21)","decl":{"start":{"line":590,"column":24},"end":{"line":590,"column":25}},"loc":{"start":{"line":590,"column":44},"end":{"line":749,"column":1}},"line":590},"22":{"name":"(anonymous_22)","decl":{"start":{"line":603,"column":22},"end":{"line":603,"column":23}},"loc":{"start":{"line":603,"column":27},"end":{"line":603,"column":58}},"line":603},"23":{"name":"(anonymous_23)","decl":{"start":{"line":669,"column":40},"end":{"line":669,"column":41}},"loc":{"start":{"line":669,"column":47},"end":{"line":669,"column":53}},"line":669},"24":{"name":"(anonymous_24)","decl":{"start":{"line":683,"column":45},"end":{"line":683,"column":46}},"loc":{"start":{"line":683,"column":50},"end":{"line":683,"column":59}},"line":683},"25":{"name":"(anonymous_25)","decl":{"start":{"line":751,"column":24},"end":{"line":751,"column":25}},"loc":{"start":{"line":751,"column":44},"end":{"line":815,"column":1}},"line":751},"26":{"name":"(anonymous_26)","decl":{"start":{"line":827,"column":28},"end":{"line":827,"column":29}},"loc":{"start":{"line":827,"column":48},"end":{"line":957,"column":1}},"line":827},"27":{"name":"(anonymous_27)","decl":{"start":{"line":835,"column":25},"end":{"line":835,"column":26}},"loc":{"start":{"line":835,"column":42},"end":{"line":843,"column":5}},"line":835},"28":{"name":"(anonymous_28)","decl":{"start":{"line":838,"column":29},"end":{"line":838,"column":30}},"loc":{"start":{"line":838,"column":40},"end":{"line":841,"column":7}},"line":838},"29":{"name":"(anonymous_29)","decl":{"start":{"line":861,"column":35},"end":{"line":861,"column":36}},"loc":{"start":{"line":861,"column":40},"end":{"line":861,"column":49}},"line":861},"30":{"name":"(anonymous_30)","decl":{"start":{"line":872,"column":32},"end":{"line":872,"column":33}},"loc":{"start":{"line":872,"column":43},"end":{"line":879,"column":9}},"line":872},"31":{"name":"(anonymous_31)","decl":{"start":{"line":873,"column":46},"end":{"line":873,"column":47}},"loc":{"start":{"line":873,"column":51},"end":{"line":873,"column":80}},"line":873},"32":{"name":"(anonymous_32)","decl":{"start":{"line":880,"column":40},"end":{"line":880,"column":41}},"loc":{"start":{"line":880,"column":52},"end":{"line":880,"column":80}},"line":880},"33":{"name":"(anonymous_33)","decl":{"start":{"line":895,"column":46},"end":{"line":895,"column":47}},"loc":{"start":{"line":895,"column":58},"end":{"line":895,"column":86}},"line":895},"34":{"name":"(anonymous_34)","decl":{"start":{"line":910,"column":50},"end":{"line":910,"column":51}},"loc":{"start":{"line":910,"column":62},"end":{"line":910,"column":98}},"line":910},"35":{"name":"getHourDelta","decl":{"start":{"line":914,"column":15},"end":{"line":914,"column":27}},"loc":{"start":{"line":914,"column":40},"end":{"line":921,"column":7}},"line":914},"36":{"name":"(anonymous_36)","decl":{"start":{"line":959,"column":31},"end":{"line":959,"column":32}},"loc":{"start":{"line":959,"column":51},"end":{"line":977,"column":1}},"line":959},"37":{"name":"(anonymous_37)","decl":{"start":{"line":979,"column":30},"end":{"line":979,"column":31}},"loc":{"start":{"line":979,"column":50},"end":{"line":1007,"column":1}},"line":979}},"branchMap":{"0":{"loc":{"start":{"line":101,"column":4},"end":{"line":101,"column":33}},"type":"if","locations":[{"start":{"line":101,"column":4},"end":{"line":101,"column":33}},{"start":{},"end":{}}],"line":101},"1":{"loc":{"start":{"line":199,"column":4},"end":{"line":199,"column":33}},"type":"if","locations":[{"start":{"line":199,"column":4},"end":{"line":199,"column":33}},{"start":{},"end":{}}],"line":199},"2":{"loc":{"start":{"line":229,"column":4},"end":{"line":231,"column":5}},"type":"if","locations":[{"start":{"line":229,"column":4},"end":{"line":231,"column":5}},{"start":{},"end":{}}],"line":229},"3":{"loc":{"start":{"line":248,"column":4},"end":{"line":250,"column":5}},"type":"if","locations":[{"start":{"line":248,"column":4},"end":{"line":250,"column":5}},{"start":{},"end":{}}],"line":248},"4":{"loc":{"start":{"line":259,"column":17},"end":{"line":260,"column":201}},"type":"cond-expr","locations":[{"start":{"line":260,"column":6},"end":{"line":260,"column":194}},{"start":{"line":260,"column":197},"end":{"line":260,"column":201}}],"line":259},"5":{"loc":{"start":{"line":261,"column":15},"end":{"line":262,"column":195}},"type":"cond-expr","locations":[{"start":{"line":262,"column":6},"end":{"line":262,"column":188}},{"start":{"line":262,"column":191},"end":{"line":262,"column":195}}],"line":261},"6":{"loc":{"start":{"line":263,"column":12},"end":{"line":263,"column":86}},"type":"cond-expr","locations":[{"start":{"line":263,"column":33},"end":{"line":263,"column":79}},{"start":{"line":263,"column":82},"end":{"line":263,"column":86}}],"line":263},"7":{"loc":{"start":{"line":271,"column":13},"end":{"line":271,"column":31}},"type":"binary-expr","locations":[{"start":{"line":271,"column":13},"end":{"line":271,"column":25}},{"start":{"line":271,"column":29},"end":{"line":271,"column":31}}],"line":271},"8":{"loc":{"start":{"line":276,"column":4},"end":{"line":276,"column":33}},"type":"if","locations":[{"start":{"line":276,"column":4},"end":{"line":276,"column":33}},{"start":{},"end":{}}],"line":276},"9":{"loc":{"start":{"line":295,"column":4},"end":{"line":297,"column":5}},"type":"if","locations":[{"start":{"line":295,"column":4},"end":{"line":297,"column":5}},{"start":{},"end":{}}],"line":295},"10":{"loc":{"start":{"line":299,"column":13},"end":{"line":299,"column":36}},"type":"binary-expr","locations":[{"start":{"line":299,"column":13},"end":{"line":299,"column":30}},{"start":{"line":299,"column":34},"end":{"line":299,"column":36}}],"line":299},"11":{"loc":{"start":{"line":304,"column":4},"end":{"line":304,"column":33}},"type":"if","locations":[{"start":{"line":304,"column":4},"end":{"line":304,"column":33}},{"start":{},"end":{}}],"line":304},"12":{"loc":{"start":{"line":330,"column":13},"end":{"line":330,"column":27}},"type":"binary-expr","locations":[{"start":{"line":330,"column":13},"end":{"line":330,"column":21}},{"start":{"line":330,"column":25},"end":{"line":330,"column":27}}],"line":330},"13":{"loc":{"start":{"line":335,"column":4},"end":{"line":335,"column":33}},"type":"if","locations":[{"start":{"line":335,"column":4},"end":{"line":335,"column":33}},{"start":{},"end":{}}],"line":335},"14":{"loc":{"start":{"line":360,"column":13},"end":{"line":360,"column":24}},"type":"binary-expr","locations":[{"start":{"line":360,"column":13},"end":{"line":360,"column":18}},{"start":{"line":360,"column":22},"end":{"line":360,"column":24}}],"line":360},"15":{"loc":{"start":{"line":365,"column":4},"end":{"line":365,"column":33}},"type":"if","locations":[{"start":{"line":365,"column":4},"end":{"line":365,"column":33}},{"start":{},"end":{}}],"line":365},"16":{"loc":{"start":{"line":390,"column":13},"end":{"line":390,"column":29}},"type":"binary-expr","locations":[{"start":{"line":390,"column":13},"end":{"line":390,"column":23}},{"start":{"line":390,"column":27},"end":{"line":390,"column":29}}],"line":390},"17":{"loc":{"start":{"line":395,"column":4},"end":{"line":395,"column":33}},"type":"if","locations":[{"start":{"line":395,"column":4},"end":{"line":395,"column":33}},{"start":{},"end":{}}],"line":395},"18":{"loc":{"start":{"line":437,"column":6},"end":{"line":446,"column":7}},"type":"if","locations":[{"start":{"line":437,"column":6},"end":{"line":446,"column":7}},{"start":{"line":444,"column":13},"end":{"line":446,"column":7}}],"line":437},"19":{"loc":{"start":{"line":438,"column":8},"end":{"line":443,"column":9}},"type":"if","locations":[{"start":{"line":438,"column":8},"end":{"line":443,"column":9}},{"start":{"line":440,"column":15},"end":{"line":443,"column":9}}],"line":438},"20":{"loc":{"start":{"line":440,"column":15},"end":{"line":443,"column":9}},"type":"if","locations":[{"start":{"line":440,"column":15},"end":{"line":443,"column":9}},{"start":{},"end":{}}],"line":440},"21":{"loc":{"start":{"line":444,"column":13},"end":{"line":446,"column":7}},"type":"if","locations":[{"start":{"line":444,"column":13},"end":{"line":446,"column":7}},{"start":{},"end":{}}],"line":444},"22":{"loc":{"start":{"line":444,"column":17},"end":{"line":444,"column":63}},"type":"binary-expr","locations":[{"start":{"line":444,"column":17},"end":{"line":444,"column":41}},{"start":{"line":444,"column":45},"end":{"line":444,"column":63}}],"line":444},"23":{"loc":{"start":{"line":449,"column":6},"end":{"line":455,"column":7}},"type":"if","locations":[{"start":{"line":449,"column":6},"end":{"line":455,"column":7}},{"start":{},"end":{}}],"line":449},"24":{"loc":{"start":{"line":449,"column":10},"end":{"line":449,"column":43}},"type":"binary-expr","locations":[{"start":{"line":449,"column":10},"end":{"line":449,"column":19}},{"start":{"line":449,"column":23},"end":{"line":449,"column":43}}],"line":449},"25":{"loc":{"start":{"line":464,"column":4},"end":{"line":464,"column":33}},"type":"if","locations":[{"start":{"line":464,"column":4},"end":{"line":464,"column":33}},{"start":{},"end":{}}],"line":464},"26":{"loc":{"start":{"line":519,"column":27},"end":{"line":519,"column":51}},"type":"binary-expr","locations":[{"start":{"line":519,"column":27},"end":{"line":519,"column":45}},{"start":{"line":519,"column":49},"end":{"line":519,"column":51}}],"line":519},"27":{"loc":{"start":{"line":530,"column":24},"end":{"line":530,"column":45}},"type":"binary-expr","locations":[{"start":{"line":530,"column":24},"end":{"line":530,"column":39}},{"start":{"line":530,"column":43},"end":{"line":530,"column":45}}],"line":530},"28":{"loc":{"start":{"line":552,"column":29},"end":{"line":552,"column":55}},"type":"binary-expr","locations":[{"start":{"line":552,"column":29},"end":{"line":552,"column":49}},{"start":{"line":552,"column":53},"end":{"line":552,"column":55}}],"line":552},"29":{"loc":{"start":{"line":564,"column":27},"end":{"line":564,"column":55}},"type":"binary-expr","locations":[{"start":{"line":564,"column":27},"end":{"line":564,"column":50}},{"start":{"line":564,"column":54},"end":{"line":564,"column":55}}],"line":564},"30":{"loc":{"start":{"line":583,"column":4},"end":{"line":583,"column":36}},"type":"if","locations":[{"start":{"line":583,"column":4},"end":{"line":583,"column":36}},{"start":{},"end":{}}],"line":583},"31":{"loc":{"start":{"line":586,"column":4},"end":{"line":586,"column":33}},"type":"if","locations":[{"start":{"line":586,"column":4},"end":{"line":586,"column":33}},{"start":{},"end":{}}],"line":586},"32":{"loc":{"start":{"line":603,"column":27},"end":{"line":603,"column":58}},"type":"cond-expr","locations":[{"start":{"line":603,"column":42},"end":{"line":603,"column":54}},{"start":{"line":603,"column":57},"end":{"line":603,"column":58}}],"line":603},"33":{"loc":{"start":{"line":640,"column":6},"end":{"line":646,"column":7}},"type":"if","locations":[{"start":{"line":640,"column":6},"end":{"line":646,"column":7}},{"start":{},"end":{}}],"line":640},"34":{"loc":{"start":{"line":648,"column":27},"end":{"line":648,"column":51}},"type":"binary-expr","locations":[{"start":{"line":648,"column":27},"end":{"line":648,"column":45}},{"start":{"line":648,"column":49},"end":{"line":648,"column":51}}],"line":648},"35":{"loc":{"start":{"line":654,"column":8},"end":{"line":661,"column":9}},"type":"if","locations":[{"start":{"line":654,"column":8},"end":{"line":661,"column":9}},{"start":{},"end":{}}],"line":654},"36":{"loc":{"start":{"line":672,"column":20},"end":{"line":672,"column":41}},"type":"binary-expr","locations":[{"start":{"line":672,"column":20},"end":{"line":672,"column":35}},{"start":{"line":672,"column":39},"end":{"line":672,"column":41}}],"line":672},"37":{"loc":{"start":{"line":676,"column":4},"end":{"line":680,"column":5}},"type":"if","locations":[{"start":{"line":676,"column":4},"end":{"line":680,"column":5}},{"start":{"line":678,"column":11},"end":{"line":680,"column":5}}],"line":676},"38":{"loc":{"start":{"line":677,"column":35},"end":{"line":677,"column":53}},"type":"binary-expr","locations":[{"start":{"line":677,"column":35},"end":{"line":677,"column":48}},{"start":{"line":677,"column":52},"end":{"line":677,"column":53}}],"line":677},"39":{"loc":{"start":{"line":679,"column":44},"end":{"line":679,"column":62}},"type":"binary-expr","locations":[{"start":{"line":679,"column":44},"end":{"line":679,"column":57}},{"start":{"line":679,"column":61},"end":{"line":679,"column":62}}],"line":679},"40":{"loc":{"start":{"line":687,"column":4},"end":{"line":694,"column":5}},"type":"if","locations":[{"start":{"line":687,"column":4},"end":{"line":694,"column":5}},{"start":{},"end":{}}],"line":687},"41":{"loc":{"start":{"line":704,"column":4},"end":{"line":719,"column":5}},"type":"if","locations":[{"start":{"line":704,"column":4},"end":{"line":719,"column":5}},{"start":{"line":711,"column":11},"end":{"line":719,"column":5}}],"line":704},"42":{"loc":{"start":{"line":722,"column":29},"end":{"line":722,"column":55}},"type":"binary-expr","locations":[{"start":{"line":722,"column":29},"end":{"line":722,"column":49}},{"start":{"line":722,"column":53},"end":{"line":722,"column":55}}],"line":722},"43":{"loc":{"start":{"line":729,"column":8},"end":{"line":735,"column":9}},"type":"if","locations":[{"start":{"line":729,"column":8},"end":{"line":735,"column":9}},{"start":{},"end":{}}],"line":729},"44":{"loc":{"start":{"line":744,"column":4},"end":{"line":744,"column":36}},"type":"if","locations":[{"start":{"line":744,"column":4},"end":{"line":744,"column":36}},{"start":{},"end":{}}],"line":744},"45":{"loc":{"start":{"line":747,"column":4},"end":{"line":747,"column":33}},"type":"if","locations":[{"start":{"line":747,"column":4},"end":{"line":747,"column":33}},{"start":{},"end":{}}],"line":747},"46":{"loc":{"start":{"line":763,"column":4},"end":{"line":765,"column":5}},"type":"if","locations":[{"start":{"line":763,"column":4},"end":{"line":765,"column":5}},{"start":{},"end":{}}],"line":763},"47":{"loc":{"start":{"line":778,"column":4},"end":{"line":782,"column":5}},"type":"if","locations":[{"start":{"line":778,"column":4},"end":{"line":782,"column":5}},{"start":{},"end":{}}],"line":778},"48":{"loc":{"start":{"line":813,"column":4},"end":{"line":813,"column":33}},"type":"if","locations":[{"start":{"line":813,"column":4},"end":{"line":813,"column":33}},{"start":{},"end":{}}],"line":813},"49":{"loc":{"start":{"line":831,"column":12},"end":{"line":831,"column":22}},"type":"default-arg","locations":[{"start":{"line":831,"column":20},"end":{"line":831,"column":22}}],"line":831},"50":{"loc":{"start":{"line":831,"column":24},"end":{"line":831,"column":34}},"type":"default-arg","locations":[{"start":{"line":831,"column":32},"end":{"line":831,"column":34}}],"line":831},"51":{"loc":{"start":{"line":831,"column":36},"end":{"line":831,"column":49}},"type":"default-arg","locations":[{"start":{"line":831,"column":47},"end":{"line":831,"column":49}}],"line":831},"52":{"loc":{"start":{"line":831,"column":51},"end":{"line":831,"column":66}},"type":"default-arg","locations":[{"start":{"line":831,"column":64},"end":{"line":831,"column":66}}],"line":831},"53":{"loc":{"start":{"line":836,"column":6},"end":{"line":836,"column":75}},"type":"if","locations":[{"start":{"line":836,"column":6},"end":{"line":836,"column":75}},{"start":{},"end":{}}],"line":836},"54":{"loc":{"start":{"line":836,"column":10},"end":{"line":836,"column":34}},"type":"binary-expr","locations":[{"start":{"line":836,"column":10},"end":{"line":836,"column":14}},{"start":{"line":836,"column":18},"end":{"line":836,"column":34}}],"line":836},"55":{"loc":{"start":{"line":857,"column":6},"end":{"line":857,"column":26}},"type":"if","locations":[{"start":{"line":857,"column":6},"end":{"line":857,"column":26}},{"start":{},"end":{}}],"line":857},"56":{"loc":{"start":{"line":860,"column":23},"end":{"line":860,"column":42}},"type":"binary-expr","locations":[{"start":{"line":860,"column":23},"end":{"line":860,"column":36}},{"start":{"line":860,"column":40},"end":{"line":860,"column":42}}],"line":860},"57":{"loc":{"start":{"line":865,"column":6},"end":{"line":881,"column":7}},"type":"if","locations":[{"start":{"line":865,"column":6},"end":{"line":881,"column":7}},{"start":{},"end":{}}],"line":865},"58":{"loc":{"start":{"line":877,"column":20},"end":{"line":877,"column":47}},"type":"binary-expr","locations":[{"start":{"line":877,"column":20},"end":{"line":877,"column":42}},{"start":{"line":877,"column":46},"end":{"line":877,"column":47}}],"line":877},"59":{"loc":{"start":{"line":877,"column":52},"end":{"line":877,"column":73}},"type":"binary-expr","locations":[{"start":{"line":877,"column":52},"end":{"line":877,"column":68}},{"start":{"line":877,"column":72},"end":{"line":877,"column":73}}],"line":877},"60":{"loc":{"start":{"line":880,"column":59},"end":{"line":880,"column":79}},"type":"binary-expr","locations":[{"start":{"line":880,"column":59},"end":{"line":880,"column":74}},{"start":{"line":880,"column":78},"end":{"line":880,"column":79}}],"line":880},"61":{"loc":{"start":{"line":884,"column":25},"end":{"line":884,"column":47}},"type":"binary-expr","locations":[{"start":{"line":884,"column":25},"end":{"line":884,"column":41}},{"start":{"line":884,"column":45},"end":{"line":884,"column":47}}],"line":884},"62":{"loc":{"start":{"line":887,"column":6},"end":{"line":896,"column":7}},"type":"if","locations":[{"start":{"line":887,"column":6},"end":{"line":896,"column":7}},{"start":{},"end":{}}],"line":887},"63":{"loc":{"start":{"line":895,"column":65},"end":{"line":895,"column":85}},"type":"binary-expr","locations":[{"start":{"line":895,"column":65},"end":{"line":895,"column":80}},{"start":{"line":895,"column":84},"end":{"line":895,"column":85}}],"line":895},"64":{"loc":{"start":{"line":899,"column":27},"end":{"line":899,"column":51}},"type":"binary-expr","locations":[{"start":{"line":899,"column":27},"end":{"line":899,"column":45}},{"start":{"line":899,"column":49},"end":{"line":899,"column":51}}],"line":899},"65":{"loc":{"start":{"line":902,"column":6},"end":{"line":911,"column":7}},"type":"if","locations":[{"start":{"line":902,"column":6},"end":{"line":911,"column":7}},{"start":{},"end":{}}],"line":902},"66":{"loc":{"start":{"line":910,"column":69},"end":{"line":910,"column":97}},"type":"binary-expr","locations":[{"start":{"line":910,"column":69},"end":{"line":910,"column":92}},{"start":{"line":910,"column":96},"end":{"line":910,"column":97}}],"line":910},"67":{"loc":{"start":{"line":919,"column":8},"end":{"line":919,"column":35}},"type":"if","locations":[{"start":{"line":919,"column":8},"end":{"line":919,"column":35}},{"start":{},"end":{}}],"line":919},"68":{"loc":{"start":{"line":924,"column":25},"end":{"line":924,"column":48}},"type":"binary-expr","locations":[{"start":{"line":924,"column":25},"end":{"line":924,"column":43}},{"start":{"line":924,"column":47},"end":{"line":924,"column":48}}],"line":924},"69":{"loc":{"start":{"line":955,"column":4},"end":{"line":955,"column":33}},"type":"if","locations":[{"start":{"line":955,"column":4},"end":{"line":955,"column":33}},{"start":{},"end":{}}],"line":955},"70":{"loc":{"start":{"line":975,"column":4},"end":{"line":975,"column":33}},"type":"if","locations":[{"start":{"line":975,"column":4},"end":{"line":975,"column":33}},{"start":{},"end":{}}],"line":975},"71":{"loc":{"start":{"line":989,"column":4},"end":{"line":991,"column":5}},"type":"if","locations":[{"start":{"line":989,"column":4},"end":{"line":991,"column":5}},{"start":{},"end":{}}],"line":989},"72":{"loc":{"start":{"line":1005,"column":4},"end":{"line":1005,"column":33}},"type":"if","locations":[{"start":{"line":1005,"column":4},"end":{"line":1005,"column":33}},{"start":{},"end":{}}],"line":1005}},"s":{"0":6,"1":6,"2":6,"3":1,"4":1,"5":0,"6":0,"7":0,"8":0,"9":0,"10":0,"11":0,"12":0,"13":0,"14":0,"15":1,"16":1,"17":1,"18":0,"19":6,"20":0,"21":0,"22":0,"23":0,"24":0,"25":0,"26":0,"27":0,"28":0,"29":0,"30":0,"31":0,"32":0,"33":0,"34":0,"35":0,"36":0,"37":0,"38":0,"39":0,"40":6,"41":0,"42":0,"43":0,"44":0,"45":0,"46":0,"47":0,"48":0,"49":0,"50":0,"51":0,"52":0,"53":0,"54":0,"55":0,"56":0,"57":0,"58":6,"59":0,"60":0,"61":0,"62":0,"63":0,"64":0,"65":0,"66":0,"67":0,"68":0,"69":0,"70":6,"71":0,"72":0,"73":0,"74":0,"75":0,"76":0,"77":0,"78":0,"79":0,"80":0,"81":0,"82":6,"83":0,"84":0,"85":0,"86":0,"87":0,"88":0,"89":0,"90":0,"91":0,"92":0,"93":0,"94":6,"95":0,"96":0,"97":0,"98":0,"99":0,"100":0,"101":0,"102":0,"103":0,"104":0,"105":0,"106":6,"107":0,"108":0,"109":0,"110":0,"111":0,"112":0,"113":0,"114":0,"115":0,"116":0,"117":0,"118":0,"119":0,"120":0,"121":0,"122":0,"123":0,"124":0,"125":0,"126":0,"127":0,"128":0,"129":0,"130":6,"131":0,"132":0,"133":0,"134":0,"135":0,"136":0,"137":0,"138":0,"139":0,"140":0,"141":0,"142":0,"143":0,"144":0,"145":0,"146":0,"147":0,"148":0,"149":0,"150":0,"151":0,"152":0,"153":0,"154":0,"155":0,"156":0,"157":0,"158":0,"159":6,"160":0,"161":0,"162":0,"163":0,"164":0,"165":0,"166":0,"167":0,"168":0,"169":0,"170":0,"171":0,"172":0,"173":0,"174":0,"175":0,"176":0,"177":0,"178":0,"179":0,"180":0,"181":0,"182":0,"183":0,"184":0,"185":0,"186":0,"187":0,"188":0,"189":0,"190":0,"191":0,"192":0,"193":0,"194":0,"195":0,"196":0,"197":0,"198":0,"199":0,"200":0,"201":0,"202":0,"203":0,"204":0,"205":0,"206":0,"207":0,"208":0,"209":0,"210":0,"211":0,"212":0,"213":0,"214":6,"215":0,"216":0,"217":0,"218":0,"219":0,"220":0,"221":0,"222":0,"223":0,"224":0,"225":0,"226":0,"227":0,"228":0,"229":0,"230":0,"231":0,"232":0,"233":0,"234":0,"235":0,"236":0,"237":0,"238":0,"239":0,"240":6,"241":0,"242":0,"243":0,"244":0,"245":0,"246":0,"247":0,"248":0,"249":0,"250":0,"251":0,"252":0,"253":0,"254":0,"255":0,"256":0,"257":0,"258":0,"259":0,"260":0,"261":0,"262":0,"263":0,"264":0,"265":0,"266":0,"267":0,"268":0,"269":0,"270":0,"271":0,"272":0,"273":0,"274":0,"275":0,"276":0,"277":0,"278":0,"279":0,"280":0,"281":0,"282":0,"283":0,"284":0,"285":0,"286":0,"287":0,"288":0,"289":0,"290":0,"291":0,"292":0,"293":0,"294":0,"295":0,"296":0,"297":0,"298":0,"299":0,"300":0,"301":0,"302":0,"303":0,"304":0,"305":0,"306":0,"307":0,"308":0,"309":0,"310":6,"311":0,"312":0,"313":0,"314":0,"315":0,"316":0,"317":0,"318":0,"319":6,"320":0,"321":0,"322":0,"323":0,"324":0,"325":0,"326":0,"327":0,"328":0,"329":0,"330":0},"f":{"0":1,"1":0,"2":0,"3":0,"4":0,"5":0,"6":0,"7":0,"8":0,"9":0,"10":0,"11":0,"12":0,"13":0,"14":0,"15":0,"16":0,"17":0,"18":0,"19":0,"20":0,"21":0,"22":0,"23":0,"24":0,"25":0,"26":0,"27":0,"28":0,"29":0,"30":0,"31":0,"32":0,"33":0,"34":0,"35":0,"36":0,"37":0},"b":{"0":[0,1],"1":[0,0],"2":[0,0],"3":[0,0],"4":[0,0],"5":[0,0],"6":[0,0],"7":[0,0],"8":[0,0],"9":[0,0],"10":[0,0],"11":[0,0],"12":[0,0],"13":[0,0],"14":[0,0],"15":[0,0],"16":[0,0],"17":[0,0],"18":[0,0],"19":[0,0],"20":[0,0],"21":[0,0],"22":[0,0],"23":[0,0],"24":[0,0],"25":[0,0],"26":[0,0],"27":[0,0],"28":[0,0],"29":[0,0],"30":[0,0],"31":[0,0],"32":[0,0],"33":[0,0],"34":[0,0],"35":[0,0],"36":[0,0],"37":[0,0],"38":[0,0],"39":[0,0],"40":[0,0],"41":[0,0],"42":[0,0],"43":[0,0],"44":[0,0],"45":[0,0],"46":[0,0],"47":[0,0],"48":[0,0],"49":[0],"50":[0],"51":[0],"52":[0],"53":[0,0],"54":[0,0],"55":[0,0],"56":[0,0],"57":[0,0],"58":[0,0],"59":[0,0],"60":[0,0],"61":[0,0],"62":[0,0],"63":[0,0],"64":[0,0],"65":[0,0],"66":[0,0],"67":[0,0],"68":[0,0],"69":[0,0],"70":[0,0],"71":[0,0],"72":[0,0]},"_coverageSchema":"1a1c01bbd47fc00a2c39e90264f33305004495a9","hash":"48d7580db2d768bd8d2bf8300164a8617fd974b0"}
,"/Users/henoclaptop/Desktop/PI/bugbusters/backend/src/controllers/calendarController.js": {"path":"/Users/henoclaptop/Desktop/PI/bugbusters/backend/src/controllers/calendarController.js","statementMap":{"0":{"start":{"line":2,"column":36},"end":{"line":2,"column":59}},"1":{"start":{"line":6,"column":0},"end":{"line":69,"column":2}},"2":{"start":{"line":8,"column":2},"end":{"line":68,"column":3}},"3":{"start":{"line":9,"column":4},"end":{"line":9,"column":33}},"4":{"start":{"line":11,"column":19},"end":{"line":23,"column":5}},"5":{"start":{"line":25,"column":18},"end":{"line":56,"column":32}},"6":{"start":{"line":26,"column":20},"end":{"line":26,"column":34}},"7":{"start":{"line":27,"column":20},"end":{"line":27,"column":34}},"8":{"start":{"line":28,"column":18},"end":{"line":28,"column":30}},"9":{"start":{"line":31,"column":24},"end":{"line":38,"column":3}},"10":{"start":{"line":40,"column":22},"end":{"line":47,"column":3}},"11":{"start":{"line":49,"column":2},"end":{"line":55,"column":4}},"12":{"start":{"line":56,"column":15},"end":{"line":56,"column":31}},"13":{"start":{"line":61,"column":4},"end":{"line":61,"column":68}},"14":{"start":{"line":62,"column":4},"end":{"line":62,"column":24}},"15":{"start":{"line":64,"column":4},"end":{"line":64,"column":72}},"16":{"start":{"line":65,"column":4},"end":{"line":65,"column":49}},"17":{"start":{"line":67,"column":4},"end":{"line":67,"column":33}},"18":{"start":{"line":67,"column":14},"end":{"line":67,"column":33}}},"fnMap":{"0":{"name":"(anonymous_0)","decl":{"start":{"line":6,"column":34},"end":{"line":6,"column":35}},"loc":{"start":{"line":6,"column":54},"end":{"line":69,"column":1}},"line":6},"1":{"name":"(anonymous_1)","decl":{"start":{"line":25,"column":34},"end":{"line":25,"column":35}},"loc":{"start":{"line":25,"column":41},"end":{"line":56,"column":1}},"line":25},"2":{"name":"(anonymous_2)","decl":{"start":{"line":56,"column":10},"end":{"line":56,"column":11}},"loc":{"start":{"line":56,"column":15},"end":{"line":56,"column":31}},"line":56}},"branchMap":{"0":{"loc":{"start":{"line":56,"column":15},"end":{"line":56,"column":31}},"type":"binary-expr","locations":[{"start":{"line":56,"column":15},"end":{"line":56,"column":22}},{"start":{"line":56,"column":26},"end":{"line":56,"column":31}}],"line":56},"1":{"loc":{"start":{"line":67,"column":4},"end":{"line":67,"column":33}},"type":"if","locations":[{"start":{"line":67,"column":4},"end":{"line":67,"column":33}},{"start":{},"end":{}}],"line":67}},"s":{"0":6,"1":6,"2":0,"3":0,"4":0,"5":0,"6":0,"7":0,"8":0,"9":0,"10":0,"11":0,"12":0,"13":0,"14":0,"15":0,"16":0,"17":0,"18":0},"f":{"0":0,"1":0,"2":0},"b":{"0":[0,0],"1":[0,0]},"_coverageSchema":"1a1c01bbd47fc00a2c39e90264f33305004495a9","hash":"8787fa97595f7ee767b44a426a550b3ea4baba7a"}
,"/Users/henoclaptop/Desktop/PI/bugbusters/backend/src/controllers/chatbotController.js": {"path":"/Users/henoclaptop/Desktop/PI/bugbusters/backend/src/controllers/chatbotController.js","statementMap":{"0":{"start":{"line":1,"column":26},"end":{"line":1,"column":49}},"1":{"start":{"line":4,"column":16},"end":{"line":50,"column":1}},"2":{"start":{"line":8,"column":21},"end":{"line":10,"column":8}},"3":{"start":{"line":11,"column":20},"end":{"line":14,"column":20}},"4":{"start":{"line":13,"column":10},"end":{"line":13,"column":111}},"5":{"start":{"line":15,"column":6},"end":{"line":15,"column":98}},"6":{"start":{"line":21,"column":21},"end":{"line":23,"column":8}},"7":{"start":{"line":24,"column":24},"end":{"line":27,"column":20}},"8":{"start":{"line":26,"column":10},"end":{"line":26,"column":51}},"9":{"start":{"line":28,"column":6},"end":{"line":28,"column":133}},"10":{"start":{"line":34,"column":21},"end":{"line":36,"column":8}},"11":{"start":{"line":37,"column":24},"end":{"line":40,"column":20}},"12":{"start":{"line":39,"column":10},"end":{"line":39,"column":69}},"13":{"start":{"line":41,"column":6},"end":{"line":41,"column":116}},"14":{"start":{"line":47,"column":6},"end":{"line":47,"column":186}},"15":{"start":{"line":56,"column":16},"end":{"line":56,"column":40}},"16":{"start":{"line":59,"column":22},"end":{"line":59,"column":97}},"17":{"start":{"line":60,"column":2},"end":{"line":62,"column":3}},"18":{"start":{"line":61,"column":4},"end":{"line":61,"column":80}},"19":{"start":{"line":65,"column":24},"end":{"line":65,"column":120}},"20":{"start":{"line":66,"column":2},"end":{"line":68,"column":3}},"21":{"start":{"line":67,"column":4},"end":{"line":67,"column":83}},"22":{"start":{"line":71,"column":28},"end":{"line":73,"column":1}},"23":{"start":{"line":75,"column":2},"end":{"line":81,"column":3}},"24":{"start":{"line":76,"column":4},"end":{"line":80,"column":6}},"25":{"start":{"line":84,"column":21},"end":{"line":84,"column":88}},"26":{"start":{"line":85,"column":0},"end":{"line":94,"column":1}},"27":{"start":{"line":86,"column":20},"end":{"line":86,"column":45}},"28":{"start":{"line":87,"column":25},"end":{"line":87,"column":55}},"29":{"start":{"line":89,"column":2},"end":{"line":93,"column":4}},"30":{"start":{"line":97,"column":2},"end":{"line":101,"column":3}},"31":{"start":{"line":98,"column":4},"end":{"line":100,"column":5}},"32":{"start":{"line":99,"column":6},"end":{"line":99,"column":52}},"33":{"start":{"line":103,"column":2},"end":{"line":103,"column":14}},"34":{"start":{"line":107,"column":2},"end":{"line":112,"column":12}},"35":{"start":{"line":119,"column":17},"end":{"line":119,"column":87}},"36":{"start":{"line":120,"column":26},"end":{"line":120,"column":28}},"37":{"start":{"line":121,"column":23},"end":{"line":121,"column":31}},"38":{"start":{"line":123,"column":2},"end":{"line":129,"column":3}},"39":{"start":{"line":124,"column":22},"end":{"line":124,"column":78}},"40":{"start":{"line":125,"column":4},"end":{"line":128,"column":5}},"41":{"start":{"line":126,"column":6},"end":{"line":126,"column":33}},"42":{"start":{"line":127,"column":6},"end":{"line":127,"column":33}},"43":{"start":{"line":130,"column":2},"end":{"line":130,"column":47}},"44":{"start":{"line":137,"column":13},"end":{"line":137,"column":84}},"45":{"start":{"line":137,"column":56},"end":{"line":137,"column":83}},"46":{"start":{"line":138,"column":2},"end":{"line":138,"column":51}},"47":{"start":{"line":138,"column":15},"end":{"line":138,"column":16}},"48":{"start":{"line":138,"column":38},"end":{"line":138,"column":51}},"49":{"start":{"line":139,"column":2},"end":{"line":139,"column":51}},"50":{"start":{"line":139,"column":15},"end":{"line":139,"column":16}},"51":{"start":{"line":139,"column":38},"end":{"line":139,"column":51}},"52":{"start":{"line":141,"column":2},"end":{"line":147,"column":3}},"53":{"start":{"line":141,"column":15},"end":{"line":141,"column":16}},"54":{"start":{"line":142,"column":4},"end":{"line":146,"column":5}},"55":{"start":{"line":142,"column":17},"end":{"line":142,"column":18}},"56":{"start":{"line":143,"column":6},"end":{"line":145,"column":77}},"57":{"start":{"line":148,"column":2},"end":{"line":148,"column":32}},"58":{"start":{"line":154,"column":0},"end":{"line":521,"column":2}},"59":{"start":{"line":155,"column":31},"end":{"line":155,"column":39}},"60":{"start":{"line":156,"column":19},"end":{"line":156,"column":47}},"61":{"start":{"line":159,"column":2},"end":{"line":520,"column":3}},"62":{"start":{"line":160,"column":4},"end":{"line":160,"column":39}},"63":{"start":{"line":164,"column":24},"end":{"line":164,"column":80}},"64":{"start":{"line":165,"column":6},"end":{"line":170,"column":7}},"65":{"start":{"line":166,"column":8},"end":{"line":169,"column":10}},"66":{"start":{"line":171,"column":6},"end":{"line":171,"column":71}},"67":{"start":{"line":175,"column":4},"end":{"line":324,"column":5}},"68":{"start":{"line":176,"column":6},"end":{"line":313,"column":7}},"69":{"start":{"line":177,"column":23},"end":{"line":177,"column":44}},"70":{"start":{"line":178,"column":23},"end":{"line":178,"column":42}},"71":{"start":{"line":180,"column":8},"end":{"line":198,"column":9}},"72":{"start":{"line":181,"column":25},"end":{"line":187,"column":80}},"73":{"start":{"line":189,"column":10},"end":{"line":191,"column":11}},"74":{"start":{"line":190,"column":12},"end":{"line":190,"column":110}},"75":{"start":{"line":193,"column":32},"end":{"line":193,"column":46}},"76":{"start":{"line":194,"column":10},"end":{"line":197,"column":13}},"77":{"start":{"line":200,"column":8},"end":{"line":215,"column":9}},"78":{"start":{"line":201,"column":25},"end":{"line":204,"column":11}},"79":{"start":{"line":206,"column":10},"end":{"line":208,"column":11}},"80":{"start":{"line":207,"column":12},"end":{"line":207,"column":97}},"81":{"start":{"line":210,"column":38},"end":{"line":210,"column":52}},"82":{"start":{"line":211,"column":10},"end":{"line":214,"column":13}},"83":{"start":{"line":217,"column":8},"end":{"line":258,"column":9}},"84":{"start":{"line":218,"column":10},"end":{"line":223,"column":11}},"85":{"start":{"line":219,"column":12},"end":{"line":222,"column":15}},"86":{"start":{"line":226,"column":23},"end":{"line":226,"column":72}},"87":{"start":{"line":227,"column":10},"end":{"line":236,"column":11}},"88":{"start":{"line":228,"column":12},"end":{"line":235,"column":15}},"89":{"start":{"line":239,"column":23},"end":{"line":245,"column":11}},"90":{"start":{"line":247,"column":10},"end":{"line":257,"column":11}},"91":{"start":{"line":248,"column":12},"end":{"line":251,"column":15}},"92":{"start":{"line":253,"column":12},"end":{"line":256,"column":15}},"93":{"start":{"line":260,"column":0},"end":{"line":305,"column":1}},"94":{"start":{"line":261,"column":21},"end":{"line":261,"column":41}},"95":{"start":{"line":262,"column":20},"end":{"line":262,"column":49}},"96":{"start":{"line":265,"column":21},"end":{"line":268,"column":3}},"97":{"start":{"line":270,"column":2},"end":{"line":275,"column":3}},"98":{"start":{"line":271,"column":4},"end":{"line":274,"column":7}},"99":{"start":{"line":277,"column":39},"end":{"line":277,"column":57}},"100":{"start":{"line":279,"column":25},"end":{"line":279,"column":27}},"101":{"start":{"line":280,"column":23},"end":{"line":280,"column":24}},"102":{"start":{"line":282,"column":2},"end":{"line":297,"column":3}},"103":{"start":{"line":283,"column":4},"end":{"line":296,"column":5}},"104":{"start":{"line":284,"column":29},"end":{"line":287,"column":7}},"105":{"start":{"line":289,"column":6},"end":{"line":295,"column":7}},"106":{"start":{"line":290,"column":49},"end":{"line":290,"column":71}},"107":{"start":{"line":291,"column":8},"end":{"line":291,"column":72}},"108":{"start":{"line":292,"column":8},"end":{"line":292,"column":41}},"109":{"start":{"line":294,"column":8},"end":{"line":294,"column":62}},"110":{"start":{"line":299,"column":16},"end":{"line":299,"column":43}},"111":{"start":{"line":301,"column":2},"end":{"line":304,"column":5}},"112":{"start":{"line":309,"column":8},"end":{"line":312,"column":11}},"113":{"start":{"line":315,"column":6},"end":{"line":317,"column":7}},"114":{"start":{"line":316,"column":8},"end":{"line":316,"column":94}},"115":{"start":{"line":320,"column":6},"end":{"line":323,"column":9}},"116":{"start":{"line":327,"column":21},"end":{"line":327,"column":45}},"117":{"start":{"line":329,"column":4},"end":{"line":331,"column":5}},"118":{"start":{"line":330,"column":6},"end":{"line":330,"column":118}},"119":{"start":{"line":336,"column":4},"end":{"line":398,"column":5}},"120":{"start":{"line":337,"column":25},"end":{"line":337,"column":61}},"121":{"start":{"line":338,"column":31},"end":{"line":338,"column":82}},"122":{"start":{"line":338,"column":60},"end":{"line":338,"column":75}},"123":{"start":{"line":340,"column":6},"end":{"line":345,"column":7}},"124":{"start":{"line":341,"column":8},"end":{"line":344,"column":11}},"125":{"start":{"line":349,"column":35},"end":{"line":349,"column":37}},"126":{"start":{"line":350,"column":6},"end":{"line":355,"column":7}},"127":{"start":{"line":351,"column":21},"end":{"line":351,"column":88}},"128":{"start":{"line":352,"column":8},"end":{"line":354,"column":9}},"129":{"start":{"line":353,"column":10},"end":{"line":353,"column":49}},"130":{"start":{"line":356,"column":19},"end":{"line":356,"column":72}},"131":{"start":{"line":357,"column":6},"end":{"line":362,"column":7}},"132":{"start":{"line":358,"column":8},"end":{"line":361,"column":11}},"133":{"start":{"line":367,"column":25},"end":{"line":370,"column":7}},"134":{"start":{"line":372,"column":6},"end":{"line":374,"column":7}},"135":{"start":{"line":373,"column":8},"end":{"line":373,"column":88}},"136":{"start":{"line":376,"column":18},"end":{"line":376,"column":39}},"137":{"start":{"line":377,"column":22},"end":{"line":377,"column":66}},"138":{"start":{"line":379,"column":6},"end":{"line":393,"column":7}},"139":{"start":{"line":380,"column":22},"end":{"line":380,"column":76}},"140":{"start":{"line":380,"column":57},"end":{"line":380,"column":65}},"141":{"start":{"line":381,"column":28},"end":{"line":381,"column":74}},"142":{"start":{"line":381,"column":58},"end":{"line":381,"column":73}},"143":{"start":{"line":383,"column":32},"end":{"line":386,"column":9}},"144":{"start":{"line":388,"column":8},"end":{"line":388,"column":36}},"145":{"start":{"line":389,"column":8},"end":{"line":392,"column":9}},"146":{"start":{"line":390,"column":10},"end":{"line":390,"column":30}},"147":{"start":{"line":391,"column":10},"end":{"line":391,"column":59}},"148":{"start":{"line":395,"column":6},"end":{"line":395,"column":102}},"149":{"start":{"line":397,"column":6},"end":{"line":397,"column":60}},"150":{"start":{"line":401,"column":4},"end":{"line":431,"column":5}},"151":{"start":{"line":402,"column":21},"end":{"line":402,"column":50}},"152":{"start":{"line":403,"column":21},"end":{"line":409,"column":34}},"153":{"start":{"line":411,"column":6},"end":{"line":427,"column":7}},"154":{"start":{"line":413,"column":31},"end":{"line":413,"column":80}},"155":{"start":{"line":414,"column":35},"end":{"line":414,"column":98}},"156":{"start":{"line":416,"column":27},"end":{"line":417,"column":83}},"157":{"start":{"line":419,"column":8},"end":{"line":424,"column":9}},"158":{"start":{"line":420,"column":10},"end":{"line":423,"column":13}},"159":{"start":{"line":426,"column":8},"end":{"line":426,"column":106}},"160":{"start":{"line":429,"column":28},"end":{"line":429,"column":42}},"161":{"start":{"line":430,"column":6},"end":{"line":430,"column":87}},"162":{"start":{"line":434,"column":4},"end":{"line":458,"column":5}},"163":{"start":{"line":435,"column":21},"end":{"line":435,"column":50}},"164":{"start":{"line":436,"column":21},"end":{"line":439,"column":7}},"165":{"start":{"line":441,"column":6},"end":{"line":451,"column":7}},"166":{"start":{"line":443,"column":27},"end":{"line":443,"column":90}},"167":{"start":{"line":444,"column":8},"end":{"line":449,"column":9}},"168":{"start":{"line":445,"column":10},"end":{"line":448,"column":13}},"169":{"start":{"line":450,"column":8},"end":{"line":450,"column":93}},"170":{"start":{"line":453,"column":34},"end":{"line":453,"column":48}},"171":{"start":{"line":454,"column":6},"end":{"line":457,"column":9}},"172":{"start":{"line":462,"column":4},"end":{"line":498,"column":5}},"173":{"start":{"line":463,"column":6},"end":{"line":468,"column":7}},"174":{"start":{"line":464,"column":8},"end":{"line":467,"column":11}},"175":{"start":{"line":470,"column":21},"end":{"line":470,"column":50}},"176":{"start":{"line":471,"column":19},"end":{"line":471,"column":68}},"177":{"start":{"line":472,"column":6},"end":{"line":477,"column":7}},"178":{"start":{"line":473,"column":8},"end":{"line":476,"column":11}},"179":{"start":{"line":479,"column":19},"end":{"line":485,"column":7}},"180":{"start":{"line":487,"column":6},"end":{"line":497,"column":7}},"181":{"start":{"line":488,"column":8},"end":{"line":491,"column":11}},"182":{"start":{"line":493,"column":8},"end":{"line":496,"column":11}},"183":{"start":{"line":500,"column":6},"end":{"line":505,"column":5}},"184":{"start":{"line":501,"column":6},"end":{"line":504,"column":7}},"185":{"start":{"line":502,"column":21},"end":{"line":502,"column":56}},"186":{"start":{"line":503,"column":8},"end":{"line":503,"column":57}},"187":{"start":{"line":507,"column":4},"end":{"line":507,"column":105}},"188":{"start":{"line":510,"column":4},"end":{"line":510,"column":54}},"189":{"start":{"line":511,"column":4},"end":{"line":511,"column":107}},"190":{"start":{"line":513,"column":4},"end":{"line":519,"column":5}},"191":{"start":{"line":514,"column":6},"end":{"line":518,"column":7}},"192":{"start":{"line":515,"column":8},"end":{"line":515,"column":33}},"193":{"start":{"line":517,"column":8},"end":{"line":517,"column":53}}},"fnMap":{"0":{"name":"(anonymous_0)","decl":{"start":{"line":7,"column":13},"end":{"line":7,"column":14}},"loc":{"start":{"line":7,"column":35},"end":{"line":16,"column":5}},"line":7},"1":{"name":"(anonymous_1)","decl":{"start":{"line":12,"column":8},"end":{"line":12,"column":9}},"loc":{"start":{"line":13,"column":10},"end":{"line":13,"column":111}},"line":13},"2":{"name":"(anonymous_2)","decl":{"start":{"line":20,"column":13},"end":{"line":20,"column":14}},"loc":{"start":{"line":20,"column":35},"end":{"line":29,"column":5}},"line":20},"3":{"name":"(anonymous_3)","decl":{"start":{"line":25,"column":8},"end":{"line":25,"column":9}},"loc":{"start":{"line":26,"column":10},"end":{"line":26,"column":51}},"line":26},"4":{"name":"(anonymous_4)","decl":{"start":{"line":33,"column":13},"end":{"line":33,"column":14}},"loc":{"start":{"line":33,"column":35},"end":{"line":42,"column":5}},"line":33},"5":{"name":"(anonymous_5)","decl":{"start":{"line":38,"column":8},"end":{"line":38,"column":9}},"loc":{"start":{"line":39,"column":10},"end":{"line":39,"column":69}},"line":39},"6":{"name":"(anonymous_6)","decl":{"start":{"line":46,"column":13},"end":{"line":46,"column":14}},"loc":{"start":{"line":46,"column":25},"end":{"line":48,"column":5}},"line":46},"7":{"name":"analizarMensaje","decl":{"start":{"line":55,"column":9},"end":{"line":55,"column":24}},"loc":{"start":{"line":55,"column":30},"end":{"line":104,"column":1}},"line":55},"8":{"name":"limpiarTexto","decl":{"start":{"line":106,"column":9},"end":{"line":106,"column":21}},"loc":{"start":{"line":106,"column":29},"end":{"line":113,"column":1}},"line":106},"9":{"name":"buscarPorNombre","decl":{"start":{"line":118,"column":15},"end":{"line":118,"column":30}},"loc":{"start":{"line":118,"column":66},"end":{"line":131,"column":1}},"line":118},"10":{"name":"levenshtein","decl":{"start":{"line":136,"column":9},"end":{"line":136,"column":20}},"loc":{"start":{"line":136,"column":27},"end":{"line":149,"column":1}},"line":136},"11":{"name":"(anonymous_11)","decl":{"start":{"line":137,"column":50},"end":{"line":137,"column":51}},"loc":{"start":{"line":137,"column":56},"end":{"line":137,"column":83}},"line":137},"12":{"name":"(anonymous_12)","decl":{"start":{"line":154,"column":26},"end":{"line":154,"column":27}},"loc":{"start":{"line":154,"column":46},"end":{"line":521,"column":1}},"line":154},"13":{"name":"buscarEntidadConSugerencia","decl":{"start":{"line":163,"column":19},"end":{"line":163,"column":45}},"loc":{"start":{"line":163,"column":61},"end":{"line":172,"column":5}},"line":163},"14":{"name":"(anonymous_14)","decl":{"start":{"line":338,"column":55},"end":{"line":338,"column":56}},"loc":{"start":{"line":338,"column":60},"end":{"line":338,"column":75}},"line":338},"15":{"name":"(anonymous_15)","decl":{"start":{"line":380,"column":47},"end":{"line":380,"column":48}},"loc":{"start":{"line":380,"column":57},"end":{"line":380,"column":65}},"line":380},"16":{"name":"(anonymous_16)","decl":{"start":{"line":381,"column":53},"end":{"line":381,"column":54}},"loc":{"start":{"line":381,"column":58},"end":{"line":381,"column":73}},"line":381}},"branchMap":{"0":{"loc":{"start":{"line":60,"column":2},"end":{"line":62,"column":3}},"type":"if","locations":[{"start":{"line":60,"column":2},"end":{"line":62,"column":3}},{"start":{},"end":{}}],"line":60},"1":{"loc":{"start":{"line":66,"column":2},"end":{"line":68,"column":3}},"type":"if","locations":[{"start":{"line":66,"column":2},"end":{"line":68,"column":3}},{"start":{},"end":{}}],"line":66},"2":{"loc":{"start":{"line":75,"column":2},"end":{"line":81,"column":3}},"type":"if","locations":[{"start":{"line":75,"column":2},"end":{"line":81,"column":3}},{"start":{},"end":{}}],"line":75},"3":{"loc":{"start":{"line":85,"column":0},"end":{"line":94,"column":1}},"type":"if","locations":[{"start":{"line":85,"column":0},"end":{"line":94,"column":1}},{"start":{},"end":{}}],"line":85},"4":{"loc":{"start":{"line":91,"column":10},"end":{"line":91,"column":41}},"type":"cond-expr","locations":[{"start":{"line":91,"column":22},"end":{"line":91,"column":34}},{"start":{"line":91,"column":37},"end":{"line":91,"column":41}}],"line":91},"5":{"loc":{"start":{"line":92,"column":15},"end":{"line":92,"column":74}},"type":"cond-expr","locations":[{"start":{"line":92,"column":32},"end":{"line":92,"column":69}},{"start":{"line":92,"column":72},"end":{"line":92,"column":74}}],"line":92},"6":{"loc":{"start":{"line":98,"column":4},"end":{"line":100,"column":5}},"type":"if","locations":[{"start":{"line":98,"column":4},"end":{"line":100,"column":5}},{"start":{},"end":{}}],"line":98},"7":{"loc":{"start":{"line":125,"column":4},"end":{"line":128,"column":5}},"type":"if","locations":[{"start":{"line":125,"column":4},"end":{"line":128,"column":5}},{"start":{},"end":{}}],"line":125},
[...]
,"/Users/henoclaptop/Desktop/PI/bugbusters/backend/src/routes/chatbot.js": {"path":"/Users/henoclaptop/Desktop/PI/bugbusters/backend/src/routes/chatbot.js","statementMap":{"0":{"start":{"line":1,"column":16},"end":{"line":1,"column":34}},"1":{"start":{"line":2,"column":15},"end":{"line":2,"column":31}},"2":{"start":{"line":3,"column":28},"end":{"line":3,"column":71}},"3":{"start":{"line":5,"column":0},"end":{"line":5,"column":38}},"4":{"start":{"line":7,"column":0},"end":{"line":7,"column":24}}},"fnMap":{},"branchMap":{},"s":{"0":6,"1":6,"2":6,"3":6,"4":6},"f":{},"b":{},"_coverageSchema":"1a1c01bbd47fc00a2c39e90264f33305004495a9","hash":"7491e6e3888e1f8ffe0ee0462c87620e6d5ac615"}
,"/Users/henoclaptop/Desktop/PI/bugbusters/backend/src/routes/dashboard.js": {"path":"/Users/henoclaptop/Desktop/PI/bugbusters/backend/src/routes/dashboard.js","statementMap":{"0":{"start":{"line":2,"column":16},"end":{"line":2,"column":34}},"1":{"start":{"line":3,"column":15},"end":{"line":3,"column":31}},"2":{"start":{"line":4,"column":28},"end":{"line":4,"column":73}},"3":{"start":{"line":5,"column":0},"end":{"line":5,"column":60}},"4":{"start":{"line":6,"column":0},"end":{"line":6,"column":78}},"5":{"start":{"line":7,"column":0},"end":{"line":7,"column":58}},"6":{"start":{"line":8,"column":0},"end":{"line":8,"column":56}},"7":{"start":{"line":9,"column":0},"end":{"line":9,"column":65}},"8":{"start":{"line":12,"column":0},"end":{"line":12,"column":24}}},"fnMap":{},"branchMap":{},"s":{"0":6,"1":6,"2":6,"3":6,"4":6,"5":6,"6":6,"7":6,"8":6},"f":{},"b":{},"_coverageSchema":"1a1c01bbd47fc00a2c39e90264f33305004495a9","hash":"33cc85fdba93ef8090451a34f42aa0122647c3db"}
,"/Users/henoclaptop/Desktop/PI/bugbusters/backend/src/routes/emails.js": {"path":"/Users/henoclaptop/Desktop/PI/bugbusters/backend/src/routes/emails.js","statementMap":{"0":{"start":{"line":1,"column":16},"end":{"line":1,"column":34}},"1":{"start":{"line":2,"column":15},"end":{"line":2,"column":31}},"2":{"start":{"line":3,"column":24},"end":{"line":3,"column":65}},"3":{"start":{"line":5,"column":0},"end":{"line":5,"column":74}},"4":{"start":{"line":6,"column":0},"end":{"line":6,"column":71}},"5":{"start":{"line":7,"column":0},"end":{"line":7,"column":74}},"6":{"start":{"line":8,"column":0},"end":{"line":8,"column":51}},"7":{"start":{"line":9,"column":0},"end":{"line":9,"column":83}},"8":{"start":{"line":11,"column":0},"end":{"line":11,"column":24}}},"fnMap":{},"branchMap":{},"s":{"0":6,"1":6,"2":6,"3":6,"4":6,"5":6,"6":6,"7":6,"8":6},"f":{},"b":{},"_coverageSchema":"1a1c01bbd47fc00a2c39e90264f33305004495a9","hash":"4be83be10ccd7b97b0d4c0b4f64444ab576bd8ef"}
,"/Users/henoclaptop/Desktop/PI/bugbusters/backend/src/routes/equipment.js": {"path":"/Users/henoclaptop/Desktop/PI/bugbusters/backend/src/routes/equipment.js","statementMap":{"0":{"start":{"line":1,"column":16},"end":{"line":1,"column":34}},"1":{"start":{"line":2,"column":15},"end":{"line":2,"column":31}},"2":{"start":{"line":3,"column":15},"end":{"line":3,"column":32}},"3":{"start":{"line":4,"column":13},"end":{"line":4,"column":28}},"4":{"start":{"line":5,"column":11},"end":{"line":5,"column":24}},"5":{"start":{"line":6,"column":29},"end":{"line":6,"column":74}},"6":{"start":{"line":8,"column":16},"end":{"line":19,"column":2}},"7":{"start":{"line":10,"column":24},"end":{"line":10,"column":69}},"8":{"start":{"line":11,"column":4},"end":{"line":11,"column":50}},"9":{"start":{"line":12,"column":4},"end":{"line":12,"column":25}},"10":{"start":{"line":15,"column":16},"end":{"line":15,"column":47}},"11":{"start":{"line":16,"column":23},"end":{"line":16,"column":79}},"12":{"start":{"line":17,"column":4},"end":{"line":17,"column":25}},"13":{"start":{"line":21,"column":15},"end":{"line":21,"column":34}},"14":{"start":{"line":23,"column":0},"end":{"line":23,"column":87}},"15":{"start":{"line":24,"column":0},"end":{"line":24,"column":55}},"16":{"start":{"line":25,"column":0},"end":{"line":25,"column":68}},"17":{"start":{"line":26,"column":0},"end":{"line":26,"column":58}},"18":{"start":{"line":27,"column":0},"end":{"line":27,"column":55}},"19":{"start":{"line":28,"column":0},"end":{"line":28,"column":74}},"20":{"start":{"line":29,"column":0},"end":{"line":29,"column":57}},"21":{"start":{"line":30,"column":0},"end":{"line":30,"column":60}},"22":{"start":{"line":32,"column":0},"end":{"line":32,"column":24}}},"fnMap":{"0":{"name":"(anonymous_0)","decl":{"start":{"line":9,"column":15},"end":{"line":9,"column":16}},"loc":{"start":{"line":9,"column":34},"end":{"line":13,"column":3}},"line":9},"1":{"name":"(anonymous_1)","decl":{"start":{"line":14,"column":12},"end":{"line":14,"column":13}},"loc":{"start":{"line":14,"column":31},"end":{"line":18,"column":3}},"line":14}},"branchMap":{},"s":{"0":6,"1":6,"2":6,"3":6,"4":6,"5":6,"6":6,"7":0,"8":0,"9":0,"10":0,"11":0,"12":0,"13":6,"14":6,"15":6,"16":6,"17":6,"18":6,"19":6,"20":6,"21":6,"22":6},"f":{"0":0,"1":0},"b":{},"_coverageSchema":"1a1c01bbd47fc00a2c39e90264f33305004495a9","hash":"cd0b4d3327e19d740f08bc8e8bac977fc64cd774"}
,"/Users/henoclaptop/Desktop/PI/bugbusters/backend/src/routes/menus.js": {"path":"/Users/henoclaptop/Desktop/PI/bugbusters/backend/src/routes/menus.js","statementMap":{"0":{"start":{"line":1,"column":15},"end":{"line":1,"column":32}},"1":{"start":{"line":2,"column":13},"end":{"line":2,"column":28}},"2":{"start":{"line":3,"column":11},"end":{"line":3,"column":24}},"3":{"start":{"line":4,"column":16},"end":{"line":4,"column":34}},"4":{"start":{"line":5,"column":15},"end":{"line":5,"column":31}},"5":{"start":{"line":6,"column":24},"end":{"line":6,"column":65}},"6":{"start":{"line":8,"column":16},"end":{"line":21,"column":2}},"7":{"start":{"line":10,"column":22},"end":{"line":10,"column":62}},"8":{"start":{"line":11,"column":4},"end":{"line":13,"column":5}},"9":{"start":{"line":12,"column":6},"end":{"line":12,"column":51}},"10":{"start":{"line":14,"column":4},"end":{"line":14,"column":24}},"11":{"start":{"line":17,"column":25},"end":{"line":17,"column":75}},"12":{"start":{"line":18,"column":16},"end":{"line":18,"column":47}},"13":{"start":{"line":19,"column":4},"end":{"line":19,"column":56}},"14":{"start":{"line":22,"column":15},"end":{"line":22,"column":34}},"15":{"start":{"line":24,"column":0},"end":{"line":24,"column":101}},"16":{"start":{"line":25,"column":0},"end":{"line":25,"column":83}},"17":{"start":{"line":26,"column":0},"end":{"line":26,"column":45}},"18":{"start":{"line":27,"column":0},"end":{"line":27,"column":61}},"19":{"start":{"line":28,"column":0},"end":{"line":28,"column":48}},"20":{"start":{"line":29,"column":0},"end":{"line":29,"column":64}},"21":{"start":{"line":30,"column":0},"end":{"line":30,"column":45}},"22":{"start":{"line":31,"column":0},"end":{"line":31,"column":47}},"23":{"start":{"line":32,"column":0},"end":{"line":32,"column":50}},"24":{"start":{"line":34,"column":0},"end":{"line":34,"column":24}}},"fnMap":{"0":{"name":"(anonymous_0)","decl":{"start":{"line":9,"column":15},"end":{"line":9,"column":16}},"loc":{"start":{"line":9,"column":34},"end":{"line":15,"column":3}},"line":9},"1":{"name":"(anonymous_1)","decl":{"start":{"line":16,"column":12},"end":{"line":16,"column":13}},"loc":{"start":{"line":16,"column":31},"end":{"line":20,"column":3}},"line":16}},"branchMap":{"0":{"loc":{"start":{"line":11,"column":4},"end":{"line":13,"column":5}},"type":"if","locations":[{"start":{"line":11,"column":4},"end":{"line":13,"column":5}},{"start":{},"end":{}}],"line":11}},"s":{"0":6,"1":6,"2":6,"3":6,"4":6,"5":6,"6":6,"7":0,"8":0,"9":0,"10":0,"11":0,"12":0,"13":0,"14":6,"15":6,"16":6,"17":6,"18":6,"19":6,"20":6,"21":6,"22":6,"23":6,"24":6},"f":{"0":0,"1":0},"b":{"0":[0,0]},"_coverageSchema":"1a1c01bbd47fc00a2c39e90264f33305004495a9","hash":"54242be212daaeba85dcaddec6dde26b6133427d"}
,"/Users/henoclaptop/Desktop/PI/bugbusters/backend/src/routes/products.js": {"path":"/Users/henoclaptop/Desktop/PI/bugbusters/backend/src/routes/products.js","statementMap":{"0":{"start":{"line":1,"column":16},"end":{"line":1,"column":34}},"1":{"start":{"line":2,"column":15},"end":{"line":2,"column":31}},"2":{"start":{"line":3,"column":26},"end":{"line":3,"column":69}},"3":{"start":{"line":5,"column":0},"end":{"line":5,"column":50}},"4":{"start":{"line":6,"column":0},"end":{"line":6,"column":53}},"5":{"start":{"line":7,"column":0},"end":{"line":7,"column":50}},"6":{"start":{"line":8,"column":0},"end":{"line":8,"column":52}},"7":{"start":{"line":9,"column":0},"end":{"line":9,"column":55}},"8":{"start":{"line":11,"column":0},"end":{"line":11,"column":24}}},"fnMap":{},"branchMap":{},"s":{"0":6,"1":6,"2":6,"3":6,"4":6,"5":6,"6":6,"7":6,"8":6},"f":{},"b":{},"_coverageSchema":"1a1c01bbd47fc00a2c39e90264f33305004495a9","hash":"79a04aa578c863ddd4953bc05ad4986593982cf2"}
,"/Users/henoclaptop/Desktop/PI/bugbusters/backend/src/routes/services.js": {"path":"/Users/henoclaptop/Desktop/PI/bugbusters/backend/src/routes/services.js","statementMap":{"0":{"start":{"line":1,"column":16},"end":{"line":1,"column":34}},"1":{"start":{"line":2,"column":15},"end":{"line":2,"column":31}},"2":{"start":{"line":3,"column":15},"end":{"line":3,"column":41}},"3":{"start":{"line":4,"column":27},"end":{"line":4,"column":71}},"4":{"start":{"line":7,"column":0},"end":{"line":7,"column":51}},"5":{"start":{"line":8,"column":0},"end":{"line":8,"column":64}},"6":{"start":{"line":9,"column":0},"end":{"line":9,"column":54}},"7":{"start":{"line":10,"column":0},"end":{"line":10,"column":73}},"8":{"start":{"line":11,"column":0},"end":{"line":11,"column":75}},"9":{"start":{"line":12,"column":0},"end":{"line":12,"column":76}},"10":{"start":{"line":13,"column":0},"end":{"line":13,"column":56}},"11":{"start":{"line":14,"column":0},"end":{"line":14,"column":85}},"12":{"start":{"line":17,"column":0},"end":{"line":17,"column":24}}},"fnMap":{},"branchMap":{},"s":{"0":6,"1":6,"2":6,"3":6,"4":6,"5":6,"6":6,"7":6,"8":6,"9":6,"10":6,"11":6,"12":6},"f":{},"b":{},"_coverageSchema":"1a1c01bbd47fc00a2c39e90264f33305004495a9","hash":"7095c94ccd8347246e3dc2a83d19e36790d065b2"}
,"/Users/henoclaptop/Desktop/PI/bugbusters/backend/src/routes/users.js": {"path":"/Users/henoclaptop/Desktop/PI/bugbusters/backend/src/routes/users.js","statementMap":{"0":{"start":{"line":1,"column":16},"end":{"line":1,"column":34}},"1":{"start":{"line":2,"column":15},"end":{"line":2,"column":31}},"2":{"start":{"line":3,"column":20},"end":{"line":3,"column":56}},"3":{"start":{"line":4,"column":15},"end":{"line":4,"column":32}},"4":{"start":{"line":5,"column":13},"end":{"line":5,"column":28}},"5":{"start":{"line":6,"column":11},"end":{"line":6,"column":24}},"6":{"start":{"line":7,"column":24},"end":{"line":7,"column":65}},"7":{"start":{"line":9,"column":16},"end":{"line":22,"column":2}},"8":{"start":{"line":11,"column":22},"end":{"line":11,"column":62}},"9":{"start":{"line":12,"column":4},"end":{"line":14,"column":5}},"10":{"start":{"line":13,"column":6},"end":{"line":13,"column":51}},"11":{"start":{"line":15,"column":4},"end":{"line":15,"column":24}},"12":{"start":{"line":18,"column":25},"end":{"line":18,"column":75}},"13":{"start":{"line":19,"column":16},"end":{"line":19,"column":47}},"14":{"start":{"line":20,"column":4},"end":{"line":20,"column":56}},"15":{"start":{"line":23,"column":15},"end":{"line":23,"column":34}},"16":{"start":{"line":26,"column":0},"end":{"line":26,"column":45}},"17":{"start":{"line":27,"column":0},"end":{"line":27,"column":48}},"18":{"start":{"line":28,"column":0},"end":{"line":28,"column":62}},"19":{"start":{"line":29,"column":0},"end":{"line":29,"column":76}},"20":{"start":{"line":30,"column":0},"end":{"line":30,"column":45}},"21":{"start":{"line":31,"column":0},"end":{"line":31,"column":71}},"22":{"start":{"line":32,"column":0},"end":{"line":32,"column":47}},"23":{"start":{"line":33,"column":0},"end":{"line":33,"column":82}},"24":{"start":{"line":34,"column":0},"end":{"line":34,"column":50}},"25":{"start":{"line":35,"column":0},"end":{"line":35,"column":45}},"26":{"start":{"line":36,"column":0},"end":{"line":36,"column":55}},"27":{"start":{"line":39,"column":0},"end":{"line":39,"column":24}}},"fnMap":{"0":{"name":"(anonymous_0)","decl":{"start":{"line":10,"column":15},"end":{"line":10,"column":16}},"loc":{"start":{"line":10,"column":34},"end":{"line":16,"column":3}},"line":10},"1":{"name":"(anonymous_1)","decl":{"start":{"line":17,"column":12},"end":{"line":17,"column":13}},"loc":{"start":{"line":17,"column":31},"end":{"line":21,"column":3}},"line":17}},"branchMap":{"0":{"loc":{"start":{"line":12,"column":4},"end":{"line":14,"column":5}},"type":"if","locations":[{"start":{"line":12,"column":4},"end":{"line":14,"column":5}},{"start":{},"end":{}}],"line":12}},"s":{"0":6,"1":6,"2":6,"3":6,"4":6,"5":6,"6":6,"7":6,"8":0,"9":0,"10":0,"11":0,"12":0,"13":0,"14":0,"15":6,"16":6,"17":6,"18":6,"19":6,"20":6,"21":6,"22":6,"23":6,"24":6,"25":6,"26":6,"27":6},"f":{"0":0,"1":0},"b":{"0":[0,0]},"_coverageSchema":"1a1c01bbd47fc00a2c39e90264f33305004495a9","hash":"16dae86cff783ae5e333a7bc77104f76f4a6be6a"}
,"/Users/henoclaptop/Desktop/PI/bugbusters/backend/src/routes/zones.js": {"path":"/Users/henoclaptop/Desktop/PI/bugbusters/backend/src/routes/zones.js","statementMap":{"0":{"start":{"line":1,"column":16},"end":{"line":1,"column":34}},"1":{"start":{"line":2,"column":15},"end":{"line":2,"column":31}},"2":{"start":{"line":3,"column":15},"end":{"line":3,"column":32}},"3":{"start":{"line":4,"column":13},"end":{"line":4,"column":28}},"4":{"start":{"line":5,"column":11},"end":{"line":5,"column":24}},"5":{"start":{"line":6,"column":24},"end":{"line":6,"column":65}},"6":{"start":{"line":8,"column":16},"end":{"line":21,"column":2}},"7":{"start":{"line":10,"column":22},"end":{"line":10,"column":62}},"8":{"start":{"line":11,"column":4},"end":{"line":13,"column":5}},"9":{"start":{"line":12,"column":6},"end":{"line":12,"column":51}},"10":{"start":{"line":14,"column":4},"end":{"line":14,"column":24}},"11":{"start":{"line":17,"column":25},"end":{"line":17,"column":75}},"12":{"start":{"line":18,"column":16},"end":{"line":18,"column":47}},"13":{"start":{"line":19,"column":4},"end":{"line":19,"column":56}},"14":{"start":{"line":22,"column":15},"end":{"line":22,"column":34}},"15":{"start":{"line":24,"column":0},"end":{"line":24,"column":45}},"16":{"start":{"line":25,"column":0},"end":{"line":25,"column":48}},"17":{"start":{"line":26,"column":0},"end":{"line":26,"column":45}},"18":{"start":{"line":27,"column":0},"end":{"line":27,"column":64}},"19":{"start":{"line":28,"column":0},"end":{"line":28,"column":47}},"20":{"start":{"line":29,"column":0},"end":{"line":29,"column":50}},"21":{"start":{"line":31,"column":0},"end":{"line":31,"column":101}},"22":{"start":{"line":32,"column":0},"end":{"line":32,"column":105}},"23":{"start":{"line":33,"column":0},"end":{"line":33,"column":64}},"24":{"start":{"line":34,"column":0},"end":{"line":34,"column":76}},"25":{"start":{"line":37,"column":0},"end":{"line":37,"column":83}},"26":{"start":{"line":38,"column":0},"end":{"line":38,"column":24}}},"fnMap":{"0":{"name":"(anonymous_0)","decl":{"start":{"line":9,"column":15},"end":{"line":9,"column":16}},"loc":{"start":{"line":9,"column":34},"end":{"line":15,"column":3}},"line":9},"1":{"name":"(anonymous_1)","decl":{"start":{"line":16,"column":12},"end":{"line":16,"column":13}},"loc":{"start":{"line":16,"column":31},"end":{"line":20,"column":3}},"line":16}},"branchMap":{"0":{"loc":{"start":{"line":11,"column":4},"end":{"line":13,"column":5}},"type":"if","locations":[{"start":{"line":11,"column":4},"end":{"line":13,"column":5}},{"start":{},"end":{}}],"line":11}},"s":{"0":6,"1":6,"2":6,"3":6,"4":6,"5":6,"6":6,"7":0,"8":0,"9":0,"10":0,"11":0,"12":0,"13":0,"14":6,"15":6,"16":6,"17":6,"18":6,"19":6,"20":6,"21":6,"22":6,"23":6,"24":6,"25":6,"26":6},"f":{"0":0,"1":0},"b":{"0":[0,0]},"_coverageSchema":"1a1c01bbd47fc00a2c39e90264f33305004495a9","hash":"8f0a5c11509d81d61d9a9f72b9adb757f33e3354"}
,"/Users/henoclaptop/Desktop/PI/bugbusters/backend/src/utils/encryption.js": {"path":"/Users/henoclaptop/Desktop/PI/bugbusters/backend/src/utils/encryption.js","statementMap":{"0":{"start":{"line":1,"column":15},"end":{"line":1,"column":32}},"1":{"start":{"line":3,"column":23},"end":{"line":3,"column":49}},"2":{"start":{"line":4,"column":18},"end":{"line":4,"column":20}},"3":{"start":{"line":7,"column":13},"end":{"line":7,"column":42}},"4":{"start":{"line":8,"column":17},"end":{"line":8,"column":86}},"5":{"start":{"line":9,"column":18},"end":{"line":9,"column":52}},"6":{"start":{"line":10,"column":2},"end":{"line":10,"column":35}},"7":{"start":{"line":11,"column":2},"end":{"line":11,"column":46}},"8":{"start":{"line":15,"column":2},"end":{"line":25,"column":3}},"9":{"start":{"line":16,"column":29},"end":{"line":16,"column":53}},"10":{"start":{"line":17,"column":15},"end":{"line":17,"column":40}},"11":{"start":{"line":18,"column":21},"end":{"line":18,"column":92}},"12":{"start":{"line":19,"column":20},"end":{"line":19,"column":59}},"13":{"start":{"line":20,"column":4},"end":{"line":20,"column":40}},"14":{"start":{"line":21,"column":4},"end":{"line":21,"column":21}},"15":{"start":{"line":23,"column":4},"end":{"line":23,"column":59}},"16":{"start":{"line":24,"column":4},"end":{"line":24,"column":16}},"17":{"start":{"line":29,"column":0},"end":{"line":29,"column":38}}},"fnMap":{"0":{"name":"encrypt","decl":{"start":{"line":6,"column":9},"end":{"line":6,"column":16}},"loc":{"start":{"line":6,"column":23},"end":{"line":12,"column":1}},"line":6},"1":{"name":"decrypt","decl":{"start":{"line":14,"column":9},"end":{"line":14,"column":16}},"loc":{"start":{"line":14,"column":32},"end":{"line":26,"column":1}},"line":14}},"branchMap":{},"s":{"0":2,"1":2,"2":2,"3":0,"4":0,"5":0,"6":0,"7":0,"8":0,"9":0,"10":0,"11":0,"12":0,"13":0,"14":0,"15":0,"16":0,"17":2},"f":{"0":0,"1":0},"b":{},"_coverageSchema":"1a1c01bbd47fc00a2c39e90264f33305004495a9","hash":"354f4c8a53c7f594533ccb4fdea9d43f2f043b32"}
,"/Users/henoclaptop/Desktop/PI/bugbusters/backend/src/utils/upload.js": {"path":"/Users/henoclaptop/Desktop/PI/bugbusters/backend/src/utils/upload.js","statementMap":{"0":{"start":{"line":1,"column":15},"end":{"line":1,"column":32}},"1":{"start":{"line":2,"column":13},"end":{"line":2,"column":28}},"2":{"start":{"line":3,"column":11},"end":{"line":3,"column":24}},"3":{"start":{"line":5,"column":16},"end":{"line":18,"column":2}},"4":{"start":{"line":7,"column":22},"end":{"line":7,"column":65}},"5":{"start":{"line":8,"column":4},"end":{"line":10,"column":5}},"6":{"start":{"line":9,"column":6},"end":{"line":9,"column":51}},"7":{"start":{"line":11,"column":4},"end":{"line":11,"column":24}},"8":{"start":{"line":14,"column":25},"end":{"line":14,"column":75}},"9":{"start":{"line":15,"column":16},"end":{"line":15,"column":47}},"10":{"start":{"line":16,"column":4},"end":{"line":16,"column":56}},"11":{"start":{"line":19,"column":15},"end":{"line":19,"column":34}},"12":{"start":{"line":21,"column":0},"end":{"line":21,"column":24}}},"fnMap":{"0":{"name":"(anonymous_0)","decl":{"start":{"line":6,"column":15},"end":{"line":6,"column":16}},"loc":{"start":{"line":6,"column":34},"end":{"line":12,"column":3}},"line":6},"1":{"name":"(anonymous_1)","decl":{"start":{"line":13,"column":12},"end":{"line":13,"column":13}},"loc":{"start":{"line":13,"column":31},"end":{"line":17,"column":3}},"line":13}},"branchMap":{"0":{"loc":{"start":{"line":8,"column":4},"end":{"line":10,"column":5}},"type":"if","locations":[{"start":{"line":8,"column":4},"end":{"line":10,"column":5}},{"start":{},"end":{}}],"line":8}},"s":{"0":7,"1":7,"2":7,"3":7,"4":0,"5":0,"6":0,"7":0,"8":0,"9":0,"10":0,"11":7,"12":7},"f":{"0":0,"1":0},"b":{"0":[0,0]},"_coverageSchema":"1a1c01bbd47fc00a2c39e90264f33305004495a9","hash":"775a281e9b006e143777fa041fc342c989bd327c"}
}
