TN:
SF:src/app.js
FN:37,(anonymous_0)
FNF:1
FNH:0
FNDA:0,(anonymous_0)
DA:1,6
DA:2,6
DA:4,6
DA:5,6
DA:6,6
DA:7,6
DA:8,6
DA:9,6
DA:10,6
DA:11,6
DA:12,6
DA:13,6
DA:14,6
DA:15,6
DA:16,6
DA:19,6
DA:20,6
DA:21,6
DA:22,6
DA:23,6
DA:24,6
DA:25,6
DA:26,6
DA:27,6
DA:28,6
DA:29,6
DA:30,6
DA:31,6
DA:32,6
DA:33,6
DA:35,6
DA:37,6
DA:38,0
DA:41,6
DA:43,6
DA:45,6
LF:36
LH:35
BRF:0
BRH:0
end_of_record
TN:
SF:src/config/db.js
FN:16,isWindows
FN:19,isLinux
FN:22,isMacOS
FN:87,getConnection
FNF:4
FNH:3
FNDA:1,isWindows
FNDA:0,isLinux
FNDA:1,isMacOS
FNDA:1,getConnection
DA:8,1
DA:9,1
DA:10,1
DA:11,1
DA:17,1
DA:20,0
DA:23,1
DA:27,1
DA:30,1
DA:32,0
DA:34,0
DA:37,0
DA:40,0
DA:41,0
DA:43,1
DA:45,1
DA:47,1
DA:50,1
DA:53,1
DA:54,1
DA:55,1
DA:59,0
DA:60,0
DA:64,1
DA:65,0
DA:66,0
DA:70,1
DA:71,1
DA:77,1
DA:88,1
DA:92,1
LF:31
LH:21
BRDA:30,0,0,0
BRDA:30,0,1,1
BRDA:30,1,0,1
BRDA:30,1,1,0
BRDA:43,2,0,1
BRDA:43,2,1,0
BRDA:43,3,0,1
BRDA:43,3,1,1
BRDA:64,4,0,0
BRDA:64,4,1,1
BRF:10
BRH:6
end_of_record
TN:
SF:src/controllers/bookingsController.js
FN:15,(anonymous_0)
FN:89,(anonymous_1)
FN:90,(anonymous_2)
FN:91,(anonymous_3)
FN:92,(anonymous_4)
FN:108,(anonymous_5)
FN:139,(anonymous_6)
FN:187,(anonymous_7)
FN:188,(anonymous_8)
FN:189,(anonymous_9)
FN:190,(anonymous_10)
FN:206,(anonymous_11)
FN:283,(anonymous_12)
FN:311,(anonymous_13)
FN:324,(anonymous_14)
FN:342,(anonymous_15)
FN:355,(anonymous_16)
FN:372,(anonymous_17)
FN:384,(anonymous_18)
FN:399,(anonymous_19)
FN:468,(anonymous_20)
FN:590,(anonymous_21)
FN:603,(anonymous_22)
FN:669,(anonymous_23)
FN:683,(anonymous_24)
FN:751,(anonymous_25)
FN:827,(anonymous_26)
FN:835,(anonymous_27)
FN:838,(anonymous_28)
FN:861,(anonymous_29)
FN:872,(anonymous_30)
FN:873,(anonymous_31)
FN:880,(anonymous_32)
FN:895,(anonymous_33)
FN:910,(anonymous_34)
FN:914,getHourDelta
FN:959,(anonymous_36)
FN:979,(anonymous_37)
FNF:38
FNH:1
FNDA:1,(anonymous_0)
FNDA:0,(anonymous_1)
FNDA:0,(anonymous_2)
FNDA:0,(anonymous_3)
FNDA:0,(anonymous_4)
FNDA:0,(anonymous_5)
FNDA:0,(anonymous_6)
FNDA:0,(anonymous_7)
FNDA:0,(anonymous_8)
FNDA:0,(anonymous_9)
FNDA:0,(anonymous_10)
FNDA:0,(anonymous_11)
FNDA:0,(anonymous_12)
FNDA:0,(anonymous_13)
FNDA:0,(anonymous_14)
FNDA:0,(anonymous_15)
FNDA:0,(anonymous_16)
FNDA:0,(anonymous_17)
FNDA:0,(anonymous_18)
FNDA:0,(anonymous_19)
FNDA:0,(anonymous_20)
FNDA:0,(anonymous_21)
FNDA:0,(anonymous_22)
FNDA:0,(anonymous_23)
FNDA:0,(anonymous_24)
FNDA:0,(anonymous_25)
FNDA:0,(anonymous_26)
FNDA:0,(anonymous_27)
FNDA:0,(anonymous_28)
FNDA:0,(anonymous_29)
FNDA:0,(anonymous_30)
FNDA:0,(anonymous_31)
FNDA:0,(anonymous_32)
FNDA:0,(anonymous_33)
FNDA:0,(anonymous_34)
FNDA:0,getHourDelta
FNDA:0,(anonymous_36)
FNDA:0,(anonymous_37)
DA:9,6
DA:10,6
DA:15,6
DA:17,1
DA:18,1
DA:20,0
DA:43,0
DA:45,0
DA:46,0
DA:76,0
DA:89,0
DA:90,0
DA:91,0
DA:92,0
DA:96,0
DA:98,1
DA:99,1
DA:101,1
DA:108,6
DA:110,0
DA:111,0
DA:112,0
DA:114,0
DA:138,0
DA:139,0
DA:141,0
DA:143,0
DA:144,0
DA:174,0
DA:187,0
DA:188,0
DA:189,0
DA:190,0
DA:194,0
DA:196,0
DA:197,0
DA:199,0
DA:206,6
DA:208,0
DA:209,0
DA:210,0
DA:212,0
DA:229,0
DA:230,0
DA:233,0
DA:235,0
DA:248,0
DA:249,0
DA:252,0
DA:254,0
DA:271,0
DA:273,0
DA:274,0
DA:276,0
DA:283,6
DA:285,0
DA:286,0
DA:287,0
DA:289,0
DA:295,0
DA:296,0
DA:299,0
DA:301,0
DA:302,0
DA:304,0
DA:311,6
DA:313,0
DA:314,0
DA:315,0
DA:317,0
DA:324,0
DA:325,0
DA:330,0
DA:332,0
DA:333,0
DA:335,0
DA:342,6
DA:344,0
DA:345,0
DA:346,0
DA:348,0
DA:355,0
DA:360,0
DA:362,0
DA:363,0
DA:365,0
DA:372,6
DA:374,0
DA:375,0
DA:376,0
DA:378,0
DA:384,0
DA:385,0
DA:390,0
DA:392,0
DA:393,0
DA:395,0
DA:399,6
DA:401,0
DA:402,0
DA:405,0
DA:411,0
DA:413,0
DA:414,0
DA:417,0
DA:426,0
DA:435,0
DA:437,0
DA:438,0
DA:439,0
DA:440,0
DA:442,0
DA:444,0
DA:445,0
DA:449,0
DA:450,0
DA:458,0
DA:460,0
DA:462,0
DA:464,0
DA:468,6
DA:470,0
DA:471,0
DA:473,0
DA:478,0
DA:480,0
DA:506,0
DA:509,0
DA:511,0
DA:519,0
DA:520,0
DA:521,0
DA:530,0
DA:531,0
DA:532,0
DA:533,0
DA:552,0
DA:553,0
DA:554,0
DA:564,0
DA:566,0
DA:577,0
DA:579,0
DA:582,0
DA:583,0
DA:584,0
DA:586,0
DA:590,6
DA:592,0
DA:593,0
DA:594,0
DA:596,0
DA:601,0
DA:603,0
DA:604,0
DA:605,0
DA:607,0
DA:634,0
DA:636,0
DA:640,0
DA:641,0
DA:648,0
DA:649,0
DA:650,0
DA:654,0
DA:655,0
DA:665,0
DA:669,0
DA:672,0
DA:673,0
DA:674,0
DA:675,0
DA:676,0
DA:677,0
DA:679,0
DA:682,0
DA:683,0
DA:686,0
DA:687,0
DA:688,0
DA:698,0
DA:699,0
DA:704,0
DA:705,0
DA:712,0
DA:722,0
DA:723,0
DA:724,0
DA:725,0
DA:729,0
DA:730,0
DA:739,0
DA:740,0
DA:743,0
DA:744,0
DA:745,0
DA:747,0
DA:751,6
DA:753,0
DA:754,0
DA:755,0
DA:757,0
DA:763,0
DA:764,0
DA:767,0
DA:768,0
DA:770,0
DA:771,0
DA:773,0
DA:774,0
DA:776,0
DA:778,0
DA:779,0
DA:784,0
DA:791,0
DA:798,0
DA:799,0
DA:806,0
DA:807,0
DA:810,0
DA:811,0
DA:813,0
DA:827,6
DA:829,0
DA:831,0
DA:832,0
DA:835,0
DA:836,0
DA:837,0
DA:838,0
DA:839,0
DA:840,0
DA:842,0
DA:846,0
DA:847,0
DA:849,0
DA:851,0
DA:856,0
DA:857,0
DA:860,0
DA:861,0
DA:862,0
DA:863,0
DA:864,0
DA:865,0
DA:866,0
DA:872,0
DA:873,0
DA:874,0
DA:880,0
DA:884,0
DA:885,0
DA:886,0
DA:887,0
DA:888,0
DA:889,0
DA:894,0
DA:895,0
DA:899,0
DA:900,0
DA:901,0
DA:902,0
DA:903,0
DA:904,0
DA:909,0
DA:910,0
DA:916,0
DA:917,0
DA:918,0
DA:919,0
DA:920,0
DA:922,0
DA:924,0
DA:925,0
DA:926,0
DA:928,0
DA:939,0
DA:942,0
DA:943,0
DA:945,0
DA:952,0
DA:953,0
DA:955,0
DA:959,6
DA:961,0
DA:962,0
DA:963,0
DA:964,0
DA:971,0
DA:973,0
DA:975,0
DA:979,6
DA:981,0
DA:982,0
DA:983,0
DA:984,0
DA:989,0
DA:990,0
DA:993,0
DA:994,0
DA:1003,0
DA:1005,0
LF:302
LH:21
BRDA:101,0,0,0
BRDA:101,0,1,1
BRDA:199,1,0,0
BRDA:199,1,1,0
BRDA:229,2,0,0
BRDA:229,2,1,0
BRDA:248,3,0,0
BRDA:248,3,1,0
BRDA:259,4,0,0
BRDA:259,4,1,0
BRDA:261,5,0,0
BRDA:261,5,1,0
BRDA:263,6,0,0
BRDA:263,6,1,0
BRDA:271,7,0,0
BRDA:271,7,1,0
BRDA:276,8,0,0
BRDA:276,8,1,0
BRDA:295,9,0,0
BRDA:295,9,1,0
BRDA:299,10,0,0
BRDA:299,10,1,0
BRDA:304,11,0,0
BRDA:304,11,1,0
BRDA:330,12,0,0
BRDA:330,12,1,0
BRDA:335,13,0,0
BRDA:335,13,1,0
BRDA:360,14,0,0
BRDA:360,14,1,0
BRDA:365,15,0,0
BRDA:365,15,1,0
BRDA:390,16,0,0
BRDA:390,16,1,0
BRDA:395,17,0,0
BRDA:395,17,1,0
BRDA:437,18,0,0
BRDA:437,18,1,0
BRDA:438,19,0,0
BRDA:438,19,1,0
BRDA:440,20,0,0
BRDA:440,20,1,0
BRDA:444,21,0,0
BRDA:444,21,1,0
BRDA:444,22,0,0
BRDA:444,22,1,0
BRDA:449,23,0,0
BRDA:449,23,1,0
BRDA:449,24,0,0
BRDA:449,24,1,0
BRDA:464,25,0,0
BRDA:464,25,1,0
BRDA:519,26,0,0
BRDA:519,26,1,0
BRDA:530,27,0,0
BRDA:530,27,1,0
BRDA:552,28,0,0
BRDA:552,28,1,0
BRDA:564,29,0,0
BRDA:564,29,1,0
BRDA:583,30,0,0
BRDA:583,30,1,0
BRDA:586,31,0,0
BRDA:586,31,1,0
BRDA:603,32,0,0
BRDA:603,32,1,0
BRDA:640,33,0,0
BRDA:640,33,1,0
BRDA:648,34,0,0
BRDA:648,34,1,0
BRDA:654,35,0,0
BRDA:654,35,1,0
BRDA:672,36,0,0
BRDA:672,36,1,0
BRDA:676,37,0,0
BRDA:676,37,1,0
BRDA:677,38,0,0
BRDA:677,38,1,0
BRDA:679,39,0,0
BRDA:679,39,1,0
BRDA:687,40,0,0
BRDA:687,40,1,0
BRDA:704,41,0,0
BRDA:704,41,1,0
BRDA:722,42,0,0
BRDA:722,42,1,0
BRDA:729,43,0,0
BRDA:729,43,1,0
BRDA:744,44,0,0
BRDA:744,44,1,0
BRDA:747,45,0,0
BRDA:747,45,1,0
BRDA:763,46,0,0
BRDA:763,46,1,0
BRDA:778,47,0,0
BRDA:778,47,1,0
BRDA:813,48,0,0
BRDA:813,48,1,0
BRDA:831,49,0,0
BRDA:831,50,0,0
BRDA:831,51,0,0
BRDA:831,52,0,0
BRDA:836,53,0,0
BRDA:836,53,1,0
BRDA:836,54,0,0
BRDA:836,54,1,0
BRDA:857,55,0,0
BRDA:857,55,1,0
BRDA:860,56,0,0
BRDA:860,56,1,0
BRDA:865,57,0,0
BRDA:865,57,1,0
BRDA:877,58,0,0
BRDA:877,58,1,0
BRDA:877,59,0,0
BRDA:877,59,1,0
BRDA:880,60,0,0
BRDA:880,60,1,0
BRDA:884,61,0,0
BRDA:884,61,1,0
BRDA:887,62,0,0
BRDA:887,62,1,0
BRDA:895,63,0,0
BRDA:895,63,1,0
BRDA:899,64,0,0
BRDA:899,64,1,0
BRDA:902,65,0,0
BRDA:902,65,1,0
BRDA:910,66,0,0
BRDA:910,66,1,0
BRDA:919,67,0,0
BRDA:919,67,1,0
BRDA:924,68,0,0
BRDA:924,68,1,0
BRDA:955,69,0,0
BRDA:955,69,1,0
BRDA:975,70,0,0
BRDA:975,70,1,0
BRDA:989,71,0,0
BRDA:989,71,1,0
BRDA:1005,72,0,0
BRDA:1005,72,1,0
BRF:142
BRH:1
end_of_record
TN:
SF:src/controllers/calendarController.js
FN:6,(anonymous_0)
FN:25,(anonymous_1)
FN:56,(anonymous_2)
FNF:3
FNH:0
FNDA:0,(anonymous_0)
FNDA:0,(anonymous_1)
FNDA:0,(anonymous_2)
DA:2,6
DA:6,6
DA:8,0
DA:9,0
DA:11,0
DA:25,0
DA:26,0
DA:27,0
DA:28,0
DA:31,0
DA:40,0
DA:49,0
DA:56,0
DA:61,0
DA:62,0
DA:64,0
DA:65,0
DA:67,0
LF:18
LH:2
BRDA:56,0,0,0
BRDA:56,0,1,0
BRDA:67,1,0,0
BRDA:67,1,1,0
BRF:4
BRH:0
end_of_record
TN:
SF:src/controllers/chatbotController.js
FN:7,(anonymous_0)
FN:12,(anonymous_1)
FN:20,(anonymous_2)
FN:25,(anonymous_3)
FN:33,(anonymous_4)
FN:38,(anonymous_5)
FN:46,(anonymous_6)
FN:55,analizarMensaje
FN:106,limpiarTexto
FN:118,buscarPorNombre
FN:136,levenshtein
FN:137,(anonymous_11)
FN:154,(anonymous_12)
FN:163,buscarEntidadConSugerencia
FN:338,(anonymous_14)
FN:380,(anonymous_15)
FN:381,(anonymous_16)
FNF:17
FNH:0
FNDA:0,(anonymous_0)
FNDA:0,(anonymous_1)
FNDA:0,(anonymous_2)
FNDA:0,(anonymous_3)
FNDA:0,(anonymous_4)
FNDA:0,(anonymous_5)
FNDA:0,(anonymous_6)
FNDA:0,analizarMensaje
FNDA:0,limpiarTexto
FNDA:0,buscarPorNombre
FNDA:0,levenshtein
FNDA:0,(anonymous_11)
FNDA:0,(anonymous_12)
FNDA:0,buscarEntidadConSugerencia
FNDA:0,(anonymous_14)
FNDA:0,(anonymous_15)
FNDA:0,(anonymous_16)
DA:1,6
DA:4,6
DA:8,0
DA:11,0
DA:13,0
DA:15,0
DA:21,0
DA:24,0
DA:26,0
DA:28,0
DA:34,0
DA:37,0
DA:39,0
DA:41,0
DA:47,0
DA:56,0
DA:59,0
DA:60,0
DA:61,0
DA:65,0
DA:66,0
DA:67,0
DA:71,0
DA:75,0
DA:76,0
DA:84,0
DA:85,0
DA:86,0
DA:87,0
DA:89,0
DA:97,0
DA:98,0
DA:99,0
DA:103,0
DA:107,0
DA:119,0
DA:120,0
DA:121,0
DA:123,0
DA:124,0
DA:125,0
DA:126,0
DA:127,0
DA:130,0
DA:137,0
DA:138,0
DA:139,0
DA:141,0
DA:142,0
DA:143,0
DA:148,0
DA:154,6
DA:155,0
DA:156,0
DA:159,0
DA:160,0
DA:164,0
DA:165,0
DA:166,0
DA:171,0
DA:175,0
DA:176,0
DA:177,0
DA:178,0
DA:180,0
DA:181,0
DA:189,0
DA:190,0
DA:193,0
DA:194,0
DA:200,0
DA:201,0
DA:206,0
DA:207,0
DA:210,0
DA:211,0
DA:217,0
DA:218,0
DA:219,0
DA:226,0
DA:227,0
DA:228,0
DA:239,0
DA:247,0
DA:248,0
DA:253,0
DA:260,0
DA:261,0
DA:262,0
DA:265,0
DA:270,0
DA:271,0
DA:277,0
DA:279,0
DA:280,0
DA:282,0
DA:283,0
DA:284,0
DA:289,0
DA:290,0
DA:291,0
DA:292,0
DA:294,0
DA:299,0
DA:301,0
DA:309,0
DA:315,0
DA:316,0
DA:320,0
DA:327,0
DA:329,0
DA:330,0
DA:336,0
DA:337,0
DA:338,0
DA:340,0
DA:341,0
DA:349,0
DA:350,0
DA:351,0
DA:352,0
DA:353,0
DA:356,0
DA:357,0
DA:358,0
DA:367,0
DA:372,0
DA:373,0
DA:376,0
DA:377,0
DA:379,0
DA:380,0
DA:381,0
DA:383,0
DA:388,0
DA:389,0
DA:390,0
DA:391,0
DA:395,0
DA:397,0
DA:401,0
DA:402,0
DA:403,0
DA:411,0
DA:413,0
DA:414,0
DA:416,0
DA:419,0
DA:420,0
DA:426,0
DA:429,0
DA:430,0
DA:434,0
DA:435,0
DA:436,0
DA:441,0
DA:443,0
DA:444,0
DA:445,0
DA:450,0
DA:453,0
DA:454,0
DA:462,0
DA:463,0
DA:464,0
DA:470,0
DA:471,0
DA:472,0
DA:473,0
DA:479,0
DA:487,0
DA:488,0
DA:493,0
DA:500,0
DA:501,0
DA:502,0
DA:503,0
DA:507,0
DA:510,0
DA:511,0
DA:513,0
DA:514,0
DA:515,0
DA:517,0
LF:184
LH:3
BRDA:60,0,0,0
BRDA:60,0,1,0
BRDA:66,1,0,0
BRDA:66,1,1,0
BRDA:75,2,0,0
BRDA:75,2,1,0
BRDA:85,3,0,0
BRDA:85,3,1,0
BRDA:91,4,0,0
BRDA:91,4,1,0
BRDA:92,5,0,0
BRDA:92,5,1,0
BRDA:98,6,0,0
BRDA:98,6,1,0
BRDA:125,7,0,0
BRDA:125,7,1,0
BRDA:143,8,0,0
BRDA:143,8,1,0
BRDA:165,9,0,0
BRDA:165,9,1,0
BRDA:175,10,0,0
BRDA:175,10,1,0
BRDA:175,11,0,0
BRDA:175,11,1,0
BRDA:176,12,0,0
BRDA:176,12,1,0
BRDA:180,13,0,0
BRDA:180,13,1,0
BRDA:189,14,0,0
BRDA:189,14,1,0
BRDA:200,15,0,0
BRDA:200,15,1,0
BRDA:206,16,0,0
BRDA:206,16,1,0
BRDA:217,17,0,0
BRDA:217,17,1,0
BRDA:218,18,0,0
BRDA:218,18,1,0
BRDA:227,19,0,0
BRDA:227,19,1,0
BRDA:247,20,0,0
BRDA:247,20,1,0
BRDA:260,21,0,0
BRDA:260,21,1,0
BRDA:262,22,0,0
BRDA:262,22,1,0
BRDA:270,23,0,0
BRDA:270,23,1,0
BRDA:282,24,0,0
BRDA:282,24,1,0
BRDA:289,25,0,0
BRDA:289,25,1,0
BRDA:315,26,0,0
BRDA:315,26,1,0
BRDA:329,27,0,0
BRDA:329,27,1,0
BRDA:336,28,0,0
BRDA:336,28,1,0
BRDA:337,29,0,0
BRDA:337,29,1,0
BRDA:338,30,0,0
BRDA:338,30,1,0
BRDA:340,31,0,0
BRDA:340,31,1,0
BRDA:352,32,0,0
BRDA:352,32,1,0
BRDA:357,33,0,0
BRDA:357,33,1,0
BRDA:372,34,0,0
BRDA:372,34,1,0
BRDA:379,35,0,0
BRDA:379,35,1,0
BRDA:401,36,0,0
BRDA:401,36,1,0
BRDA:411,37,0,0
BRDA:411,37,1,0
BRDA:416,38,0,0
BRDA:416,38,1,0
BRDA:416,39,0,0
BRDA:416,39,1,0
BRDA:417,40,0,0
BRDA:417,40,1,0
BRDA:419,41,0,0
BRDA:419,41,1,0
BRDA:434,42,0,0
BRDA:434,42,1,0
BRDA:441,43,0,0
BRDA:441,43,1,0
BRDA:444,44,0,0
BRDA:444,44,1,0
BRDA:462,45,0,0
BRDA:462,45,1,0
BRDA:463,46,0,0
BRDA:463,46,1,0
BRDA:472,47,0,0
BRDA:472,47,1,0
BRDA:487,48,0,0
BRDA:487,48,1,0
BRDA:501,49,0,0
BRDA:501,49,1,0
BRDA:513,50,0,0
BRDA:513,50,1,0
BRF:102
BRH:0
end_of_record
TN:
SF:src/controllers/dashboardController.js
FN:18,(anonymous_0)
FN:49,(anonymous_1)
FN:69,(anonymous_2)
FN:99,(anonymous_3)
FN:133,(anonymous_4)
FN:170,(anonymous_5)
FN:189,(anonymous_6)
FNF:7
FNH:5
FNDA:1,(anonymous_0)
FNDA:1,(anonymous_1)
FNDA:2,(anonymous_2)
FNDA:0,(anonymous_3)
FNDA:0,(anonymous_4)
FNDA:1,(anonymous_5)
FNDA:2,(anonymous_6)
DA:8,7
DA:18,7
DA:20,1
DA:21,1
DA:23,1
DA:34,1
DA:41,0
DA:42,0
DA:44,1
DA:49,7
DA:51,1
DA:52,1
DA:54,1
DA:63,1
DA:65,1
DA:67,1
DA:69,1
DA:71,2
DA:84,1
DA:87,0
DA:88,0
DA:90,1
DA:99,7
DA:101,0
DA:102,0
DA:104,0
DA:114,0
DA:115,0
DA:116,0
DA:118,0
DA:121,0
DA:122,0
DA:124,0
DA:133,7
DA:135,0
DA:136,0
DA:138,0
DA:148,0
DA:149,0
DA:150,0
DA:152,0
DA:155,0
DA:156,0
DA:158,0
DA:170,7
DA:172,1
DA:173,1
DA:175,1
DA:184,1
DA:185,1
DA:187,1
DA:189,2
DA:194,1
DA:197,0
DA:198,0
DA:200,1
LF:56
LH:30
BRDA:44,0,0,1
BRDA:44,0,1,0
BRDA:90,1,0,1
BRDA:90,1,1,0
BRDA:124,2,0,0
BRDA:124,2,1,0
BRDA:158,3,0,0
BRDA:158,3,1,0
BRDA:200,4,0,1
BRDA:200,4,1,0
BRF:10
BRH:3
end_of_record
TN:
SF:src/controllers/emailController.js
FN:28,(anonymous_0)
FN:107,(anonymous_1)
FN:206,(anonymous_2)
FN:230,(anonymous_3)
FN:260,(anonymous_4)
FN:288,(anonymous_5)
FN:296,(anonymous_6)
FN:301,(anonymous_7)
FN:302,(anonymous_8)
FN:303,(anonymous_9)
FNF:10
FNH:0
FNDA:0,(anonymous_0)
FNDA:0,(anonymous_1)
FNDA:0,(anonymous_2)
FNDA:0,(anonymous_3)
FNDA:0,(anonymous_4)
FNDA:0,(anonymous_5)
FNDA:0,(anonymous_6)
FNDA:0,(anonymous_7)
FNDA:0,(anonymous_8)
FNDA:0,(anonymous_9)
DA:10,6
DA:11,6
DA:12,6
DA:13,6
DA:15,6
DA:28,6
DA:29,0
DA:93,0
DA:94,0
DA:95,0
DA:97,0
DA:107,6
DA:108,0
DA:110,0
DA:111,0
DA:112,0
DA:117,0
DA:119,0
DA:123,0
DA:126,0
DA:128,0
DA:191,0
DA:192,0
DA:194,0
DA:195,0
DA:197,0
DA:206,6
DA:207,0
DA:209,0
DA:211,0
DA:214,0
DA:215,0
DA:217,0
DA:221,0
DA:230,6
DA:231,0
DA:232,0
DA:233,0
DA:236,0
DA:237,0
DA:240,0
DA:247,0
DA:248,0
DA:251,0
DA:253,0
DA:254,0
DA:256,0
DA:260,6
DA:261,0
DA:263,0
DA:264,0
DA:267,0
DA:268,0
DA:281,0
DA:283,0
DA:284,0
DA:288,6
DA:289,0
DA:290,0
DA:291,0
DA:292,0
DA:296,0
DA:301,0
DA:302,0
DA:303,0
DA:309,0
DA:324,0
DA:325,0
DA:326,0
DA:327,0
DA:328,0
DA:334,0
DA:335,0
DA:337,0
DA:338,0
LF:75
LH:11
BRDA:117,0,0,0
BRDA:117,0,1,0
BRDA:197,1,0,0
BRDA:197,1,1,0
BRDA:214,2,0,0
BRDA:214,2,1,0
BRDA:247,3,0,0
BRDA:247,3,1,0
BRDA:256,4,0,0
BRDA:256,4,1,0
BRDA:263,5,0,0
BRDA:263,5,1,0
BRDA:263,6,0,0
BRDA:263,6,1,0
BRDA:263,6,2,0
BRDA:263,6,3,0
BRDA:290,7,0,0
BRDA:290,7,1,0
BRDA:290,8,0,0
BRDA:290,8,1,0
BRDA:300,9,0,0
BRDA:300,9,1,0
BRDA:312,10,0,0
BRDA:312,10,1,0
BRF:24
BRH:0
end_of_record
TN:
SF:src/controllers/equipmentController.js
FN:19,deleteImageFile
FN:23,(anonymous_1)
FN:35,(anonymous_2)
FN:45,(anonymous_3)
FN:65,(anonymous_4)
FN:77,(anonymous_5)
FN:100,(anonymous_6)
FN:107,(anonymous_7)
FN:154,(anonymous_8)
FN:176,(anonymous_9)
FN:205,(anonymous_10)
FN:243,(anonymous_11)
FN:303,(anonymous_12)
FN:329,(anonymous_13)
FNF:14
FNH:0
FNDA:0,deleteImageFile
FNDA:0,(anonymous_1)
FNDA:0,(anonymous_2)
FNDA:0,(anonymous_3)
FNDA:0,(anonymous_4)
FNDA:0,(anonymous_5)
FNDA:0,(anonymous_6)
FNDA:0,(anonymous_7)
FNDA:0,(anonymous_8)
FNDA:0,(anonymous_9)
FNDA:0,(anonymous_10)
FNDA:0,(anonymous_11)
FNDA:0,(anonymous_12)
FNDA:0,(anonymous_13)
DA:9,6
DA:10,6
DA:12,6
DA:13,6
DA:20,0
DA:22,0
DA:23,0
DA:24,0
DA:25,0
DA:27,0
DA:35,6
DA:37,0
DA:38,0
DA:39,0
DA:45,0
DA:56,0
DA:58,0
DA:59,0
DA:61,0
DA:65,6
DA:67,0
DA:68,0
DA:69,0
DA:77,0
DA:87,0
DA:89,0
DA:90,0
DA:92,0
DA:100,6
DA:101,0
DA:103,0
DA:104,0
DA:107,0
DA:108,0
DA:109,0
DA:111,0
DA:114,0
DA:115,0
DA:117,0
DA:154,0
DA:164,0
DA:166,0
DA:167,0
DA:169,0
DA:176,6
DA:178,0
DA:179,0
DA:180,0
DA:182,0
DA:188,0
DA:189,0
DA:190,0
DA:193,0
DA:195,0
DA:196,0
DA:198,0
DA:205,6
DA:207,0
DA:208,0
DA:210,0
DA:212,0
DA:214,0
DA:230,0
DA:232,0
DA:233,0
DA:235,0
DA:243,6
DA:245,0
DA:246,0
DA:247,0
DA:249,0
DA:252,0
DA:253,0
DA:254,0
DA:259,0
DA:262,0
DA:264,0
DA:286,0
DA:287,0
DA:288,0
DA:291,0
DA:293,0
DA:294,0
DA:296,0
DA:303,6
DA:305,0
DA:306,0
DA:308,0
DA:310,0
DA:316,0
DA:318,0
DA:319,0
DA:320,0
DA:322,0
DA:329,6
DA:330,0
DA:331,0
DA:332,0
DA:334,0
DA:335,0
DA:337,0
DA:339,0
DA:340,0
LF:103
LH:12
BRDA:20,0,0,0
BRDA:20,0,1,0
BRDA:24,1,0,0
BRDA:24,1,1,0
BRDA:51,2,0,0
BRDA:51,2,1,0
BRDA:61,3,0,0
BRDA:61,3,1,0
BRDA:83,4,0,0
BRDA:83,4,1,0
BRDA:92,5,0,0
BRDA:92,5,1,0
BRDA:103,6,0,0
BRDA:103,6,1,0
BRDA:103,7,0,0
BRDA:103,7,1,0
BRDA:103,7,2,0
BRDA:107,8,0,0
BRDA:107,8,1,0
BRDA:160,9,0,0
BRDA:160,9,1,0
BRDA:169,10,0,0
BRDA:169,10,1,0
BRDA:189,11,0,0
BRDA:189,11,1,0
BRDA:190,12,0,0
BRDA:190,12,1,0
BRDA:193,13,0,0
BRDA:193,13,1,0
BRDA:198,14,0,0
BRDA:198,14,1,0
BRDA:235,15,0,0
BRDA:235,15,1,0
BRDA:253,16,0,0
BRDA:253,16,1,0
BRDA:286,17,0,0
BRDA:286,17,1,0
BRDA:296,18,0,0
BRDA:296,18,1,0
BRDA:319,19,0,0
BRDA:319,19,1,0
BRDA:322,20,0,0
BRDA:322,20,1,0
BRDA:332,21,0,0
BRDA:332,21,1,0
BRF:45
BRH:0
end_of_record
TN:
SF:src/controllers/menusController.js
FN:17,(anonymous_0)
FN:30,(anonymous_1)
FN:49,(anonymous_2)
FN:51,(anonymous_3)
FN:52,(anonymous_4)
FN:61,(anonymous_5)
FN:65,(anonymous_6)
FN:66,(anonymous_7)
FN:82,(anonymous_8)
FN:97,(anonymous_9)
FN:116,(anonymous_10)
FN:118,(anonymous_11)
FN:119,(anonymous_12)
FN:128,(anonymous_13)
FN:133,(anonymous_14)
FN:134,(anonymous_15)
FN:149,(anonymous_16)
FN:175,(anonymous_17)
FN:189,(anonymous_18)
FN:232,deletePhysicalFile
FN:248,(anonymous_20)
FN:275,(anonymous_21)
FN:300,(anonymous_22)
FN:317,(anonymous_23)
FN:319,(anonymous_24)
FN:327,(anonymous_25)
FN:381,(anonymous_26)
FN:391,(anonymous_27)
FN:393,(anonymous_28)
FN:401,(anonymous_29)
FN:462,(anonymous_30)
FN:485,(anonymous_31)
FN:498,(anonymous_32)
FNF:33
FNH:20
FNDA:1,(anonymous_0)
FNDA:2,(anonymous_1)
FNDA:2,(anonymous_2)
FNDA:6,(anonymous_3)
FNDA:3,(anonymous_4)
FNDA:2,(anonymous_5)
FNDA:2,(anonymous_6)
FNDA:3,(anonymous_7)
FNDA:0,(anonymous_8)
FNDA:0,(anonymous_9)
FNDA:0,(anonymous_10)
FNDA:0,(anonymous_11)
FNDA:0,(anonymous_12)
FNDA:0,(anonymous_13)
FNDA:0,(anonymous_14)
FNDA:0,(anonymous_15)
FNDA:1,(anonymous_16)
FNDA:0,(anonymous_17)
FNDA:0,(anonymous_18)
FNDA:0,deletePhysicalFile
FNDA:1,(anonymous_20)
FNDA:2,(anonymous_21)
FNDA:1,(anonymous_22)
FNDA:1,(anonymous_23)
FNDA:1,(anonymous_24)
FNDA:1,(anonymous_25)
FNDA:1,(anonymous_26)
FNDA:1,(anonymous_27)
FNDA:1,(anonymous_28)
FNDA:1,(anonymous_29)
FNDA:2,(anonymous_30)
FNDA:0,(anonymous_31)
FNDA:0,(anonymous_32)
DA:9,6
DA:10,6
DA:11,6
DA:12,6
DA:17,6
DA:19,1
DA:20,1
DA:22,1
DA:30,2
DA:37,1
DA:38,1
DA:48,1
DA:49,1
DA:50,2
DA:51,6
DA:52,3
DA:61,1
DA:62,2
DA:65,1
DA:66,3
DA:69,1
DA:71,0
DA:72,0
DA:74,1
DA:82,6
DA:84,0
DA:85,0
DA:88,0
DA:97,0
DA:104,0
DA:115,0
DA:116,0
DA:117,0
DA:118,0
DA:119,0
DA:128,0
DA:129,0
DA:133,0
DA:134,0
DA:137,0
DA:139,0
DA:140,0
DA:142,0
DA:149,6
DA:151,1
DA:152,1
DA:153,1
DA:160,1
DA:161,1
DA:163,1
DA:165,0
DA:166,0
DA:168,1
DA:175,6
DA:176,0
DA:177,0
DA:179,0
DA:180,0
DA:182,0
DA:184,0
DA:185,0
DA:189,6
DA:191,0
DA:192,0
DA:194,0
DA:197,0
DA:203,0
DA:204,0
DA:205,0
DA:208,0
DA:211,0
DA:214,0
DA:220,0
DA:223,0
DA:224,0
DA:226,0
DA:230,6
DA:233,0
DA:234,0
DA:236,0
DA:237,0
DA:238,0
DA:240,0
DA:248,6
DA:250,1
DA:251,1
DA:252,1
DA:254,1
DA:261,1
DA:262,1
DA:263,1
DA:266,1
DA:275,2
DA:280,1
DA:282,1
DA:283,1
DA:286,1
DA:288,1
DA:290,0
DA:291,0
DA:293,1
DA:300,6
DA:302,1
DA:310,1
DA:312,1
DA:313,1
DA:314,1
DA:315,1
DA:317,1
DA:318,1
DA:319,1
DA:321,1
DA:327,1
DA:329,0
DA:330,0
DA:334,1
DA:337,1
DA:355,1
DA:358,1
DA:359,1
DA:367,1
DA:368,1
DA:370,0
DA:371,0
DA:372,0
DA:374,1
DA:381,6
DA:382,1
DA:383,1
DA:386,1
DA:387,1
DA:388,1
DA:389,1
DA:391,1
DA:392,1
DA:393,1
DA:395,1
DA:401,1
DA:403,0
DA:404,0
DA:408,1
DA:410,1
DA:411,1
DA:413,1
DA:435,1
DA:442,1
DA:443,1
DA:450,1
DA:452,0
DA:453,0
DA:455,1
DA:462,6
DA:464,2
DA:465,2
DA:466,2
DA:469,2
DA:470,1
DA:472,1
DA:474,1
DA:475,1
DA:476,1
DA:478,2
DA:485,6
DA:487,0
DA:488,0
DA:489,0
DA:492,0
DA:498,0
DA:503,0
DA:505,0
DA:506,0
DA:508,0
LF:172
LH:103
BRDA:32,0,0,1
BRDA:32,0,1,1
BRDA:62,1,0,2
BRDA:62,1,1,0
BRDA:66,2,0,3
BRDA:66,2,1,0
BRDA:74,3,0,1
BRDA:74,3,1,0
BRDA:99,4,0,0
BRDA:99,4,1,0
BRDA:129,5,0,0
BRDA:129,5,1,0
BRDA:134,6,0,0
BRDA:134,6,1,0
BRDA:142,7,0,0
BRDA:142,7,1,0
BRDA:161,8,0,1
BRDA:161,8,1,0
BRDA:161,9,0,1
BRDA:161,9,1,0
BRDA:163,10,0,1
BRDA:163,10,1,0
BRDA:168,11,0,1
BRDA:168,11,1,0
BRDA:177,12,0,0
BRDA:177,12,1,0
BRDA:204,13,0,0
BRDA:204,13,1,0
BRDA:226,14,0,0
BRDA:226,14,1,0
BRDA:234,15,0,0
BRDA:234,15,1,0
BRDA:261,16,0,1
BRDA:261,16,1,0
BRDA:262,17,0,1
BRDA:262,17,1,0
BRDA:282,18,0,1
BRDA:282,18,1,0
BRDA:293,19,0,1
BRDA:293,19,1,0
BRDA:313,20,0,1
BRDA:313,20,1,0
BRDA:313,21,0,1
BRDA:313,21,1,1
BRDA:327,22,0,1
BRDA:327,22,1,0
BRDA:347,23,0,1
BRDA:347,23,1,0
BRDA:370,24,0,0
BRDA:370,24,1,0
BRDA:374,25,0,1
BRDA:374,25,1,0
BRDA:387,26,0,1
BRDA:387,26,1,0
BRDA:387,27,0,1
BRDA:387,27,1,1
BRDA:401,28,0,1
BRDA:401,28,1,0
BRDA:408,29,0,0
BRDA:408,29,1,1
BRDA:455,30,0,1
BRDA:455,30,1,0
BRDA:475,31,0,1
BRDA:475,31,1,0
BRDA:478,32,0,2
BRDA:478,32,1,0
BRDA:508,33,0,0
BRDA:508,33,1,0
BRF:68
BRH:27
end_of_record
TN:
SF:src/controllers/productController.js
FN:15,(anonymous_0)
FN:25,(anonymous_1)
FN:47,(anonymous_2)
FN:73,(anonymous_3)
FN:104,(anonymous_4)
FN:139,(anonymous_5)
FNF:6
FNH:6
FNDA:1,(anonymous_0)
FNDA:1,(anonymous_1)
FNDA:1,(anonymous_2)
FNDA:1,(anonymous_3)
FNDA:1,(anonymous_4)
FNDA:2,(anonymous_5)
DA:10,6
DA:15,6
DA:17,1
DA:18,1
DA:19,1
DA:25,1
DA:34,1
DA:36,0
DA:37,0
DA:39,1
DA:47,6
DA:49,1
DA:50,1
DA:51,1
DA:57,1
DA:58,1
DA:59,0
DA:61,1
DA:63,0
DA:64,0
DA:66,1
DA:73,6
DA:74,1
DA:76,1
DA:77,1
DA:78,1
DA:92,1
DA:94,0
DA:95,0
DA:97,1
DA:104,6
DA:105,1
DA:107,1
DA:108,1
DA:109,1
DA:127,1
DA:129,0
DA:130,0
DA:132,1
DA:139,6
DA:141,2
DA:142,2
DA:143,2
DA:148,1
DA:150,1
DA:151,1
DA:152,1
DA:154,2
LF:48
LH:39
BRDA:39,0,0,1
BRDA:39,0,1,0
BRDA:58,1,0,0
BRDA:58,1,1,1
BRDA:66,2,0,1
BRDA:66,2,1,0
BRDA:97,3,0,1
BRDA:97,3,1,0
BRDA:132,4,0,1
BRDA:132,4,1,0
BRDA:151,5,0,1
BRDA:151,5,1,0
BRDA:154,6,0,2
BRDA:154,6,1,0
BRF:14
BRH:7
end_of_record
TN:
SF:src/controllers/servicesController.js
FN:15,deleteImageFile
FN:17,(anonymous_1)
FN:30,(anonymous_2)
FN:41,(anonymous_3)
FN:65,(anonymous_4)
FN:77,(anonymous_5)
FN:101,(anonymous_6)
FN:129,(anonymous_7)
FN:154,(anonymous_8)
FN:175,(anonymous_9)
FN:210,(anonymous_10)
FN:265,(anonymous_11)
FN:287,(anonymous_12)
FNF:13
FNH:5
FNDA:0,deleteImageFile
FNDA:0,(anonymous_1)
FNDA:2,(anonymous_2)
FNDA:2,(anonymous_3)
FNDA:0,(anonymous_4)
FNDA:0,(anonymous_5)
FNDA:2,(anonymous_6)
FNDA:1,(anonymous_7)
FNDA:2,(anonymous_8)
FNDA:0,(anonymous_9)
FNDA:0,(anonymous_10)
FNDA:0,(anonymous_11)
FNDA:0,(anonymous_12)
DA:9,6
DA:10,6
DA:12,6
DA:13,6
DA:16,0
DA:17,0
DA:18,0
DA:19,0
DA:21,0
DA:30,6
DA:32,2
DA:33,2
DA:34,1
DA:41,1
DA:42,2
DA:43,2
DA:53,1
DA:55,1
DA:56,1
DA:58,2
DA:65,6
DA:67,0
DA:68,0
DA:69,0
DA:77,0
DA:78,0
DA:79,0
DA:89,0
DA:91,0
DA:92,0
DA:94,0
DA:101,6
DA:103,2
DA:104,2
DA:105,2
DA:112,2
DA:113,2
DA:114,1
DA:117,2
DA:119,0
DA:120,0
DA:122,2
DA:129,6
DA:131,1
DA:132,1
DA:133,1
DA:135,1
DA:142,1
DA:143,1
DA:145,1
DA:154,2
DA:159,1
DA:160,1
DA:161,1
DA:163,1
DA:165,0
DA:166,0
DA:168,1
DA:175,6
DA:176,0
DA:178,0
DA:179,0
DA:181,0
DA:198,0
DA:200,0
DA:201,0
DA:203,0
DA:210,6
DA:211,0
DA:212,0
DA:215,0
DA:216,0
DA:218,0
DA:224,0
DA:225,0
DA:227,0
DA:246,0
DA:247,0
DA:248,0
DA:251,0
DA:253,0
DA:254,0
DA:256,0
DA:265,6
DA:267,0
DA:268,0
DA:270,0
DA:276,0
DA:278,0
DA:279,0
DA:280,0
DA:282,0
DA:287,6
DA:288,0
DA:289,0
DA:290,0
DA:292,0
DA:294,0
DA:296,0
DA:298,0
DA:299,0
LF:101
LH:43
BRDA:18,0,0,0
BRDA:18,0,1,0
BRDA:42,1,0,1
BRDA:42,1,1,1
BRDA:58,2,0,1
BRDA:58,2,1,1
BRDA:78,3,0,0
BRDA:78,3,1,0
BRDA:94,4,0,0
BRDA:94,4,1,0
BRDA:113,5,0,1
BRDA:113,5,1,1
BRDA:114,6,0,1
BRDA:114,6,1,0
BRDA:117,7,0,2
BRDA:117,7,1,1
BRDA:122,8,0,2
BRDA:122,8,1,0
BRDA:142,9,0,1
BRDA:142,9,1,0
BRDA:143,10,0,1
BRDA:143,10,1,0
BRDA:160,11,0,1
BRDA:160,11,1,0
BRDA:168,12,0,1
BRDA:168,12,1,0
BRDA:191,13,0,0
BRDA:191,13,1,0
BRDA:203,14,0,0
BRDA:203,14,1,0
BRDA:225,15,0,0
BRDA:225,15,1,0
BRDA:246,16,0,0
BRDA:246,16,1,0
BRDA:256,17,0,0
BRDA:256,17,1,0
BRDA:279,18,0,0
BRDA:279,18,1,0
BRDA:282,19,0,0
BRDA:282,19,1,0
BRDA:290,20,0,0
BRDA:290,20,1,0
BRF:42
BRH:14
end_of_record
TN:
SF:src/controllers/usersController.js
FN:22,(anonymous_0)
FN:64,(anonymous_1)
FN:86,(anonymous_2)
FN:114,(anonymous_3)
FN:135,(anonymous_4)
FN:156,(anonymous_5)
FN:189,(anonymous_6)
FN:226,(anonymous_7)
FN:274,(anonymous_8)
FN:296,(anonymous_9)
FN:347,(anonymous_10)
FNF:11
FNH:0
FNDA:0,(anonymous_0)
FNDA:0,(anonymous_1)
FNDA:0,(anonymous_2)
FNDA:0,(anonymous_3)
FNDA:0,(anonymous_4)
FNDA:0,(anonymous_5)
FNDA:0,(anonymous_6)
FNDA:0,(anonymous_7)
FNDA:0,(anonymous_8)
FNDA:0,(anonymous_9)
FNDA:0,(anonymous_10)
DA:13,6
DA:14,6
DA:15,6
DA:16,6
DA:17,6
DA:18,6
DA:19,6
DA:20,6
DA:22,6
DA:23,0
DA:24,0
DA:28,0
DA:29,0
DA:31,0
DA:37,0
DA:38,0
DA:39,0
DA:42,0
DA:43,0
DA:44,0
DA:48,0
DA:54,0
DA:56,0
DA:57,0
DA:59,0
DA:64,6
DA:66,0
DA:67,0
DA:68,0
DA:74,0
DA:76,0
DA:77,0
DA:79,0
DA:86,6
DA:88,0
DA:89,0
DA:90,0
DA:97,0
DA:98,0
DA:99,0
DA:102,0
DA:104,0
DA:105,0
DA:107,0
DA:114,6
DA:116,0
DA:117,0
DA:118,0
DA:123,0
DA:125,0
DA:126,0
DA:128,0
DA:135,6
DA:137,0
DA:138,0
DA:139,0
DA:144,0
DA:146,0
DA:147,0
DA:149,0
DA:156,6
DA:157,0
DA:159,0
DA:160,0
DA:161,0
DA:177,0
DA:179,0
DA:180,0
DA:182,0
DA:189,6
DA:190,0
DA:192,0
DA:193,0
DA:194,0
DA:214,0
DA:216,0
DA:217,0
DA:219,0
DA:226,6
DA:227,0
DA:228,0
DA:231,0
DA:232,0
DA:233,0
DA:234,0
DA:235,0
DA:238,0
DA:239,0
DA:240,0
DA:262,0
DA:264,0
DA:265,0
DA:267,0
DA:274,6
DA:276,0
DA:277,0
DA:278,0
DA:283,0
DA:285,0
DA:286,0
DA:288,0
DA:296,6
DA:297,0
DA:300,0
DA:301,0
DA:303,0
DA:308,0
DA:310,0
DA:311,0
DA:314,0
DA:316,0
DA:317,0
DA:320,0
DA:333,0
DA:335,0
DA:336,0
DA:338,0
DA:347,6
DA:348,0
DA:351,0
DA:352,0
DA:355,0
DA:361,0
DA:362,0
DA:365,0
DA:366,0
DA:369,0
DA:386,0
DA:389,0
DA:403,0
DA:405,0
DA:407,0
DA:408,0
DA:410,0
LF:134
LH:19
BRDA:16,0,0,6
BRDA:16,0,1,5
BRDA:38,1,0,0
BRDA:38,1,1,0
BRDA:43,2,0,0
BRDA:43,2,1,0
BRDA:59,3,0,0
BRDA:59,3,1,0
BRDA:79,4,0,0
BRDA:79,4,1,0
BRDA:97,5,0,0
BRDA:97,5,1,0
BRDA:98,6,0,0
BRDA:98,6,1,0
BRDA:107,7,0,0
BRDA:107,7,1,0
BRDA:123,8,0,0
BRDA:123,8,1,0
BRDA:128,9,0,0
BRDA:128,9,1,0
BRDA:144,10,0,0
BRDA:144,10,1,0
BRDA:149,11,0,0
BRDA:149,11,1,0
BRDA:182,12,0,0
BRDA:182,12,1,0
BRDA:219,13,0,0
BRDA:219,13,1,0
BRDA:227,14,0,0
BRDA:227,14,1,0
BRDA:227,15,0,0
BRDA:227,15,1,0
BRDA:233,16,0,0
BRDA:233,16,1,0
BRDA:267,17,0,0
BRDA:267,17,1,0
BRDA:288,18,0,0
BRDA:288,18,1,0
BRDA:310,19,0,0
BRDA:310,19,1,0
BRDA:316,20,0,0
BRDA:316,20,1,0
BRDA:338,21,0,0
BRDA:338,21,1,0
BRDA:361,22,0,0
BRDA:361,22,1,0
BRDA:410,23,0,0
BRDA:410,23,1,0
BRF:48
BRH:2
end_of_record
TN:
SF:src/controllers/zonesController.js
FN:17,deletePhysicalFile
FN:32,(anonymous_1)
FN:42,(anonymous_2)
FN:65,(anonymous_3)
FN:72,(anonymous_4)
FN:106,(anonymous_5)
FN:126,(anonymous_6)
FN:152,(anonymous_7)
FN:185,(anonymous_8)
FN:241,(anonymous_9)
FN:263,(anonymous_10)
FN:278,(anonymous_11)
FN:326,(anonymous_12)
FN:352,(anonymous_13)
FN:374,(anonymous_14)
FN:415,(anonymous_15)
FNF:16
FNH:5
FNDA:0,deletePhysicalFile
FNDA:1,(anonymous_1)
FNDA:1,(anonymous_2)
FNDA:0,(anonymous_3)
FNDA:0,(anonymous_4)
FNDA:0,(anonymous_5)
FNDA:0,(anonymous_6)
FNDA:2,(anonymous_7)
FNDA:1,(anonymous_8)
FNDA:3,(anonymous_9)
FNDA:0,(anonymous_10)
FNDA:0,(anonymous_11)
FNDA:0,(anonymous_12)
FNDA:0,(anonymous_13)
FNDA:0,(anonymous_14)
FNDA:0,(anonymous_15)
DA:9,6
DA:10,6
DA:11,6
DA:12,6
DA:15,6
DA:18,0
DA:19,0
DA:21,0
DA:22,0
DA:23,0
DA:25,0
DA:32,6
DA:34,1
DA:35,1
DA:36,1
DA:42,1
DA:43,1
DA:45,1
DA:53,1
DA:55,0
DA:56,0
DA:58,1
DA:65,6
DA:66,0
DA:68,0
DA:69,0
DA:72,0
DA:73,0
DA:74,0
DA:76,0
DA:79,0
DA:80,0
DA:82,0
DA:106,0
DA:107,0
DA:108,0
DA:114,0
DA:116,0
DA:117,0
DA:119,0
DA:126,6
DA:128,0
DA:129,0
DA:130,0
DA:137,0
DA:138,0
DA:139,0
DA:142,0
DA:143,0
DA:145,0
DA:152,6
DA:153,2
DA:155,2
DA:156,2
DA:158,2
DA:176,2
DA:178,0
DA:179,0
DA:181,2
DA:185,6
DA:186,1
DA:187,1
DA:190,1
DA:191,1
DA:193,1
DA:194,1
DA:195,1
DA:200,1
DA:203,1
DA:228,1
DA:231,0
DA:232,0
DA:234,1
DA:241,6
DA:243,3
DA:244,3
DA:245,3
DA:248,3
DA:251,2
DA:253,1
DA:255,2
DA:256,2
DA:257,1
DA:259,3
DA:263,6
DA:264,0
DA:265,0
DA:266,0
DA:268,0
DA:269,0
DA:270,0
DA:272,0
DA:273,0
DA:278,6
DA:280,0
DA:281,0
DA:282,0
DA:284,0
DA:285,0
DA:288,0
DA:289,0
DA:290,0
DA:292,0
DA:294,0
DA:306,0
DA:308,0
DA:315,0
DA:318,0
DA:319,0
DA:321,0
DA:326,6
DA:328,0
DA:329,0
DA:330,0
DA:332,0
DA:338,0
DA:339,0
DA:340,0
DA:343,0
DA:352,0
DA:357,0
DA:359,0
DA:360,0
DA:363,0
DA:365,0
DA:367,0
DA:368,0
DA:370,0
DA:374,6
DA:376,0
DA:377,0
DA:379,0
DA:382,0
DA:388,0
DA:389,0
DA:390,0
DA:393,0
DA:396,0
DA:399,0
DA:405,0
DA:408,0
DA:409,0
DA:411,0
DA:415,6
DA:417,0
DA:418,0
DA:420,0
DA:423,0
DA:429,0
DA:430,0
DA:433,0
DA:434,0
DA:437,0
DA:440,0
DA:441,0
DA:443,0
DA:446,0
DA:447,0
DA:449,0
LF:159
LH:51
BRDA:19,0,0,0
BRDA:19,0,1,0
BRDA:43,1,0,0
BRDA:43,1,1,1
BRDA:58,2,0,1
BRDA:58,2,1,0
BRDA:68,3,0,0
BRDA:68,3,1,0
BRDA:68,4,0,0
BRDA:68,4,1,0
BRDA:68,4,2,0
BRDA:72,5,0,0
BRDA:72,5,1,0
BRDA:107,6,0,0
BRDA:107,6,1,0
BRDA:119,7,0,0
BRDA:119,7,1,0
BRDA:138,8,0,0
BRDA:138,8,1,0
BRDA:138,9,0,0
BRDA:138,9,1,0
BRDA:139,10,0,0
BRDA:139,10,1,0
BRDA:145,11,0,0
BRDA:145,11,1,0
BRDA:170,12,0,2
BRDA:170,12,1,2
BRDA:171,13,0,2
BRDA:171,13,1,2
BRDA:181,14,0,2
BRDA:181,14,1,0
BRDA:194,15,0,1
BRDA:194,15,1,0
BRDA:194,16,0,1
BRDA:194,16,1,0
BRDA:200,17,0,1
BRDA:200,17,1,1
BRDA:234,18,0,1
BRDA:234,18,1,0
BRDA:256,19,0,2
BRDA:256,19,1,0
BRDA:259,20,0,3
BRDA:259,20,1,0
BRDA:265,21,0,0
BRDA:265,21,1,0
BRDA:284,22,0,0
BRDA:284,22,1,0
BRDA:321,23,0,0
BRDA:321,23,1,0
BRDA:338,24,0,0
BRDA:338,24,1,0
BRDA:339,25,0,0
BRDA:339,25,1,0
BRDA:359,26,0,0
BRDA:359,26,1,0
BRDA:370,27,0,0
BRDA:370,27,1,0
BRDA:389,28,0,0
BRDA:389,28,1,0
BRDA:411,29,0,0
BRDA:411,29,1,0
BRDA:429,30,0,0
BRDA:429,30,1,0
BRDA:449,31,0,0
BRDA:449,31,1,0
BRF:65
BRH:14
end_of_record
TN:
SF:src/middleware/verifyToken.js
FN:3,verifyToken
FNF:1
FNH:0
FNDA:0,verifyToken
DA:1,2
DA:4,0
DA:6,0
DA:7,0
DA:10,0
DA:12,0
DA:13,0
DA:14,0
DA:15,0
DA:16,0
DA:18,0
DA:19,0
DA:23,2
LF:13
LH:2
BRDA:6,0,0,0
BRDA:6,0,1,0
BRDA:6,1,0,0
BRDA:6,1,1,0
BRDA:13,2,0,0
BRDA:13,2,1,0
BRF:6
BRH:0
end_of_record
TN:
SF:src/routes/bookings.js
FNF:0
FNH:0
DA:1,6
DA:2,6
DA:3,6
DA:4,6
DA:6,6
DA:7,6
DA:8,6
DA:9,6
DA:10,6
DA:11,6
DA:12,6
DA:13,6
DA:14,6
DA:15,6
DA:16,6
DA:17,6
DA:18,6
DA:20,6
LF:18
LH:18
BRF:0
BRH:0
end_of_record
TN:
SF:src/routes/calendar.js
FNF:0
FNH:0
DA:1,6
DA:2,6
DA:3,6
DA:5,6
DA:7,6
LF:5
LH:5
BRF:0
BRH:0
end_of_record
TN:
SF:src/routes/chatbot.js
FNF:0
FNH:0
DA:1,6
DA:2,6
DA:3,6
DA:5,6
DA:7,6
LF:5
LH:5
BRF:0
BRH:0
end_of_record
TN:
SF:src/routes/dashboard.js
FNF:0
FNH:0
DA:2,6
DA:3,6
DA:4,6
DA:5,6
DA:6,6
DA:7,6
DA:8,6
DA:9,6
DA:12,6
LF:9
LH:9
BRF:0
BRH:0
end_of_record
TN:
SF:src/routes/emails.js
FNF:0
FNH:0
DA:1,6
DA:2,6
DA:3,6
DA:5,6
DA:6,6
DA:7,6
DA:8,6
DA:9,6
DA:11,6
LF:9
LH:9
BRF:0
BRH:0
end_of_record
TN:
SF:src/routes/equipment.js
FN:9,(anonymous_0)
FN:14,(anonymous_1)
FNF:2
FNH:0
FNDA:0,(anonymous_0)
FNDA:0,(anonymous_1)
DA:1,6
DA:2,6
DA:3,6
DA:4,6
DA:5,6
DA:6,6
DA:8,6
DA:10,0
DA:11,0
DA:12,0
DA:15,0
DA:16,0
DA:17,0
DA:21,6
DA:23,6
DA:24,6
DA:25,6
DA:26,6
DA:27,6
DA:28,6
DA:29,6
DA:30,6
DA:32,6
LF:23
LH:17
BRF:0
BRH:0
end_of_record
TN:
SF:src/routes/menus.js
FN:9,(anonymous_0)
FN:16,(anonymous_1)
FNF:2
FNH:0
FNDA:0,(anonymous_0)
FNDA:0,(anonymous_1)
DA:1,6
DA:2,6
DA:3,6
DA:4,6
DA:5,6
DA:6,6
DA:8,6
DA:10,0
DA:11,0
DA:12,0
DA:14,0
DA:17,0
DA:18,0
DA:19,0
DA:22,6
DA:24,6
DA:25,6
DA:26,6
DA:27,6
DA:28,6
DA:29,6
DA:30,6
DA:31,6
DA:32,6
DA:34,6
LF:25
LH:18
BRDA:11,0,0,0
BRDA:11,0,1,0
BRF:2
BRH:0
end_of_record
TN:
SF:src/routes/products.js
FNF:0
FNH:0
DA:1,6
DA:2,6
DA:3,6
DA:5,6
DA:6,6
DA:7,6
DA:8,6
DA:9,6
DA:11,6
LF:9
LH:9
BRF:0
BRH:0
end_of_record
TN:
SF:src/routes/services.js
FNF:0
FNH:0
DA:1,6
DA:2,6
DA:3,6
DA:4,6
DA:7,6
DA:8,6
DA:9,6
DA:10,6
DA:11,6
DA:12,6
DA:13,6
DA:14,6
DA:17,6
LF:13
LH:13
BRF:0
BRH:0
end_of_record
TN:
SF:src/routes/users.js
FN:10,(anonymous_0)
FN:17,(anonymous_1)
FNF:2
FNH:0
FNDA:0,(anonymous_0)
FNDA:0,(anonymous_1)
DA:1,6
DA:2,6
DA:3,6
DA:4,6
DA:5,6
DA:6,6
DA:7,6
DA:9,6
DA:11,0
DA:12,0
DA:13,0
DA:15,0
DA:18,0
DA:19,0
DA:20,0
DA:23,6
DA:26,6
DA:27,6
DA:28,6
DA:29,6
DA:30,6
DA:31,6
DA:32,6
DA:33,6
DA:34,6
DA:35,6
DA:36,6
DA:39,6
LF:28
LH:21
BRDA:12,0,0,0
BRDA:12,0,1,0
BRF:2
BRH:0
end_of_record
TN:
SF:src/routes/zones.js
FN:9,(anonymous_0)
FN:16,(anonymous_1)
FNF:2
FNH:0
FNDA:0,(anonymous_0)
FNDA:0,(anonymous_1)
DA:1,6
DA:2,6
DA:3,6
DA:4,6
DA:5,6
DA:6,6
DA:8,6
DA:10,0
DA:11,0
DA:12,0
DA:14,0
DA:17,0
DA:18,0
DA:19,0
DA:22,6
DA:24,6
DA:25,6
DA:26,6
DA:27,6
DA:28,6
DA:29,6
DA:31,6
DA:32,6
DA:33,6
DA:34,6
DA:37,6
DA:38,6
LF:27
LH:20
BRDA:11,0,0,0
BRDA:11,0,1,0
BRF:2
BRH:0
end_of_record
TN:
SF:src/utils/encryption.js
FN:6,encrypt
FN:14,decrypt
FNF:2
FNH:0
FNDA:0,encrypt
FNDA:0,decrypt
DA:1,2
DA:3,2
DA:4,2
DA:7,0
DA:8,0
DA:9,0
DA:10,0
DA:11,0
DA:15,0
DA:16,0
DA:17,0
DA:18,0
DA:19,0
DA:20,0
DA:21,0
DA:23,0
DA:24,0
DA:29,2
LF:18
LH:4
BRF:0
BRH:0
end_of_record
TN:
SF:src/utils/upload.js
FN:6,(anonymous_0)
FN:13,(anonymous_1)
FNF:2
FNH:0
FNDA:0,(anonymous_0)
FNDA:0,(anonymous_1)
DA:1,7
DA:2,7
DA:3,7
DA:5,7
DA:7,0
DA:8,0
DA:9,0
DA:11,0
DA:14,0
DA:15,0
DA:16,0
DA:19,7
DA:21,7
LF:13
LH:6
BRDA:8,0,0,0
BRDA:8,0,1,0
BRF:2
BRH:0
end_of_record
